2025-07-01 14:12:26.401 [log-1] INFO  com.csu.sms.service.impl.LogServiceImpl [] [] - 系统日志已保存到数据库 - 级别: INFO, 类型: OSS连接, 标题: 阿里云OSS连接成功
2025-07-01 14:12:27.182 [log-2] INFO  com.csu.sms.service.impl.LogServiceImpl [] [] - 系统日志已保存到数据库 - 级别: INFO, 类型: 系统启动, 标题: 学生管理系统启动成功
2025-07-01 14:13:04.961 [http-nio-8080-exec-4] INFO  com.csu.sms.aspect.LogAspect [] [] - 操作日志记录 - 模块: 知识库管理, 操作: 查询书籍列表, 用户: null, 状态: SUCCESS, 执行时间: 80ms
2025-07-01 14:13:04.992 [log-1] INFO  com.csu.sms.service.impl.LogServiceImpl [] [] - 操作日志已保存到数据库 - 模块: 知识库管理, 操作: 查询书籍列表, 用户: null
2025-07-01 14:20:13.148 [log-2] ERROR com.csu.sms.service.impl.LogServiceImpl [] [] - 保存系统日志失败
org.springframework.dao.RecoverableDataAccessException: 
### Error updating database.  Cause: com.mysql.cj.jdbc.exceptions.CommunicationsException: Communications link failure

The last packet successfully received from the server was 21 milliseconds ago. The last packet sent successfully to the server was 22 milliseconds ago.
### The error may exist in file [D:\大二下\华迪实训\student_system\target\classes\mappers\SystemLogMapper.xml]
### The error may involve com.csu.sms.persistence.SystemLogMapper.insert-Inline
### The error occurred while setting parameters
### SQL: INSERT INTO system_logs (             level, type, title, content, source, stack_trace, create_time         ) VALUES (             ?, ?, ?, ?, ?, ?, ?         )
### Cause: com.mysql.cj.jdbc.exceptions.CommunicationsException: Communications link failure

The last packet successfully received from the server was 21 milliseconds ago. The last packet sent successfully to the server was 22 milliseconds ago.
; Communications link failure

The last packet successfully received from the server was 21 milliseconds ago. The last packet sent successfully to the server was 22 milliseconds ago.
	at org.springframework.jdbc.support.SQLExceptionSubclassTranslator.doTranslate(SQLExceptionSubclassTranslator.java:110)
	at org.springframework.jdbc.support.AbstractFallbackSQLExceptionTranslator.translate(AbstractFallbackSQLExceptionTranslator.java:107)
	at org.springframework.jdbc.support.AbstractFallbackSQLExceptionTranslator.translate(AbstractFallbackSQLExceptionTranslator.java:116)
	at org.mybatis.spring.MyBatisExceptionTranslator.translateExceptionIfPossible(MyBatisExceptionTranslator.java:93)
	at org.mybatis.spring.SqlSessionTemplate$SqlSessionInterceptor.invoke(SqlSessionTemplate.java:347)
	at jdk.proxy2/jdk.proxy2.$Proxy86.insert(Unknown Source)
	at org.mybatis.spring.SqlSessionTemplate.insert(SqlSessionTemplate.java:224)
	at org.apache.ibatis.binding.MapperMethod.execute(MapperMethod.java:62)
	at org.apache.ibatis.binding.MapperProxy$PlainMethodInvoker.invoke(MapperProxy.java:141)
	at org.apache.ibatis.binding.MapperProxy.invoke(MapperProxy.java:86)
	at jdk.proxy2/jdk.proxy2.$Proxy88.insert(Unknown Source)
	at com.csu.sms.service.impl.LogServiceImpl.recordSystemLog(LogServiceImpl.java:55)
	at java.base/jdk.internal.reflect.DirectMethodHandleAccessor.invoke(DirectMethodHandleAccessor.java:103)
	at java.base/java.lang.reflect.Method.invoke(Method.java:580)
	at org.springframework.aop.support.AopUtils.invokeJoinpointUsingReflection(AopUtils.java:359)
	at org.springframework.aop.framework.ReflectiveMethodInvocation.invokeJoinpoint(ReflectiveMethodInvocation.java:196)
	at org.springframework.aop.framework.ReflectiveMethodInvocation.proceed(ReflectiveMethodInvocation.java:163)
	at org.springframework.aop.interceptor.AsyncExecutionInterceptor.lambda$invoke$0(AsyncExecutionInterceptor.java:114)
	at java.base/java.util.concurrent.FutureTask.run(FutureTask.java:317)
	at java.base/java.util.concurrent.ThreadPoolExecutor.runWorker(ThreadPoolExecutor.java:1144)
	at java.base/java.util.concurrent.ThreadPoolExecutor$Worker.run(ThreadPoolExecutor.java:642)
	at java.base/java.lang.Thread.run(Thread.java:1583)
Caused by: com.mysql.cj.jdbc.exceptions.CommunicationsException: Communications link failure

The last packet successfully received from the server was 21 milliseconds ago. The last packet sent successfully to the server was 22 milliseconds ago.
	at com.mysql.cj.jdbc.exceptions.SQLError.createCommunicationsException(SQLError.java:175)
	at com.mysql.cj.jdbc.exceptions.SQLExceptionsMapping.translateException(SQLExceptionsMapping.java:64)
	at com.mysql.cj.jdbc.ClientPreparedStatement.executeInternal(ClientPreparedStatement.java:916)
	at com.mysql.cj.jdbc.ClientPreparedStatement.execute(ClientPreparedStatement.java:354)
	at com.zaxxer.hikari.pool.ProxyPreparedStatement.execute(ProxyPreparedStatement.java:44)
	at com.zaxxer.hikari.pool.HikariProxyPreparedStatement.execute(HikariProxyPreparedStatement.java)
	at java.base/jdk.internal.reflect.DirectMethodHandleAccessor.invoke(DirectMethodHandleAccessor.java:103)
	at java.base/java.lang.reflect.Method.invoke(Method.java:580)
	at org.apache.ibatis.logging.jdbc.PreparedStatementLogger.invoke(PreparedStatementLogger.java:58)
	at jdk.proxy3/jdk.proxy3.$Proxy134.execute(Unknown Source)
	at org.apache.ibatis.executor.statement.PreparedStatementHandler.update(PreparedStatementHandler.java:48)
	at org.apache.ibatis.executor.statement.RoutingStatementHandler.update(RoutingStatementHandler.java:75)
	at org.apache.ibatis.executor.SimpleExecutor.doUpdate(SimpleExecutor.java:50)
	at org.apache.ibatis.executor.BaseExecutor.update(BaseExecutor.java:117)
	at org.apache.ibatis.executor.CachingExecutor.update(CachingExecutor.java:76)
	at java.base/jdk.internal.reflect.DirectMethodHandleAccessor.invoke(DirectMethodHandleAccessor.java:103)
	at java.base/java.lang.reflect.Method.invoke(Method.java:580)
	at org.apache.ibatis.plugin.Plugin.invoke(Plugin.java:61)
	at jdk.proxy2/jdk.proxy2.$Proxy147.update(Unknown Source)
	at org.apache.ibatis.session.defaults.DefaultSqlSession.update(DefaultSqlSession.java:197)
	at org.apache.ibatis.session.defaults.DefaultSqlSession.insert(DefaultSqlSession.java:184)
	at java.base/jdk.internal.reflect.DirectMethodHandleAccessor.invoke(DirectMethodHandleAccessor.java:103)
	at java.base/java.lang.reflect.Method.invoke(Method.java:580)
	at org.mybatis.spring.SqlSessionTemplate$SqlSessionInterceptor.invoke(SqlSessionTemplate.java:333)
	... 17 common frames omitted
Caused by: com.mysql.cj.exceptions.CJCommunicationsException: Communications link failure

The last packet successfully received from the server was 21 milliseconds ago. The last packet sent successfully to the server was 22 milliseconds ago.
	at java.base/jdk.internal.reflect.DirectConstructorHandleAccessor.newInstance(DirectConstructorHandleAccessor.java:62)
	at java.base/java.lang.reflect.Constructor.newInstanceWithCaller(Constructor.java:502)
	at java.base/java.lang.reflect.Constructor.newInstance(Constructor.java:486)
	at com.mysql.cj.exceptions.ExceptionFactory.createException(ExceptionFactory.java:62)
	at com.mysql.cj.exceptions.ExceptionFactory.createException(ExceptionFactory.java:105)
	at com.mysql.cj.exceptions.ExceptionFactory.createException(ExceptionFactory.java:150)
	at com.mysql.cj.exceptions.ExceptionFactory.createCommunicationsException(ExceptionFactory.java:166)
	at com.mysql.cj.protocol.a.NativeProtocol.readMessage(NativeProtocol.java:582)
	at com.mysql.cj.protocol.a.NativeProtocol.checkErrorMessage(NativeProtocol.java:762)
	at com.mysql.cj.protocol.a.NativeProtocol.sendCommand(NativeProtocol.java:701)
	at com.mysql.cj.protocol.a.NativeProtocol.sendQueryPacket(NativeProtocol.java:1052)
	at com.mysql.cj.NativeSession.execSQL(NativeSession.java:657)
	at com.mysql.cj.jdbc.ClientPreparedStatement.executeInternal(ClientPreparedStatement.java:893)
	... 38 common frames omitted
Caused by: java.net.SocketException: Socket closed
	at java.base/sun.nio.ch.NioSocketImpl.endRead(NioSocketImpl.java:243)
	at java.base/sun.nio.ch.NioSocketImpl.implRead(NioSocketImpl.java:323)
	at java.base/sun.nio.ch.NioSocketImpl.read(NioSocketImpl.java:346)
	at java.base/sun.nio.ch.NioSocketImpl$1.read(NioSocketImpl.java:796)
	at java.base/java.net.Socket$SocketInputStream.read(Socket.java:1099)
	at java.base/sun.security.ssl.SSLSocketInputRecord.read(SSLSocketInputRecord.java:489)
	at java.base/sun.security.ssl.SSLSocketInputRecord.readHeader(SSLSocketInputRecord.java:483)
	at java.base/sun.security.ssl.SSLSocketInputRecord.bytesInCompletePacket(SSLSocketInputRecord.java:70)
	at java.base/sun.security.ssl.SSLSocketImpl.readApplicationRecord(SSLSocketImpl.java:1461)
	at java.base/sun.security.ssl.SSLSocketImpl$AppInputStream.read(SSLSocketImpl.java:1066)
	at java.base/java.io.FilterInputStream.read(FilterInputStream.java:119)
	at com.mysql.cj.protocol.FullReadInputStream.readFully(FullReadInputStream.java:64)
	at com.mysql.cj.protocol.a.SimplePacketReader.readHeaderLocal(SimplePacketReader.java:81)
	at com.mysql.cj.protocol.a.SimplePacketReader.readHeader(SimplePacketReader.java:63)
	at com.mysql.cj.protocol.a.SimplePacketReader.readHeader(SimplePacketReader.java:45)
	at com.mysql.cj.protocol.a.TimeTrackingPacketReader.readHeader(TimeTrackingPacketReader.java:52)
	at com.mysql.cj.protocol.a.TimeTrackingPacketReader.readHeader(TimeTrackingPacketReader.java:41)
	at com.mysql.cj.protocol.a.MultiPacketReader.readHeader(MultiPacketReader.java:54)
	at com.mysql.cj.protocol.a.MultiPacketReader.readHeader(MultiPacketReader.java:44)
	at com.mysql.cj.protocol.a.NativeProtocol.readMessage(NativeProtocol.java:576)
	... 43 common frames omitted
2025-07-01 14:20:58.234 [log-1] INFO  com.csu.sms.service.impl.LogServiceImpl [] [] - 系统日志已保存到数据库 - 级别: INFO, 类型: OSS连接, 标题: 阿里云OSS连接成功
2025-07-01 14:20:58.966 [log-2] INFO  com.csu.sms.service.impl.LogServiceImpl [] [] - 系统日志已保存到数据库 - 级别: INFO, 类型: 系统启动, 标题: 学生管理系统启动成功
2025-07-01 14:25:58.348 [log-1] INFO  com.csu.sms.service.impl.LogServiceImpl [] [] - 系统日志已保存到数据库 - 级别: INFO, 类型: OSS连接, 标题: 阿里云OSS连接成功
2025-07-01 14:26:01.001 [log-2] INFO  com.csu.sms.service.impl.LogServiceImpl [] [] - 系统日志已保存到数据库 - 级别: INFO, 类型: 系统启动, 标题: 学生管理系统启动成功
2025-07-01 14:26:38.267 [http-nio-8080-exec-4] INFO  com.csu.sms.aspect.LogAspect [] [] - 操作日志记录 - 模块: 成绩管理, 操作: 查询考试记录, 用户: null, 状态: SUCCESS, 执行时间: 104ms
2025-07-01 14:26:38.327 [log-1] INFO  com.csu.sms.service.impl.LogServiceImpl [] [] - 操作日志已保存到数据库 - 模块: 成绩管理, 操作: 查询考试记录, 用户: null
2025-07-01 14:35:26.105 [log-1] INFO  com.csu.sms.service.impl.LogServiceImpl [] [] - 系统日志已保存到数据库 - 级别: INFO, 类型: OSS连接, 标题: 阿里云OSS连接成功
2025-07-01 14:35:27.871 [log-2] INFO  com.csu.sms.service.impl.LogServiceImpl [] [] - 系统日志已保存到数据库 - 级别: INFO, 类型: 系统启动, 标题: 学生管理系统启动成功
2025-07-01 17:12:45.510 [log-1] INFO  com.csu.sms.service.impl.LogServiceImpl [] [] - 系统日志已保存到数据库 - 级别: INFO, 类型: OSS连接, 标题: 阿里云OSS连接成功
2025-07-01 17:12:46.288 [log-2] INFO  com.csu.sms.service.impl.LogServiceImpl [] [] - 系统日志已保存到数据库 - 级别: INFO, 类型: 系统启动, 标题: 学生管理系统启动成功
2025-07-01 17:15:13.666 [log-1] INFO  com.csu.sms.service.impl.LogServiceImpl [] [] - 系统日志已保存到数据库 - 级别: INFO, 类型: OSS连接, 标题: 阿里云OSS连接成功
2025-07-01 17:15:14.487 [log-2] INFO  com.csu.sms.service.impl.LogServiceImpl [] [] - 系统日志已保存到数据库 - 级别: INFO, 类型: 系统启动, 标题: 学生管理系统启动成功
2025-07-01 17:20:50.786 [log-1] INFO  com.csu.sms.service.impl.LogServiceImpl [] [] - 系统日志已保存到数据库 - 级别: INFO, 类型: OSS连接, 标题: 阿里云OSS连接成功
2025-07-01 17:20:51.620 [log-2] INFO  com.csu.sms.service.impl.LogServiceImpl [] [] - 系统日志已保存到数据库 - 级别: INFO, 类型: 系统启动, 标题: 学生管理系统启动成功
2025-07-01 17:55:25.230 [log-1] INFO  com.csu.sms.service.impl.LogServiceImpl [] [] - 系统日志已保存到数据库 - 级别: ERROR, 类型: 系统异常, 标题: 系统异常
2025-07-01 18:00:44.368 [log-1] INFO  com.csu.sms.service.impl.LogServiceImpl [] [] - 系统日志已保存到数据库 - 级别: INFO, 类型: OSS连接, 标题: 阿里云OSS连接成功
2025-07-01 18:00:45.028 [log-2] INFO  com.csu.sms.service.impl.LogServiceImpl [] [] - 系统日志已保存到数据库 - 级别: INFO, 类型: 系统启动, 标题: 学生管理系统启动成功
2025-07-01 18:01:34.193 [log-1] INFO  com.csu.sms.service.impl.LogServiceImpl [] [] - 系统日志已保存到数据库 - 级别: ERROR, 类型: 系统异常, 标题: 系统异常
2025-07-01 18:07:22.628 [log-2] INFO  com.csu.sms.service.impl.LogServiceImpl [] [] - 系统日志已保存到数据库 - 级别: ERROR, 类型: 系统异常, 标题: 系统异常
2025-07-01 18:07:27.256 [log-1] INFO  com.csu.sms.service.impl.LogServiceImpl [] [] - 系统日志已保存到数据库 - 级别: ERROR, 类型: 系统异常, 标题: 系统异常
2025-07-01 18:09:18.514 [log-2] INFO  com.csu.sms.service.impl.LogServiceImpl [] [] - 系统日志已保存到数据库 - 级别: ERROR, 类型: 系统异常, 标题: 系统异常
2025-07-01 18:11:04.838 [log-1] INFO  com.csu.sms.service.impl.LogServiceImpl [] [] - 系统日志已保存到数据库 - 级别: ERROR, 类型: 系统异常, 标题: 系统异常
2025-07-01 18:11:10.093 [log-2] INFO  com.csu.sms.service.impl.LogServiceImpl [] [] - 系统日志已保存到数据库 - 级别: ERROR, 类型: 系统异常, 标题: 系统异常
2025-07-01 18:12:47.087 [log-1] INFO  com.csu.sms.service.impl.LogServiceImpl [] [] - 系统日志已保存到数据库 - 级别: ERROR, 类型: 系统异常, 标题: 系统异常
2025-07-01 18:12:54.150 [log-2] INFO  com.csu.sms.service.impl.LogServiceImpl [] [] - 系统日志已保存到数据库 - 级别: ERROR, 类型: 系统异常, 标题: 系统异常
2025-07-01 18:13:09.258 [log-1] INFO  com.csu.sms.service.impl.LogServiceImpl [] [] - 系统日志已保存到数据库 - 级别: ERROR, 类型: 系统异常, 标题: 系统异常
2025-07-01 18:18:58.102 [log-2] INFO  com.csu.sms.service.impl.LogServiceImpl [] [] - 系统日志已保存到数据库 - 级别: ERROR, 类型: 系统异常, 标题: 系统异常
2025-07-01 18:18:58.177 [log-1] INFO  com.csu.sms.service.impl.LogServiceImpl [] [] - 系统日志已保存到数据库 - 级别: ERROR, 类型: 系统异常, 标题: 系统异常
2025-07-01 18:19:03.195 [log-2] INFO  com.csu.sms.service.impl.LogServiceImpl [] [] - 系统日志已保存到数据库 - 级别: ERROR, 类型: 系统异常, 标题: 系统异常
2025-07-01 18:23:20.769 [log-1] INFO  com.csu.sms.service.impl.LogServiceImpl [] [] - 系统日志已保存到数据库 - 级别: INFO, 类型: OSS连接, 标题: 阿里云OSS连接关闭
2025-07-01 18:23:40.258 [log-1] INFO  com.csu.sms.service.impl.LogServiceImpl [] [] - 系统日志已保存到数据库 - 级别: INFO, 类型: OSS连接, 标题: 阿里云OSS连接成功
2025-07-01 18:23:40.800 [log-2] INFO  com.csu.sms.service.impl.LogServiceImpl [] [] - 系统日志已保存到数据库 - 级别: INFO, 类型: 系统启动, 标题: 学生管理系统启动成功
2025-07-01 18:23:57.370 [log-1] INFO  com.csu.sms.service.impl.LogServiceImpl [] [] - 系统日志已保存到数据库 - 级别: ERROR, 类型: 系统异常, 标题: 系统异常
2025-07-01 18:31:18.229 [log-1] INFO  com.csu.sms.service.impl.LogServiceImpl [] [] - 系统日志已保存到数据库 - 级别: INFO, 类型: OSS连接, 标题: 阿里云OSS连接成功
2025-07-01 18:31:18.963 [log-2] INFO  com.csu.sms.service.impl.LogServiceImpl [] [] - 系统日志已保存到数据库 - 级别: INFO, 类型: 系统启动, 标题: 学生管理系统启动成功
2025-07-01 18:31:34.363 [log-1] INFO  com.csu.sms.service.impl.LogServiceImpl [] [] - 系统日志已保存到数据库 - 级别: ERROR, 类型: 系统异常, 标题: 系统异常
2025-07-01 18:31:51.659 [log-2] INFO  com.csu.sms.service.impl.LogServiceImpl [] [] - 系统日志已保存到数据库 - 级别: ERROR, 类型: 系统异常, 标题: 系统异常
2025-07-01 18:32:19.329 [log-1] INFO  com.csu.sms.service.impl.LogServiceImpl [] [] - 系统日志已保存到数据库 - 级别: ERROR, 类型: 系统异常, 标题: 系统异常
2025-07-01 18:32:25.498 [log-2] INFO  com.csu.sms.service.impl.LogServiceImpl [] [] - 系统日志已保存到数据库 - 级别: INFO, 类型: OSS连接, 标题: 阿里云OSS连接关闭
