2025-07-02 08:37:07.126 [log-1] ERROR com.csu.sms.service.impl.LogServiceImpl [] [] - 保存系统日志失败
org.springframework.dao.RecoverableDataAccessException: 
### Error updating database.  Cause: com.mysql.cj.jdbc.exceptions.CommunicationsException: Communications link failure

The last packet successfully received from the server was 5,746 milliseconds ago. The last packet sent successfully to the server was 5,747 milliseconds ago.
### The error may exist in file [D:\大二下\华迪实训\student_system\target\classes\mappers\SystemLogMapper.xml]
### The error may involve com.csu.sms.persistence.SystemLogMapper.insert-Inline
### The error occurred while setting parameters
### SQL: INSERT INTO system_logs (             level, type, title, content, source, stack_trace, create_time         ) VALUES (             ?, ?, ?, ?, ?, ?, ?         )
### Cause: com.mysql.cj.jdbc.exceptions.CommunicationsException: Communications link failure

The last packet successfully received from the server was 5,746 milliseconds ago. The last packet sent successfully to the server was 5,747 milliseconds ago.
; Communications link failure

The last packet successfully received from the server was 5,746 milliseconds ago. The last packet sent successfully to the server was 5,747 milliseconds ago.
	at org.springframework.jdbc.support.SQLExceptionSubclassTranslator.doTranslate(SQLExceptionSubclassTranslator.java:110)
	at org.springframework.jdbc.support.AbstractFallbackSQLExceptionTranslator.translate(AbstractFallbackSQLExceptionTranslator.java:107)
	at org.springframework.jdbc.support.AbstractFallbackSQLExceptionTranslator.translate(AbstractFallbackSQLExceptionTranslator.java:116)
	at org.mybatis.spring.MyBatisExceptionTranslator.translateExceptionIfPossible(MyBatisExceptionTranslator.java:93)
	at org.mybatis.spring.SqlSessionTemplate$SqlSessionInterceptor.invoke(SqlSessionTemplate.java:347)
	at jdk.proxy2/jdk.proxy2.$Proxy86.insert(Unknown Source)
	at org.mybatis.spring.SqlSessionTemplate.insert(SqlSessionTemplate.java:224)
	at org.apache.ibatis.binding.MapperMethod.execute(MapperMethod.java:62)
	at org.apache.ibatis.binding.MapperProxy$PlainMethodInvoker.invoke(MapperProxy.java:141)
	at org.apache.ibatis.binding.MapperProxy.invoke(MapperProxy.java:86)
	at jdk.proxy2/jdk.proxy2.$Proxy88.insert(Unknown Source)
	at com.csu.sms.service.impl.LogServiceImpl.recordSystemLog(LogServiceImpl.java:56)
	at java.base/jdk.internal.reflect.DirectMethodHandleAccessor.invoke(DirectMethodHandleAccessor.java:103)
	at java.base/java.lang.reflect.Method.invoke(Method.java:580)
	at org.springframework.aop.support.AopUtils.invokeJoinpointUsingReflection(AopUtils.java:359)
	at org.springframework.aop.framework.ReflectiveMethodInvocation.invokeJoinpoint(ReflectiveMethodInvocation.java:196)
	at org.springframework.aop.framework.ReflectiveMethodInvocation.proceed(ReflectiveMethodInvocation.java:163)
	at org.springframework.aop.interceptor.AsyncExecutionInterceptor.lambda$invoke$0(AsyncExecutionInterceptor.java:114)
	at java.base/java.util.concurrent.FutureTask.run(FutureTask.java:317)
	at java.base/java.util.concurrent.ThreadPoolExecutor.runWorker(ThreadPoolExecutor.java:1144)
	at java.base/java.util.concurrent.ThreadPoolExecutor$Worker.run(ThreadPoolExecutor.java:642)
	at java.base/java.lang.Thread.run(Thread.java:1583)
Caused by: com.mysql.cj.jdbc.exceptions.CommunicationsException: Communications link failure

The last packet successfully received from the server was 5,746 milliseconds ago. The last packet sent successfully to the server was 5,747 milliseconds ago.
	at com.mysql.cj.jdbc.exceptions.SQLError.createCommunicationsException(SQLError.java:175)
	at com.mysql.cj.jdbc.exceptions.SQLExceptionsMapping.translateException(SQLExceptionsMapping.java:64)
	at com.mysql.cj.jdbc.ClientPreparedStatement.executeInternal(ClientPreparedStatement.java:916)
	at com.mysql.cj.jdbc.ClientPreparedStatement.execute(ClientPreparedStatement.java:354)
	at com.zaxxer.hikari.pool.ProxyPreparedStatement.execute(ProxyPreparedStatement.java:44)
	at com.zaxxer.hikari.pool.HikariProxyPreparedStatement.execute(HikariProxyPreparedStatement.java)
	at java.base/jdk.internal.reflect.DirectMethodHandleAccessor.invoke(DirectMethodHandleAccessor.java:103)
	at java.base/java.lang.reflect.Method.invoke(Method.java:580)
	at org.apache.ibatis.logging.jdbc.PreparedStatementLogger.invoke(PreparedStatementLogger.java:58)
	at jdk.proxy3/jdk.proxy3.$Proxy139.execute(Unknown Source)
	at org.apache.ibatis.executor.statement.PreparedStatementHandler.update(PreparedStatementHandler.java:48)
	at org.apache.ibatis.executor.statement.RoutingStatementHandler.update(RoutingStatementHandler.java:75)
	at org.apache.ibatis.executor.SimpleExecutor.doUpdate(SimpleExecutor.java:50)
	at org.apache.ibatis.executor.BaseExecutor.update(BaseExecutor.java:117)
	at org.apache.ibatis.executor.CachingExecutor.update(CachingExecutor.java:76)
	at org.apache.ibatis.session.defaults.DefaultSqlSession.update(DefaultSqlSession.java:197)
	at org.apache.ibatis.session.defaults.DefaultSqlSession.insert(DefaultSqlSession.java:184)
	at java.base/jdk.internal.reflect.DirectMethodHandleAccessor.invoke(DirectMethodHandleAccessor.java:103)
	at java.base/java.lang.reflect.Method.invoke(Method.java:580)
	at org.mybatis.spring.SqlSessionTemplate$SqlSessionInterceptor.invoke(SqlSessionTemplate.java:333)
	... 17 common frames omitted
Caused by: com.mysql.cj.exceptions.CJCommunicationsException: Communications link failure

The last packet successfully received from the server was 5,746 milliseconds ago. The last packet sent successfully to the server was 5,747 milliseconds ago.
	at java.base/jdk.internal.reflect.DirectConstructorHandleAccessor.newInstance(DirectConstructorHandleAccessor.java:62)
	at java.base/java.lang.reflect.Constructor.newInstanceWithCaller(Constructor.java:502)
	at java.base/java.lang.reflect.Constructor.newInstance(Constructor.java:486)
	at com.mysql.cj.exceptions.ExceptionFactory.createException(ExceptionFactory.java:62)
	at com.mysql.cj.exceptions.ExceptionFactory.createException(ExceptionFactory.java:105)
	at com.mysql.cj.exceptions.ExceptionFactory.createException(ExceptionFactory.java:150)
	at com.mysql.cj.exceptions.ExceptionFactory.createCommunicationsException(ExceptionFactory.java:166)
	at com.mysql.cj.protocol.a.NativeProtocol.readMessage(NativeProtocol.java:582)
	at com.mysql.cj.protocol.a.NativeProtocol.checkErrorMessage(NativeProtocol.java:762)
	at com.mysql.cj.protocol.a.NativeProtocol.sendCommand(NativeProtocol.java:701)
	at com.mysql.cj.protocol.a.NativeProtocol.sendQueryPacket(NativeProtocol.java:1052)
	at com.mysql.cj.NativeSession.execSQL(NativeSession.java:657)
	at com.mysql.cj.jdbc.ClientPreparedStatement.executeInternal(ClientPreparedStatement.java:893)
	... 34 common frames omitted
Caused by: java.net.SocketException: Connection reset
	at java.base/sun.nio.ch.NioSocketImpl.implRead(NioSocketImpl.java:318)
	at java.base/sun.nio.ch.NioSocketImpl.read(NioSocketImpl.java:346)
	at java.base/sun.nio.ch.NioSocketImpl$1.read(NioSocketImpl.java:796)
	at java.base/java.net.Socket$SocketInputStream.read(Socket.java:1099)
	at java.base/sun.security.ssl.SSLSocketInputRecord.read(SSLSocketInputRecord.java:489)
	at java.base/sun.security.ssl.SSLSocketInputRecord.readHeader(SSLSocketInputRecord.java:483)
	at java.base/sun.security.ssl.SSLSocketInputRecord.bytesInCompletePacket(SSLSocketInputRecord.java:70)
	at java.base/sun.security.ssl.SSLSocketImpl.readApplicationRecord(SSLSocketImpl.java:1461)
	at java.base/sun.security.ssl.SSLSocketImpl$AppInputStream.read(SSLSocketImpl.java:1066)
	at java.base/java.io.FilterInputStream.read(FilterInputStream.java:119)
	at com.mysql.cj.protocol.FullReadInputStream.readFully(FullReadInputStream.java:64)
	at com.mysql.cj.protocol.a.SimplePacketReader.readHeaderLocal(SimplePacketReader.java:81)
	at com.mysql.cj.protocol.a.SimplePacketReader.readHeader(SimplePacketReader.java:63)
	at com.mysql.cj.protocol.a.SimplePacketReader.readHeader(SimplePacketReader.java:45)
	at com.mysql.cj.protocol.a.TimeTrackingPacketReader.readHeader(TimeTrackingPacketReader.java:52)
	at com.mysql.cj.protocol.a.TimeTrackingPacketReader.readHeader(TimeTrackingPacketReader.java:41)
	at com.mysql.cj.protocol.a.MultiPacketReader.readHeader(MultiPacketReader.java:54)
	at com.mysql.cj.protocol.a.MultiPacketReader.readHeader(MultiPacketReader.java:44)
	at com.mysql.cj.protocol.a.NativeProtocol.readMessage(NativeProtocol.java:576)
	... 39 common frames omitted
2025-07-02 08:37:07.126 [log-2] ERROR com.csu.sms.service.impl.LogServiceImpl [] [] - 保存系统日志失败
org.springframework.dao.RecoverableDataAccessException: 
### Error updating database.  Cause: com.mysql.cj.jdbc.exceptions.CommunicationsException: Communications link failure

The last packet successfully received from the server was 4,979 milliseconds ago. The last packet sent successfully to the server was 4,979 milliseconds ago.
### The error may exist in file [D:\大二下\华迪实训\student_system\target\classes\mappers\SystemLogMapper.xml]
### The error may involve com.csu.sms.persistence.SystemLogMapper.insert-Inline
### The error occurred while setting parameters
### SQL: INSERT INTO system_logs (             level, type, title, content, source, stack_trace, create_time         ) VALUES (             ?, ?, ?, ?, ?, ?, ?         )
### Cause: com.mysql.cj.jdbc.exceptions.CommunicationsException: Communications link failure

The last packet successfully received from the server was 4,979 milliseconds ago. The last packet sent successfully to the server was 4,979 milliseconds ago.
; Communications link failure

The last packet successfully received from the server was 4,979 milliseconds ago. The last packet sent successfully to the server was 4,979 milliseconds ago.
	at org.springframework.jdbc.support.SQLExceptionSubclassTranslator.doTranslate(SQLExceptionSubclassTranslator.java:110)
	at org.springframework.jdbc.support.AbstractFallbackSQLExceptionTranslator.translate(AbstractFallbackSQLExceptionTranslator.java:107)
	at org.springframework.jdbc.support.AbstractFallbackSQLExceptionTranslator.translate(AbstractFallbackSQLExceptionTranslator.java:116)
	at org.mybatis.spring.MyBatisExceptionTranslator.translateExceptionIfPossible(MyBatisExceptionTranslator.java:93)
	at org.mybatis.spring.SqlSessionTemplate$SqlSessionInterceptor.invoke(SqlSessionTemplate.java:347)
	at jdk.proxy2/jdk.proxy2.$Proxy86.insert(Unknown Source)
	at org.mybatis.spring.SqlSessionTemplate.insert(SqlSessionTemplate.java:224)
	at org.apache.ibatis.binding.MapperMethod.execute(MapperMethod.java:62)
	at org.apache.ibatis.binding.MapperProxy$PlainMethodInvoker.invoke(MapperProxy.java:141)
	at org.apache.ibatis.binding.MapperProxy.invoke(MapperProxy.java:86)
	at jdk.proxy2/jdk.proxy2.$Proxy88.insert(Unknown Source)
	at com.csu.sms.service.impl.LogServiceImpl.recordSystemLog(LogServiceImpl.java:56)
	at java.base/jdk.internal.reflect.DirectMethodHandleAccessor.invoke(DirectMethodHandleAccessor.java:103)
	at java.base/java.lang.reflect.Method.invoke(Method.java:580)
	at org.springframework.aop.support.AopUtils.invokeJoinpointUsingReflection(AopUtils.java:359)
	at org.springframework.aop.framework.ReflectiveMethodInvocation.invokeJoinpoint(ReflectiveMethodInvocation.java:196)
	at org.springframework.aop.framework.ReflectiveMethodInvocation.proceed(ReflectiveMethodInvocation.java:163)
	at org.springframework.aop.interceptor.AsyncExecutionInterceptor.lambda$invoke$0(AsyncExecutionInterceptor.java:114)
	at java.base/java.util.concurrent.FutureTask.run(FutureTask.java:317)
	at java.base/java.util.concurrent.ThreadPoolExecutor.runWorker(ThreadPoolExecutor.java:1144)
	at java.base/java.util.concurrent.ThreadPoolExecutor$Worker.run(ThreadPoolExecutor.java:642)
	at java.base/java.lang.Thread.run(Thread.java:1583)
Caused by: com.mysql.cj.jdbc.exceptions.CommunicationsException: Communications link failure

The last packet successfully received from the server was 4,979 milliseconds ago. The last packet sent successfully to the server was 4,979 milliseconds ago.
	at com.mysql.cj.jdbc.exceptions.SQLError.createCommunicationsException(SQLError.java:175)
	at com.mysql.cj.jdbc.exceptions.SQLExceptionsMapping.translateException(SQLExceptionsMapping.java:64)
	at com.mysql.cj.jdbc.ClientPreparedStatement.executeInternal(ClientPreparedStatement.java:916)
	at com.mysql.cj.jdbc.ClientPreparedStatement.execute(ClientPreparedStatement.java:354)
	at com.zaxxer.hikari.pool.ProxyPreparedStatement.execute(ProxyPreparedStatement.java:44)
	at com.zaxxer.hikari.pool.HikariProxyPreparedStatement.execute(HikariProxyPreparedStatement.java)
	at java.base/jdk.internal.reflect.DirectMethodHandleAccessor.invoke(DirectMethodHandleAccessor.java:103)
	at java.base/java.lang.reflect.Method.invoke(Method.java:580)
	at org.apache.ibatis.logging.jdbc.PreparedStatementLogger.invoke(PreparedStatementLogger.java:58)
	at jdk.proxy3/jdk.proxy3.$Proxy139.execute(Unknown Source)
	at org.apache.ibatis.executor.statement.PreparedStatementHandler.update(PreparedStatementHandler.java:48)
	at org.apache.ibatis.executor.statement.RoutingStatementHandler.update(RoutingStatementHandler.java:75)
	at org.apache.ibatis.executor.SimpleExecutor.doUpdate(SimpleExecutor.java:50)
	at org.apache.ibatis.executor.BaseExecutor.update(BaseExecutor.java:117)
	at org.apache.ibatis.executor.CachingExecutor.update(CachingExecutor.java:76)
	at java.base/jdk.internal.reflect.DirectMethodHandleAccessor.invoke(DirectMethodHandleAccessor.java:103)
	at java.base/java.lang.reflect.Method.invoke(Method.java:580)
	at org.apache.ibatis.plugin.Plugin.invoke(Plugin.java:61)
	at jdk.proxy2/jdk.proxy2.$Proxy147.update(Unknown Source)
	at org.apache.ibatis.session.defaults.DefaultSqlSession.update(DefaultSqlSession.java:197)
	at org.apache.ibatis.session.defaults.DefaultSqlSession.insert(DefaultSqlSession.java:184)
	at java.base/jdk.internal.reflect.DirectMethodHandleAccessor.invoke(DirectMethodHandleAccessor.java:103)
	at java.base/java.lang.reflect.Method.invoke(Method.java:580)
	at org.mybatis.spring.SqlSessionTemplate$SqlSessionInterceptor.invoke(SqlSessionTemplate.java:333)
	... 17 common frames omitted
Caused by: com.mysql.cj.exceptions.CJCommunicationsException: Communications link failure

The last packet successfully received from the server was 4,979 milliseconds ago. The last packet sent successfully to the server was 4,979 milliseconds ago.
	at java.base/jdk.internal.reflect.DirectConstructorHandleAccessor.newInstance(DirectConstructorHandleAccessor.java:62)
	at java.base/java.lang.reflect.Constructor.newInstanceWithCaller(Constructor.java:502)
	at java.base/java.lang.reflect.Constructor.newInstance(Constructor.java:486)
	at com.mysql.cj.exceptions.ExceptionFactory.createException(ExceptionFactory.java:62)
	at com.mysql.cj.exceptions.ExceptionFactory.createException(ExceptionFactory.java:105)
	at com.mysql.cj.exceptions.ExceptionFactory.createException(ExceptionFactory.java:150)
	at com.mysql.cj.exceptions.ExceptionFactory.createCommunicationsException(ExceptionFactory.java:166)
	at com.mysql.cj.protocol.a.NativeProtocol.readMessage(NativeProtocol.java:582)
	at com.mysql.cj.protocol.a.NativeProtocol.checkErrorMessage(NativeProtocol.java:762)
	at com.mysql.cj.protocol.a.NativeProtocol.sendCommand(NativeProtocol.java:701)
	at com.mysql.cj.protocol.a.NativeProtocol.sendQueryPacket(NativeProtocol.java:1052)
	at com.mysql.cj.NativeSession.execSQL(NativeSession.java:657)
	at com.mysql.cj.jdbc.ClientPreparedStatement.executeInternal(ClientPreparedStatement.java:893)
	... 38 common frames omitted
Caused by: java.net.SocketException: Connection reset
	at java.base/sun.nio.ch.NioSocketImpl.implRead(NioSocketImpl.java:318)
	at java.base/sun.nio.ch.NioSocketImpl.read(NioSocketImpl.java:346)
	at java.base/sun.nio.ch.NioSocketImpl$1.read(NioSocketImpl.java:796)
	at java.base/java.net.Socket$SocketInputStream.read(Socket.java:1099)
	at java.base/sun.security.ssl.SSLSocketInputRecord.read(SSLSocketInputRecord.java:489)
	at java.base/sun.security.ssl.SSLSocketInputRecord.readHeader(SSLSocketInputRecord.java:483)
	at java.base/sun.security.ssl.SSLSocketInputRecord.bytesInCompletePacket(SSLSocketInputRecord.java:70)
	at java.base/sun.security.ssl.SSLSocketImpl.readApplicationRecord(SSLSocketImpl.java:1461)
	at java.base/sun.security.ssl.SSLSocketImpl$AppInputStream.read(SSLSocketImpl.java:1066)
	at java.base/java.io.FilterInputStream.read(FilterInputStream.java:119)
	at com.mysql.cj.protocol.FullReadInputStream.readFully(FullReadInputStream.java:64)
	at com.mysql.cj.protocol.a.SimplePacketReader.readHeaderLocal(SimplePacketReader.java:81)
	at com.mysql.cj.protocol.a.SimplePacketReader.readHeader(SimplePacketReader.java:63)
	at com.mysql.cj.protocol.a.SimplePacketReader.readHeader(SimplePacketReader.java:45)
	at com.mysql.cj.protocol.a.TimeTrackingPacketReader.readHeader(TimeTrackingPacketReader.java:52)
	at com.mysql.cj.protocol.a.TimeTrackingPacketReader.readHeader(TimeTrackingPacketReader.java:41)
	at com.mysql.cj.protocol.a.MultiPacketReader.readHeader(MultiPacketReader.java:54)
	at com.mysql.cj.protocol.a.MultiPacketReader.readHeader(MultiPacketReader.java:44)
	at com.mysql.cj.protocol.a.NativeProtocol.readMessage(NativeProtocol.java:576)
	... 43 common frames omitted
2025-07-02 08:37:44.639 [log-1] ERROR com.csu.sms.service.impl.LogServiceImpl [] [] - 保存系统日志失败
org.springframework.dao.RecoverableDataAccessException: 
### Error updating database.  Cause: com.mysql.cj.jdbc.exceptions.CommunicationsException: Communications link failure

The last packet successfully received from the server was 17 milliseconds ago. The last packet sent successfully to the server was 17 milliseconds ago.
### The error may exist in file [D:\大二下\华迪实训\student_system\target\classes\mappers\SystemLogMapper.xml]
### The error may involve com.csu.sms.persistence.SystemLogMapper.insert-Inline
### The error occurred while setting parameters
### SQL: INSERT INTO system_logs (             level, type, title, content, source, stack_trace, create_time         ) VALUES (             ?, ?, ?, ?, ?, ?, ?         )
### Cause: com.mysql.cj.jdbc.exceptions.CommunicationsException: Communications link failure

The last packet successfully received from the server was 17 milliseconds ago. The last packet sent successfully to the server was 17 milliseconds ago.
; Communications link failure

The last packet successfully received from the server was 17 milliseconds ago. The last packet sent successfully to the server was 17 milliseconds ago.
	at org.springframework.jdbc.support.SQLExceptionSubclassTranslator.doTranslate(SQLExceptionSubclassTranslator.java:110)
	at org.springframework.jdbc.support.AbstractFallbackSQLExceptionTranslator.translate(AbstractFallbackSQLExceptionTranslator.java:107)
	at org.springframework.jdbc.support.AbstractFallbackSQLExceptionTranslator.translate(AbstractFallbackSQLExceptionTranslator.java:116)
	at org.mybatis.spring.MyBatisExceptionTranslator.translateExceptionIfPossible(MyBatisExceptionTranslator.java:93)
	at org.mybatis.spring.SqlSessionTemplate$SqlSessionInterceptor.invoke(SqlSessionTemplate.java:347)
	at jdk.proxy2/jdk.proxy2.$Proxy86.insert(Unknown Source)
	at org.mybatis.spring.SqlSessionTemplate.insert(SqlSessionTemplate.java:224)
	at org.apache.ibatis.binding.MapperMethod.execute(MapperMethod.java:62)
	at org.apache.ibatis.binding.MapperProxy$PlainMethodInvoker.invoke(MapperProxy.java:141)
	at org.apache.ibatis.binding.MapperProxy.invoke(MapperProxy.java:86)
	at jdk.proxy2/jdk.proxy2.$Proxy88.insert(Unknown Source)
	at com.csu.sms.service.impl.LogServiceImpl.recordSystemLog(LogServiceImpl.java:56)
	at java.base/jdk.internal.reflect.DirectMethodHandleAccessor.invoke(DirectMethodHandleAccessor.java:103)
	at java.base/java.lang.reflect.Method.invoke(Method.java:580)
	at org.springframework.aop.support.AopUtils.invokeJoinpointUsingReflection(AopUtils.java:359)
	at org.springframework.aop.framework.ReflectiveMethodInvocation.invokeJoinpoint(ReflectiveMethodInvocation.java:196)
	at org.springframework.aop.framework.ReflectiveMethodInvocation.proceed(ReflectiveMethodInvocation.java:163)
	at org.springframework.aop.interceptor.AsyncExecutionInterceptor.lambda$invoke$0(AsyncExecutionInterceptor.java:114)
	at java.base/java.util.concurrent.FutureTask.run(FutureTask.java:317)
	at java.base/java.util.concurrent.ThreadPoolExecutor.runWorker(ThreadPoolExecutor.java:1144)
	at java.base/java.util.concurrent.ThreadPoolExecutor$Worker.run(ThreadPoolExecutor.java:642)
	at java.base/java.lang.Thread.run(Thread.java:1583)
Caused by: com.mysql.cj.jdbc.exceptions.CommunicationsException: Communications link failure

The last packet successfully received from the server was 17 milliseconds ago. The last packet sent successfully to the server was 17 milliseconds ago.
	at com.mysql.cj.jdbc.exceptions.SQLError.createCommunicationsException(SQLError.java:175)
	at com.mysql.cj.jdbc.exceptions.SQLExceptionsMapping.translateException(SQLExceptionsMapping.java:64)
	at com.mysql.cj.jdbc.ClientPreparedStatement.executeInternal(ClientPreparedStatement.java:916)
	at com.mysql.cj.jdbc.ClientPreparedStatement.execute(ClientPreparedStatement.java:354)
	at com.zaxxer.hikari.pool.ProxyPreparedStatement.execute(ProxyPreparedStatement.java:44)
	at com.zaxxer.hikari.pool.HikariProxyPreparedStatement.execute(HikariProxyPreparedStatement.java)
	at java.base/jdk.internal.reflect.DirectMethodHandleAccessor.invoke(DirectMethodHandleAccessor.java:103)
	at java.base/java.lang.reflect.Method.invoke(Method.java:580)
	at org.apache.ibatis.logging.jdbc.PreparedStatementLogger.invoke(PreparedStatementLogger.java:58)
	at jdk.proxy3/jdk.proxy3.$Proxy139.execute(Unknown Source)
	at org.apache.ibatis.executor.statement.PreparedStatementHandler.update(PreparedStatementHandler.java:48)
	at org.apache.ibatis.executor.statement.RoutingStatementHandler.update(RoutingStatementHandler.java:75)
	at org.apache.ibatis.executor.SimpleExecutor.doUpdate(SimpleExecutor.java:50)
	at org.apache.ibatis.executor.BaseExecutor.update(BaseExecutor.java:117)
	at org.apache.ibatis.executor.CachingExecutor.update(CachingExecutor.java:76)
	at java.base/jdk.internal.reflect.DirectMethodHandleAccessor.invoke(DirectMethodHandleAccessor.java:103)
	at java.base/java.lang.reflect.Method.invoke(Method.java:580)
	at org.apache.ibatis.plugin.Plugin.invoke(Plugin.java:61)
	at jdk.proxy2/jdk.proxy2.$Proxy147.update(Unknown Source)
	at org.apache.ibatis.session.defaults.DefaultSqlSession.update(DefaultSqlSession.java:197)
	at org.apache.ibatis.session.defaults.DefaultSqlSession.insert(DefaultSqlSession.java:184)
	at java.base/jdk.internal.reflect.DirectMethodHandleAccessor.invoke(DirectMethodHandleAccessor.java:103)
	at java.base/java.lang.reflect.Method.invoke(Method.java:580)
	at org.mybatis.spring.SqlSessionTemplate$SqlSessionInterceptor.invoke(SqlSessionTemplate.java:333)
	... 17 common frames omitted
Caused by: com.mysql.cj.exceptions.CJCommunicationsException: Communications link failure

The last packet successfully received from the server was 17 milliseconds ago. The last packet sent successfully to the server was 17 milliseconds ago.
	at java.base/jdk.internal.reflect.DirectConstructorHandleAccessor.newInstance(DirectConstructorHandleAccessor.java:62)
	at java.base/java.lang.reflect.Constructor.newInstanceWithCaller(Constructor.java:502)
	at java.base/java.lang.reflect.Constructor.newInstance(Constructor.java:486)
	at com.mysql.cj.exceptions.ExceptionFactory.createException(ExceptionFactory.java:62)
	at com.mysql.cj.exceptions.ExceptionFactory.createException(ExceptionFactory.java:105)
	at com.mysql.cj.exceptions.ExceptionFactory.createException(ExceptionFactory.java:150)
	at com.mysql.cj.exceptions.ExceptionFactory.createCommunicationsException(ExceptionFactory.java:166)
	at com.mysql.cj.protocol.a.NativeProtocol.readMessage(NativeProtocol.java:582)
	at com.mysql.cj.protocol.a.NativeProtocol.checkErrorMessage(NativeProtocol.java:762)
	at com.mysql.cj.protocol.a.NativeProtocol.sendCommand(NativeProtocol.java:701)
	at com.mysql.cj.protocol.a.NativeProtocol.sendQueryPacket(NativeProtocol.java:1052)
	at com.mysql.cj.NativeSession.execSQL(NativeSession.java:657)
	at com.mysql.cj.jdbc.ClientPreparedStatement.executeInternal(ClientPreparedStatement.java:893)
	... 38 common frames omitted
Caused by: java.net.SocketException: Socket closed
	at java.base/sun.nio.ch.NioSocketImpl.endRead(NioSocketImpl.java:243)
	at java.base/sun.nio.ch.NioSocketImpl.implRead(NioSocketImpl.java:323)
	at java.base/sun.nio.ch.NioSocketImpl.read(NioSocketImpl.java:346)
	at java.base/sun.nio.ch.NioSocketImpl$1.read(NioSocketImpl.java:796)
	at java.base/java.net.Socket$SocketInputStream.read(Socket.java:1099)
	at java.base/sun.security.ssl.SSLSocketInputRecord.read(SSLSocketInputRecord.java:489)
	at java.base/sun.security.ssl.SSLSocketInputRecord.readHeader(SSLSocketInputRecord.java:483)
	at java.base/sun.security.ssl.SSLSocketInputRecord.bytesInCompletePacket(SSLSocketInputRecord.java:70)
	at java.base/sun.security.ssl.SSLSocketImpl.readApplicationRecord(SSLSocketImpl.java:1461)
	at java.base/sun.security.ssl.SSLSocketImpl$AppInputStream.read(SSLSocketImpl.java:1066)
	at java.base/java.io.FilterInputStream.read(FilterInputStream.java:119)
	at com.mysql.cj.protocol.FullReadInputStream.readFully(FullReadInputStream.java:64)
	at com.mysql.cj.protocol.a.SimplePacketReader.readHeaderLocal(SimplePacketReader.java:81)
	at com.mysql.cj.protocol.a.SimplePacketReader.readHeader(SimplePacketReader.java:63)
	at com.mysql.cj.protocol.a.SimplePacketReader.readHeader(SimplePacketReader.java:45)
	at com.mysql.cj.protocol.a.TimeTrackingPacketReader.readHeader(TimeTrackingPacketReader.java:52)
	at com.mysql.cj.protocol.a.TimeTrackingPacketReader.readHeader(TimeTrackingPacketReader.java:41)
	at com.mysql.cj.protocol.a.MultiPacketReader.readHeader(MultiPacketReader.java:54)
	at com.mysql.cj.protocol.a.MultiPacketReader.readHeader(MultiPacketReader.java:44)
	at com.mysql.cj.protocol.a.NativeProtocol.readMessage(NativeProtocol.java:576)
	... 43 common frames omitted
2025-07-02 08:37:53.155 [log-1] INFO  com.csu.sms.service.impl.LogServiceImpl [] [] - 系统日志已保存到数据库 - 级别: INFO, 类型: OSS连接, 标题: 阿里云OSS连接成功
2025-07-02 08:37:54.524 [log-2] INFO  com.csu.sms.service.impl.LogServiceImpl [] [] - 系统日志已保存到数据库 - 级别: INFO, 类型: 系统启动, 标题: 学生管理系统启动成功
2025-07-02 08:49:19.299 [log-1] INFO  com.csu.sms.service.impl.LogServiceImpl [] [] - 系统日志已保存到数据库 - 级别: INFO, 类型: OSS连接, 标题: 阿里云OSS连接关闭
2025-07-02 09:28:00.101 [log-1] INFO  com.csu.sms.service.impl.LogServiceImpl [] [] - 系统日志已保存到数据库 - 级别: INFO, 类型: OSS连接, 标题: 阿里云OSS连接成功
2025-07-02 09:28:00.974 [log-2] INFO  com.csu.sms.service.impl.LogServiceImpl [] [] - 系统日志已保存到数据库 - 级别: INFO, 类型: 系统启动, 标题: 学生管理系统启动成功
2025-07-02 09:28:08.640 [log-1] INFO  com.csu.sms.service.impl.LogServiceImpl [] [] - 系统日志已保存到数据库 - 级别: ERROR, 类型: 系统异常, 标题: 系统异常
2025-07-02 09:36:49.313 [log-1] INFO  com.csu.sms.service.impl.LogServiceImpl [] [] - 系统日志已保存到数据库 - 级别: INFO, 类型: OSS连接, 标题: 阿里云OSS连接成功
2025-07-02 09:36:50.025 [log-2] INFO  com.csu.sms.service.impl.LogServiceImpl [] [] - 系统日志已保存到数据库 - 级别: INFO, 类型: 系统启动, 标题: 学生管理系统启动成功
2025-07-02 09:37:22.866 [log-1] INFO  com.csu.sms.service.impl.LogServiceImpl [] [] - 系统日志已保存到数据库 - 级别: ERROR, 类型: 系统异常, 标题: 系统异常
2025-07-02 09:41:14.181 [log-2] INFO  com.csu.sms.service.impl.LogServiceImpl [] [] - 系统日志已保存到数据库 - 级别: ERROR, 类型: 系统异常, 标题: 系统异常
2025-07-02 09:48:05.789 [log-1] INFO  com.csu.sms.service.impl.LogServiceImpl [] [] - 系统日志已保存到数据库 - 级别: INFO, 类型: OSS连接, 标题: 阿里云OSS连接成功
2025-07-02 09:48:07.005 [log-2] INFO  com.csu.sms.service.impl.LogServiceImpl [] [] - 系统日志已保存到数据库 - 级别: INFO, 类型: 系统启动, 标题: 学生管理系统启动成功
2025-07-02 09:48:24.103 [log-1] INFO  com.csu.sms.service.impl.LogServiceImpl [] [] - 系统日志已保存到数据库 - 级别: ERROR, 类型: 系统异常, 标题: 系统异常
2025-07-02 09:50:14.329 [log-2] INFO  com.csu.sms.service.impl.LogServiceImpl [] [] - 系统日志已保存到数据库 - 级别: ERROR, 类型: 系统异常, 标题: 系统异常
2025-07-02 09:52:51.546 [log-1] INFO  com.csu.sms.service.impl.LogServiceImpl [] [] - 系统日志已保存到数据库 - 级别: ERROR, 类型: 系统异常, 标题: 系统异常
2025-07-02 09:54:41.360 [log-2] INFO  com.csu.sms.service.impl.LogServiceImpl [] [] - 系统日志已保存到数据库 - 级别: ERROR, 类型: 系统异常, 标题: 系统异常
2025-07-02 10:02:59.591 [log-1] INFO  com.csu.sms.service.impl.LogServiceImpl [] [] - 系统日志已保存到数据库 - 级别: ERROR, 类型: 系统异常, 标题: 系统异常
2025-07-02 10:25:36.899 [log-1] INFO  com.csu.sms.service.impl.LogServiceImpl [] [] - 系统日志已保存到数据库 - 级别: INFO, 类型: OSS连接, 标题: 阿里云OSS连接成功
2025-07-02 10:25:38.271 [log-2] ERROR com.csu.sms.service.impl.LogServiceImpl [] [] - 保存系统日志失败
org.springframework.dao.RecoverableDataAccessException: 
### Error updating database.  Cause: com.mysql.cj.jdbc.exceptions.CommunicationsException: Communications link failure

The last packet successfully received from the server was 13 milliseconds ago. The last packet sent successfully to the server was 13 milliseconds ago.
### The error may exist in file [D:\大二下\华迪实训\student_system\target\classes\mappers\SystemLogMapper.xml]
### The error may involve com.csu.sms.persistence.SystemLogMapper.insert-Inline
### The error occurred while setting parameters
### SQL: INSERT INTO system_logs (             level, type, title, content, source, stack_trace, create_time         ) VALUES (             ?, ?, ?, ?, ?, ?, ?         )
### Cause: com.mysql.cj.jdbc.exceptions.CommunicationsException: Communications link failure

The last packet successfully received from the server was 13 milliseconds ago. The last packet sent successfully to the server was 13 milliseconds ago.
; Communications link failure

The last packet successfully received from the server was 13 milliseconds ago. The last packet sent successfully to the server was 13 milliseconds ago.
	at org.springframework.jdbc.support.SQLExceptionSubclassTranslator.doTranslate(SQLExceptionSubclassTranslator.java:110)
	at org.springframework.jdbc.support.AbstractFallbackSQLExceptionTranslator.translate(AbstractFallbackSQLExceptionTranslator.java:107)
	at org.springframework.jdbc.support.AbstractFallbackSQLExceptionTranslator.translate(AbstractFallbackSQLExceptionTranslator.java:116)
	at org.mybatis.spring.MyBatisExceptionTranslator.translateExceptionIfPossible(MyBatisExceptionTranslator.java:93)
	at org.mybatis.spring.SqlSessionTemplate$SqlSessionInterceptor.invoke(SqlSessionTemplate.java:347)
	at jdk.proxy2/jdk.proxy2.$Proxy85.insert(Unknown Source)
	at org.mybatis.spring.SqlSessionTemplate.insert(SqlSessionTemplate.java:224)
	at org.apache.ibatis.binding.MapperMethod.execute(MapperMethod.java:62)
	at org.apache.ibatis.binding.MapperProxy$PlainMethodInvoker.invoke(MapperProxy.java:141)
	at org.apache.ibatis.binding.MapperProxy.invoke(MapperProxy.java:86)
	at jdk.proxy2/jdk.proxy2.$Proxy87.insert(Unknown Source)
	at com.csu.sms.service.impl.LogServiceImpl.recordSystemLog(LogServiceImpl.java:56)
	at java.base/jdk.internal.reflect.DirectMethodHandleAccessor.invoke(DirectMethodHandleAccessor.java:103)
	at java.base/java.lang.reflect.Method.invoke(Method.java:580)
	at org.springframework.aop.support.AopUtils.invokeJoinpointUsingReflection(AopUtils.java:359)
	at org.springframework.aop.framework.ReflectiveMethodInvocation.invokeJoinpoint(ReflectiveMethodInvocation.java:196)
	at org.springframework.aop.framework.ReflectiveMethodInvocation.proceed(ReflectiveMethodInvocation.java:163)
	at org.springframework.aop.interceptor.AsyncExecutionInterceptor.lambda$invoke$0(AsyncExecutionInterceptor.java:114)
	at java.base/java.util.concurrent.FutureTask.run(FutureTask.java:317)
	at java.base/java.util.concurrent.ThreadPoolExecutor.runWorker(ThreadPoolExecutor.java:1144)
	at java.base/java.util.concurrent.ThreadPoolExecutor$Worker.run(ThreadPoolExecutor.java:642)
	at java.base/java.lang.Thread.run(Thread.java:1583)
Caused by: com.mysql.cj.jdbc.exceptions.CommunicationsException: Communications link failure

The last packet successfully received from the server was 13 milliseconds ago. The last packet sent successfully to the server was 13 milliseconds ago.
	at com.mysql.cj.jdbc.exceptions.SQLError.createCommunicationsException(SQLError.java:175)
	at com.mysql.cj.jdbc.exceptions.SQLExceptionsMapping.translateException(SQLExceptionsMapping.java:64)
	at com.mysql.cj.jdbc.ClientPreparedStatement.executeInternal(ClientPreparedStatement.java:916)
	at com.mysql.cj.jdbc.ClientPreparedStatement.execute(ClientPreparedStatement.java:354)
	at com.zaxxer.hikari.pool.ProxyPreparedStatement.execute(ProxyPreparedStatement.java:44)
	at com.zaxxer.hikari.pool.HikariProxyPreparedStatement.execute(HikariProxyPreparedStatement.java)
	at java.base/jdk.internal.reflect.DirectMethodHandleAccessor.invoke(DirectMethodHandleAccessor.java:103)
	at java.base/java.lang.reflect.Method.invoke(Method.java:580)
	at org.apache.ibatis.logging.jdbc.PreparedStatementLogger.invoke(PreparedStatementLogger.java:58)
	at jdk.proxy3/jdk.proxy3.$Proxy133.execute(Unknown Source)
	at org.apache.ibatis.executor.statement.PreparedStatementHandler.update(PreparedStatementHandler.java:48)
	at org.apache.ibatis.executor.statement.RoutingStatementHandler.update(RoutingStatementHandler.java:75)
	at org.apache.ibatis.executor.SimpleExecutor.doUpdate(SimpleExecutor.java:50)
	at org.apache.ibatis.executor.BaseExecutor.update(BaseExecutor.java:117)
	at org.apache.ibatis.executor.CachingExecutor.update(CachingExecutor.java:76)
	at java.base/jdk.internal.reflect.DirectMethodHandleAccessor.invoke(DirectMethodHandleAccessor.java:103)
	at java.base/java.lang.reflect.Method.invoke(Method.java:580)
	at org.apache.ibatis.plugin.Plugin.invoke(Plugin.java:61)
	at jdk.proxy2/jdk.proxy2.$Proxy144.update(Unknown Source)
	at org.apache.ibatis.session.defaults.DefaultSqlSession.update(DefaultSqlSession.java:197)
	at org.apache.ibatis.session.defaults.DefaultSqlSession.insert(DefaultSqlSession.java:184)
	at java.base/jdk.internal.reflect.DirectMethodHandleAccessor.invoke(DirectMethodHandleAccessor.java:103)
	at java.base/java.lang.reflect.Method.invoke(Method.java:580)
	at org.mybatis.spring.SqlSessionTemplate$SqlSessionInterceptor.invoke(SqlSessionTemplate.java:333)
	... 17 common frames omitted
Caused by: com.mysql.cj.exceptions.CJCommunicationsException: Communications link failure

The last packet successfully received from the server was 13 milliseconds ago. The last packet sent successfully to the server was 13 milliseconds ago.
	at java.base/jdk.internal.reflect.DirectConstructorHandleAccessor.newInstance(DirectConstructorHandleAccessor.java:62)
	at java.base/java.lang.reflect.Constructor.newInstanceWithCaller(Constructor.java:502)
	at java.base/java.lang.reflect.Constructor.newInstance(Constructor.java:486)
	at com.mysql.cj.exceptions.ExceptionFactory.createException(ExceptionFactory.java:62)
	at com.mysql.cj.exceptions.ExceptionFactory.createException(ExceptionFactory.java:105)
	at com.mysql.cj.exceptions.ExceptionFactory.createException(ExceptionFactory.java:150)
	at com.mysql.cj.exceptions.ExceptionFactory.createCommunicationsException(ExceptionFactory.java:166)
	at com.mysql.cj.protocol.a.NativeProtocol.readMessage(NativeProtocol.java:582)
	at com.mysql.cj.protocol.a.NativeProtocol.checkErrorMessage(NativeProtocol.java:762)
	at com.mysql.cj.protocol.a.NativeProtocol.sendCommand(NativeProtocol.java:701)
	at com.mysql.cj.protocol.a.NativeProtocol.sendQueryPacket(NativeProtocol.java:1052)
	at com.mysql.cj.NativeSession.execSQL(NativeSession.java:657)
	at com.mysql.cj.jdbc.ClientPreparedStatement.executeInternal(ClientPreparedStatement.java:893)
	... 38 common frames omitted
Caused by: java.net.SocketException: Socket closed
	at java.base/sun.nio.ch.NioSocketImpl.endRead(NioSocketImpl.java:243)
	at java.base/sun.nio.ch.NioSocketImpl.implRead(NioSocketImpl.java:323)
	at java.base/sun.nio.ch.NioSocketImpl.read(NioSocketImpl.java:346)
	at java.base/sun.nio.ch.NioSocketImpl$1.read(NioSocketImpl.java:796)
	at java.base/java.net.Socket$SocketInputStream.read(Socket.java:1099)
	at java.base/sun.security.ssl.SSLSocketInputRecord.read(SSLSocketInputRecord.java:489)
	at java.base/sun.security.ssl.SSLSocketInputRecord.readHeader(SSLSocketInputRecord.java:483)
	at java.base/sun.security.ssl.SSLSocketInputRecord.bytesInCompletePacket(SSLSocketInputRecord.java:70)
	at java.base/sun.security.ssl.SSLSocketImpl.readApplicationRecord(SSLSocketImpl.java:1461)
	at java.base/sun.security.ssl.SSLSocketImpl$AppInputStream.read(SSLSocketImpl.java:1066)
	at java.base/java.io.FilterInputStream.read(FilterInputStream.java:119)
	at com.mysql.cj.protocol.FullReadInputStream.readFully(FullReadInputStream.java:64)
	at com.mysql.cj.protocol.a.SimplePacketReader.readHeaderLocal(SimplePacketReader.java:81)
	at com.mysql.cj.protocol.a.SimplePacketReader.readHeader(SimplePacketReader.java:63)
	at com.mysql.cj.protocol.a.SimplePacketReader.readHeader(SimplePacketReader.java:45)
	at com.mysql.cj.protocol.a.TimeTrackingPacketReader.readHeader(TimeTrackingPacketReader.java:52)
	at com.mysql.cj.protocol.a.TimeTrackingPacketReader.readHeader(TimeTrackingPacketReader.java:41)
	at com.mysql.cj.protocol.a.MultiPacketReader.readHeader(MultiPacketReader.java:54)
	at com.mysql.cj.protocol.a.MultiPacketReader.readHeader(MultiPacketReader.java:44)
	at com.mysql.cj.protocol.a.NativeProtocol.readMessage(NativeProtocol.java:576)
	... 43 common frames omitted
2025-07-02 10:28:29.397 [log-2] INFO  com.csu.sms.service.impl.LogServiceImpl [] [] - 系统日志已保存到数据库 - 级别: ERROR, 类型: 系统异常, 标题: 系统异常
2025-07-02 10:28:35.662 [log-1] INFO  com.csu.sms.service.impl.LogServiceImpl [] [] - 系统日志已保存到数据库 - 级别: ERROR, 类型: 系统异常, 标题: 系统异常
2025-07-02 10:28:57.986 [log-1] INFO  com.csu.sms.service.impl.LogServiceImpl [] [] - 系统日志已保存到数据库 - 级别: INFO, 类型: OSS连接, 标题: 阿里云OSS连接成功
2025-07-02 10:28:59.269 [log-2] INFO  com.csu.sms.service.impl.LogServiceImpl [] [] - 系统日志已保存到数据库 - 级别: INFO, 类型: 系统启动, 标题: 学生管理系统启动成功
2025-07-02 10:30:26.347 [log-1] INFO  com.csu.sms.service.impl.LogServiceImpl [] [] - 系统日志已保存到数据库 - 级别: ERROR, 类型: 系统异常, 标题: 运行时异常
2025-07-02 10:30:26.349 [log-2] INFO  com.csu.sms.service.impl.LogServiceImpl [] [] - 系统日志已保存到数据库 - 级别: ERROR, 类型: 系统异常, 标题: 运行时异常
2025-07-02 10:31:17.389 [log-1] INFO  com.csu.sms.service.impl.LogServiceImpl [] [] - 系统日志已保存到数据库 - 级别: ERROR, 类型: 系统异常, 标题: 运行时异常
2025-07-02 10:31:17.391 [log-2] INFO  com.csu.sms.service.impl.LogServiceImpl [] [] - 系统日志已保存到数据库 - 级别: ERROR, 类型: 系统异常, 标题: 运行时异常
2025-07-02 10:32:53.983 [log-1] INFO  com.csu.sms.service.impl.LogServiceImpl [] [] - 系统日志已保存到数据库 - 级别: ERROR, 类型: 系统异常, 标题: 运行时异常
2025-07-02 10:32:53.986 [log-2] INFO  com.csu.sms.service.impl.LogServiceImpl [] [] - 系统日志已保存到数据库 - 级别: ERROR, 类型: 系统异常, 标题: 运行时异常
2025-07-02 10:33:10.676 [log-1] INFO  com.csu.sms.service.impl.LogServiceImpl [] [] - 系统日志已保存到数据库 - 级别: ERROR, 类型: 系统异常, 标题: 运行时异常
2025-07-02 10:33:10.678 [log-2] INFO  com.csu.sms.service.impl.LogServiceImpl [] [] - 系统日志已保存到数据库 - 级别: ERROR, 类型: 系统异常, 标题: 运行时异常
2025-07-02 10:34:30.591 [log-1] INFO  com.csu.sms.service.impl.LogServiceImpl [] [] - 系统日志已保存到数据库 - 级别: ERROR, 类型: 系统异常, 标题: 运行时异常
2025-07-02 10:34:30.592 [log-2] INFO  com.csu.sms.service.impl.LogServiceImpl [] [] - 系统日志已保存到数据库 - 级别: ERROR, 类型: 系统异常, 标题: 运行时异常
2025-07-02 10:34:53.540 [log-1] INFO  com.csu.sms.service.impl.LogServiceImpl [] [] - 系统日志已保存到数据库 - 级别: ERROR, 类型: 系统异常, 标题: 运行时异常
2025-07-02 10:34:53.542 [log-2] INFO  com.csu.sms.service.impl.LogServiceImpl [] [] - 系统日志已保存到数据库 - 级别: ERROR, 类型: 系统异常, 标题: 运行时异常
2025-07-02 10:37:25.320 [log-1] INFO  com.csu.sms.service.impl.LogServiceImpl [] [] - 系统日志已保存到数据库 - 级别: INFO, 类型: OSS连接, 标题: 阿里云OSS连接关闭
2025-07-02 10:37:46.970 [log-1] INFO  com.csu.sms.service.impl.LogServiceImpl [] [] - 系统日志已保存到数据库 - 级别: INFO, 类型: OSS连接, 标题: 阿里云OSS连接成功
2025-07-02 10:37:48.273 [log-2] INFO  com.csu.sms.service.impl.LogServiceImpl [] [] - 系统日志已保存到数据库 - 级别: INFO, 类型: 系统启动, 标题: 学生管理系统启动成功
2025-07-02 10:42:09.304 [log-1] INFO  com.csu.sms.service.impl.LogServiceImpl [] [] - 系统日志已保存到数据库 - 级别: ERROR, 类型: 系统异常, 标题: 系统异常
2025-07-02 10:48:20.661 [log-1] INFO  com.csu.sms.service.impl.LogServiceImpl [] [] - 系统日志已保存到数据库 - 级别: INFO, 类型: OSS连接, 标题: 阿里云OSS连接成功
2025-07-02 10:48:21.572 [log-2] INFO  com.csu.sms.service.impl.LogServiceImpl [] [] - 系统日志已保存到数据库 - 级别: INFO, 类型: 系统启动, 标题: 学生管理系统启动成功
2025-07-02 10:53:34.151 [log-1] INFO  com.csu.sms.service.impl.LogServiceImpl [] [] - 系统日志已保存到数据库 - 级别: INFO, 类型: OSS连接, 标题: 阿里云OSS连接成功
2025-07-02 10:53:34.989 [log-2] INFO  com.csu.sms.service.impl.LogServiceImpl [] [] - 系统日志已保存到数据库 - 级别: INFO, 类型: 系统启动, 标题: 学生管理系统启动成功
2025-07-02 10:57:33.990 [log-1] INFO  com.csu.sms.service.impl.LogServiceImpl [] [] - 系统日志已保存到数据库 - 级别: INFO, 类型: OSS连接, 标题: 阿里云OSS连接成功
2025-07-02 10:57:34.648 [log-2] INFO  com.csu.sms.service.impl.LogServiceImpl [] [] - 系统日志已保存到数据库 - 级别: INFO, 类型: 系统启动, 标题: 学生管理系统启动成功
2025-07-02 11:01:48.655 [log-1] INFO  com.csu.sms.service.impl.LogServiceImpl [] [] - 系统日志已保存到数据库 - 级别: INFO, 类型: OSS连接, 标题: 阿里云OSS连接成功
2025-07-02 11:01:49.329 [log-2] INFO  com.csu.sms.service.impl.LogServiceImpl [] [] - 系统日志已保存到数据库 - 级别: INFO, 类型: 系统启动, 标题: 学生管理系统启动成功
2025-07-02 11:02:54.613 [log-1] INFO  com.csu.sms.service.impl.LogServiceImpl [] [] - 系统日志已保存到数据库 - 级别: ERROR, 类型: 系统异常, 标题: 系统异常
2025-07-02 11:06:13.269 [log-2] INFO  com.csu.sms.service.impl.LogServiceImpl [] [] - 系统日志已保存到数据库 - 级别: ERROR, 类型: 系统异常, 标题: 系统异常
2025-07-02 11:09:50.809 [log-1] INFO  com.csu.sms.service.impl.LogServiceImpl [] [] - 系统日志已保存到数据库 - 级别: INFO, 类型: OSS连接, 标题: 阿里云OSS连接成功
2025-07-02 11:09:51.484 [log-2] INFO  com.csu.sms.service.impl.LogServiceImpl [] [] - 系统日志已保存到数据库 - 级别: INFO, 类型: 系统启动, 标题: 学生管理系统启动成功
2025-07-02 11:11:24.010 [log-1] INFO  com.csu.sms.service.impl.LogServiceImpl [] [] - 系统日志已保存到数据库 - 级别: ERROR, 类型: 系统异常, 标题: 系统异常
2025-07-02 11:12:18.460 [log-2] INFO  com.csu.sms.service.impl.LogServiceImpl [] [] - 系统日志已保存到数据库 - 级别: ERROR, 类型: 系统异常, 标题: 系统异常
2025-07-02 11:13:44.816 [log-1] INFO  com.csu.sms.service.impl.LogServiceImpl [] [] - 系统日志已保存到数据库 - 级别: ERROR, 类型: 系统异常, 标题: 系统异常
2025-07-02 11:17:28.774 [log-2] INFO  com.csu.sms.service.impl.LogServiceImpl [] [] - 系统日志已保存到数据库 - 级别: ERROR, 类型: 系统异常, 标题: 系统异常
2025-07-02 11:18:00.612 [log-1] INFO  com.csu.sms.service.impl.LogServiceImpl [] [] - 系统日志已保存到数据库 - 级别: ERROR, 类型: 系统异常, 标题: 系统异常
2025-07-02 11:19:44.752 [log-2] INFO  com.csu.sms.service.impl.LogServiceImpl [] [] - 系统日志已保存到数据库 - 级别: ERROR, 类型: 系统异常, 标题: 系统异常
2025-07-02 11:19:44.844 [log-1] INFO  com.csu.sms.service.impl.LogServiceImpl [] [] - 系统日志已保存到数据库 - 级别: ERROR, 类型: 系统异常, 标题: 系统异常
2025-07-02 11:19:53.987 [log-2] INFO  com.csu.sms.service.impl.LogServiceImpl [] [] - 系统日志已保存到数据库 - 级别: ERROR, 类型: 系统异常, 标题: 系统异常
2025-07-02 11:40:54.110 [log-1] INFO  com.csu.sms.service.impl.LogServiceImpl [] [] - 系统日志已保存到数据库 - 级别: INFO, 类型: OSS连接, 标题: 阿里云OSS连接成功
2025-07-02 11:40:54.862 [log-2] INFO  com.csu.sms.service.impl.LogServiceImpl [] [] - 系统日志已保存到数据库 - 级别: INFO, 类型: 系统启动, 标题: 学生管理系统启动成功
2025-07-02 11:41:01.396 [http-nio-8080-exec-4] INFO  com.csu.sms.service.impl.LogServiceImpl [] [] - 审计报表查询参数 - userId: null, startTime: null, endTime: null, operation: null, module: 成绩管理, page: 1, size: 10
2025-07-02 11:41:01.430 [http-nio-8080-exec-4] INFO  com.csu.sms.service.impl.LogServiceImpl [] [] - 审计报表查询结果 - 记录数: 1, 总数: 1
2025-07-02 11:41:01.430 [http-nio-8080-exec-4] INFO  com.csu.sms.service.impl.LogServiceImpl [] [] - 记录: module=成绩管理, operation=查询考试记录, count=1
2025-07-02 11:41:15.113 [http-nio-8080-exec-2] INFO  com.csu.sms.service.impl.LogServiceImpl [] [] - 审计报表查询参数 - userId: null, startTime: null, endTime: null, operation: null, module: null, page: 1, size: 10
2025-07-02 11:41:15.121 [http-nio-8080-exec-2] INFO  com.csu.sms.service.impl.LogServiceImpl [] [] - 审计报表查询结果 - 记录数: 2, 总数: 2
2025-07-02 11:41:15.121 [http-nio-8080-exec-2] INFO  com.csu.sms.service.impl.LogServiceImpl [] [] - 记录: module=成绩管理, operation=查询考试记录, count=1
2025-07-02 11:41:15.121 [http-nio-8080-exec-2] INFO  com.csu.sms.service.impl.LogServiceImpl [] [] - 记录: module=知识库管理, operation=查询书籍列表, count=4
2025-07-02 11:41:33.981 [http-nio-8080-exec-7] INFO  com.csu.sms.service.impl.LogServiceImpl [] [] - 审计报表查询参数 - userId: null, startTime: null, endTime: null, operation: null, module: 成绩管理, page: 1, size: 10
2025-07-02 11:41:33.989 [http-nio-8080-exec-7] INFO  com.csu.sms.service.impl.LogServiceImpl [] [] - 审计报表查询结果 - 记录数: 1, 总数: 1
2025-07-02 11:41:33.989 [http-nio-8080-exec-7] INFO  com.csu.sms.service.impl.LogServiceImpl [] [] - 记录: module=成绩管理, operation=查询考试记录, count=1
2025-07-02 11:42:03.869 [log-1] INFO  com.csu.sms.service.impl.LogServiceImpl [] [] - 系统日志已保存到数据库 - 级别: ERROR, 类型: 系统异常, 标题: 系统异常
2025-07-02 11:42:07.762 [http-nio-8080-exec-5] INFO  com.csu.sms.service.impl.LogServiceImpl [] [] - 审计报表查询参数 - userId: null, startTime: null, endTime: null, operation: null, module: null, page: 1, size: 20
2025-07-02 11:42:07.777 [http-nio-8080-exec-5] INFO  com.csu.sms.service.impl.LogServiceImpl [] [] - 审计报表查询结果 - 记录数: 2, 总数: 2
2025-07-02 11:42:07.777 [http-nio-8080-exec-5] INFO  com.csu.sms.service.impl.LogServiceImpl [] [] - 记录: module=成绩管理, operation=查询考试记录, count=1
2025-07-02 11:42:07.777 [http-nio-8080-exec-5] INFO  com.csu.sms.service.impl.LogServiceImpl [] [] - 记录: module=知识库管理, operation=查询书籍列表, count=4
2025-07-02 11:42:17.220 [http-nio-8080-exec-1] INFO  com.csu.sms.service.impl.LogServiceImpl [] [] - 审计报表查询参数 - userId: null, startTime: null, endTime: null, operation: null, module: 成绩管理, page: 1, size: 20
2025-07-02 11:42:17.237 [http-nio-8080-exec-1] INFO  com.csu.sms.service.impl.LogServiceImpl [] [] - 审计报表查询结果 - 记录数: 1, 总数: 1
2025-07-02 11:42:17.237 [http-nio-8080-exec-1] INFO  com.csu.sms.service.impl.LogServiceImpl [] [] - 记录: module=成绩管理, operation=查询考试记录, count=1
2025-07-02 11:49:24.515 [http-nio-8080-exec-3] INFO  com.csu.sms.service.impl.LogServiceImpl [] [] - 审计报表查询参数 - userId: null, startTime: null, endTime: null, operation: null, module: null, page: 1, size: 20
2025-07-02 11:49:24.530 [http-nio-8080-exec-3] INFO  com.csu.sms.service.impl.LogServiceImpl [] [] - 审计报表查询结果 - 记录数: 2, 总数: 2
2025-07-02 11:49:24.530 [http-nio-8080-exec-3] INFO  com.csu.sms.service.impl.LogServiceImpl [] [] - 记录: module=成绩管理, operation=查询考试记录, count=1
2025-07-02 11:49:24.530 [http-nio-8080-exec-3] INFO  com.csu.sms.service.impl.LogServiceImpl [] [] - 记录: module=知识库管理, operation=查询书籍列表, count=4
2025-07-02 11:49:31.609 [http-nio-8080-exec-5] INFO  com.csu.sms.service.impl.LogServiceImpl [] [] - 审计报表查询参数 - userId: null, startTime: null, endTime: null, operation: null, module: 成绩管理, page: 1, size: 20
2025-07-02 11:49:31.626 [http-nio-8080-exec-5] INFO  com.csu.sms.service.impl.LogServiceImpl [] [] - 审计报表查询结果 - 记录数: 1, 总数: 1
2025-07-02 11:49:31.626 [http-nio-8080-exec-5] INFO  com.csu.sms.service.impl.LogServiceImpl [] [] - 记录: module=成绩管理, operation=查询考试记录, count=1
2025-07-02 11:49:33.475 [http-nio-8080-exec-10] INFO  com.csu.sms.service.impl.LogServiceImpl [] [] - 审计报表查询参数 - userId: null, startTime: null, endTime: null, operation: null, module: null, page: 1, size: 20
2025-07-02 11:49:33.492 [http-nio-8080-exec-10] INFO  com.csu.sms.service.impl.LogServiceImpl [] [] - 审计报表查询结果 - 记录数: 2, 总数: 2
2025-07-02 11:49:33.492 [http-nio-8080-exec-10] INFO  com.csu.sms.service.impl.LogServiceImpl [] [] - 记录: module=成绩管理, operation=查询考试记录, count=1
2025-07-02 11:49:33.492 [http-nio-8080-exec-10] INFO  com.csu.sms.service.impl.LogServiceImpl [] [] - 记录: module=知识库管理, operation=查询书籍列表, count=4
2025-07-02 11:49:38.959 [http-nio-8080-exec-4] INFO  com.csu.sms.service.impl.LogServiceImpl [] [] - 审计报表查询参数 - userId: null, startTime: null, endTime: null, operation: null, module: 知识库, page: 1, size: 20
2025-07-02 11:49:38.975 [http-nio-8080-exec-4] INFO  com.csu.sms.service.impl.LogServiceImpl [] [] - 审计报表查询结果 - 记录数: 0, 总数: 0
2025-07-02 11:49:40.609 [http-nio-8080-exec-6] INFO  com.csu.sms.service.impl.LogServiceImpl [] [] - 审计报表查询参数 - userId: null, startTime: null, endTime: null, operation: null, module: null, page: 1, size: 20
2025-07-02 11:49:40.631 [http-nio-8080-exec-6] INFO  com.csu.sms.service.impl.LogServiceImpl [] [] - 审计报表查询结果 - 记录数: 2, 总数: 2
2025-07-02 11:49:40.631 [http-nio-8080-exec-6] INFO  com.csu.sms.service.impl.LogServiceImpl [] [] - 记录: module=成绩管理, operation=查询考试记录, count=1
2025-07-02 11:49:40.631 [http-nio-8080-exec-6] INFO  com.csu.sms.service.impl.LogServiceImpl [] [] - 记录: module=知识库管理, operation=查询书籍列表, count=4
2025-07-02 11:49:44.674 [http-nio-8080-exec-3] INFO  com.csu.sms.service.impl.LogServiceImpl [] [] - 审计报表查询参数 - userId: null, startTime: null, endTime: null, operation: null, module: 成绩管理, page: 1, size: 20
2025-07-02 11:49:44.686 [http-nio-8080-exec-3] INFO  com.csu.sms.service.impl.LogServiceImpl [] [] - 审计报表查询结果 - 记录数: 1, 总数: 1
2025-07-02 11:49:44.686 [http-nio-8080-exec-3] INFO  com.csu.sms.service.impl.LogServiceImpl [] [] - 记录: module=成绩管理, operation=查询考试记录, count=1
2025-07-02 11:49:46.059 [http-nio-8080-exec-5] INFO  com.csu.sms.service.impl.LogServiceImpl [] [] - 审计报表查询参数 - userId: null, startTime: null, endTime: null, operation: null, module: null, page: 1, size: 20
2025-07-02 11:49:46.075 [http-nio-8080-exec-5] INFO  com.csu.sms.service.impl.LogServiceImpl [] [] - 审计报表查询结果 - 记录数: 2, 总数: 2
2025-07-02 11:49:46.075 [http-nio-8080-exec-5] INFO  com.csu.sms.service.impl.LogServiceImpl [] [] - 记录: module=成绩管理, operation=查询考试记录, count=1
2025-07-02 11:49:46.075 [http-nio-8080-exec-5] INFO  com.csu.sms.service.impl.LogServiceImpl [] [] - 记录: module=知识库管理, operation=查询书籍列表, count=4
2025-07-02 13:07:45.155 [log-1] INFO  com.csu.sms.service.impl.LogServiceImpl [] [] - 系统日志已保存到数据库 - 级别: INFO, 类型: OSS连接, 标题: 阿里云OSS连接成功
2025-07-02 13:07:45.892 [log-2] INFO  com.csu.sms.service.impl.LogServiceImpl [] [] - 系统日志已保存到数据库 - 级别: INFO, 类型: 系统启动, 标题: 学生管理系统启动成功
2025-07-02 13:08:00.164 [http-nio-8080-exec-5] INFO  com.csu.sms.service.impl.LogServiceImpl [] [] - 审计报表查询参数 - userId: null, startTime: null, endTime: null, operation: null, module: null, page: 1, size: 20
2025-07-02 13:08:00.214 [http-nio-8080-exec-5] INFO  com.csu.sms.service.impl.LogServiceImpl [] [] - 审计报表查询结果 - 记录数: 2, 总数: 2
2025-07-02 13:08:00.216 [http-nio-8080-exec-5] INFO  com.csu.sms.service.impl.LogServiceImpl [] [] - 记录: module=成绩管理, operation=查询考试记录, count=1
2025-07-02 13:08:00.216 [http-nio-8080-exec-5] INFO  com.csu.sms.service.impl.LogServiceImpl [] [] - 记录: module=知识库管理, operation=查询书籍列表, count=4
2025-07-02 13:08:05.633 [http-nio-8080-exec-4] INFO  com.csu.sms.service.impl.LogServiceImpl [] [] - 审计报表查询参数 - userId: null, startTime: null, endTime: null, operation: null, module: 成绩管理, page: 1, size: 20
2025-07-02 13:08:05.641 [http-nio-8080-exec-4] INFO  com.csu.sms.service.impl.LogServiceImpl [] [] - 审计报表查询结果 - 记录数: 1, 总数: 1
2025-07-02 13:08:05.643 [http-nio-8080-exec-4] INFO  com.csu.sms.service.impl.LogServiceImpl [] [] - 记录: module=成绩管理, operation=查询考试记录, count=1
2025-07-02 13:08:09.636 [http-nio-8080-exec-6] INFO  com.csu.sms.service.impl.LogServiceImpl [] [] - 审计报表查询参数 - userId: null, startTime: null, endTime: null, operation: null, module: 知识库, page: 1, size: 20
2025-07-02 13:08:09.643 [http-nio-8080-exec-6] INFO  com.csu.sms.service.impl.LogServiceImpl [] [] - 审计报表查询结果 - 记录数: 0, 总数: 0
2025-07-02 13:08:33.712 [http-nio-8080-exec-8] INFO  com.csu.sms.service.impl.LogServiceImpl [] [] - 审计报表查询参数 - userId: null, startTime: null, endTime: null, operation: 查询, module: null, page: 1, size: 20
2025-07-02 13:08:33.721 [http-nio-8080-exec-8] INFO  com.csu.sms.service.impl.LogServiceImpl [] [] - 审计报表查询结果 - 记录数: 0, 总数: 0
2025-07-02 13:10:36.349 [http-nio-8080-exec-5] INFO  com.csu.sms.service.impl.LogServiceImpl [] [] - 审计报表查询参数 - userId: null, startTime: null, endTime: null, operation: null, module: null, page: 1, size: 20
2025-07-02 13:10:36.357 [http-nio-8080-exec-5] INFO  com.csu.sms.service.impl.LogServiceImpl [] [] - 审计报表查询结果 - 记录数: 2, 总数: 2
2025-07-02 13:10:36.357 [http-nio-8080-exec-5] INFO  com.csu.sms.service.impl.LogServiceImpl [] [] - 记录: module=成绩管理, operation=查询考试记录, count=1
2025-07-02 13:10:36.357 [http-nio-8080-exec-5] INFO  com.csu.sms.service.impl.LogServiceImpl [] [] - 记录: module=知识库管理, operation=查询书籍列表, count=4
2025-07-02 13:17:29.726 [log-1] INFO  com.csu.sms.service.impl.LogServiceImpl [] [] - 系统日志已保存到数据库 - 级别: INFO, 类型: OSS连接, 标题: 阿里云OSS连接成功
2025-07-02 13:17:30.375 [log-2] INFO  com.csu.sms.service.impl.LogServiceImpl [] [] - 系统日志已保存到数据库 - 级别: INFO, 类型: 系统启动, 标题: 学生管理系统启动成功
2025-07-02 13:17:42.816 [http-nio-8080-exec-4] INFO  com.csu.sms.service.impl.LogServiceImpl [] [] - 审计报表查询参数 - userId: null, startTime: null, endTime: null, operation: null, module: null, page: 1, size: 20
2025-07-02 13:17:42.873 [http-nio-8080-exec-4] INFO  com.csu.sms.service.impl.LogServiceImpl [] [] - 审计报表查询结果 - 记录数: 2, 总数: 2
2025-07-02 13:17:42.874 [http-nio-8080-exec-4] INFO  com.csu.sms.service.impl.LogServiceImpl [] [] - 记录: module=成绩管理, operation=查询考试记录, count=1
2025-07-02 13:17:42.874 [http-nio-8080-exec-4] INFO  com.csu.sms.service.impl.LogServiceImpl [] [] - 记录: module=知识库管理, operation=查询书籍列表, count=4
2025-07-02 13:17:48.299 [http-nio-8080-exec-2] INFO  com.csu.sms.service.impl.LogServiceImpl [] [] - 审计报表查询参数 - userId: null, startTime: null, endTime: null, operation: null, module: 知识库, page: 1, size: 20
2025-07-02 13:17:48.309 [http-nio-8080-exec-2] INFO  com.csu.sms.service.impl.LogServiceImpl [] [] - 审计报表查询结果 - 记录数: 1, 总数: 1
2025-07-02 13:17:48.309 [http-nio-8080-exec-2] INFO  com.csu.sms.service.impl.LogServiceImpl [] [] - 记录: module=知识库管理, operation=查询书籍列表, count=4
2025-07-02 13:19:56.105 [http-nio-8080-exec-8] INFO  com.csu.sms.service.impl.LogServiceImpl [] [] - 审计报表查询参数 - userId: null, startTime: null, endTime: null, operation: null, module: null, page: 1, size: 20
2025-07-02 13:19:56.112 [http-nio-8080-exec-8] INFO  com.csu.sms.service.impl.LogServiceImpl [] [] - 审计报表查询结果 - 记录数: 2, 总数: 2
2025-07-02 13:19:56.112 [http-nio-8080-exec-8] INFO  com.csu.sms.service.impl.LogServiceImpl [] [] - 记录: module=成绩管理, operation=查询考试记录, count=1
2025-07-02 13:19:56.112 [http-nio-8080-exec-8] INFO  com.csu.sms.service.impl.LogServiceImpl [] [] - 记录: module=知识库管理, operation=查询书籍列表, count=4
2025-07-02 13:20:01.697 [http-nio-8080-exec-10] INFO  com.csu.sms.service.impl.LogServiceImpl [] [] - 审计报表查询参数 - userId: null, startTime: null, endTime: null, operation: null, module: 成绩管理, page: 1, size: 20
2025-07-02 13:20:01.711 [http-nio-8080-exec-10] INFO  com.csu.sms.service.impl.LogServiceImpl [] [] - 审计报表查询结果 - 记录数: 1, 总数: 1
2025-07-02 13:20:01.711 [http-nio-8080-exec-10] INFO  com.csu.sms.service.impl.LogServiceImpl [] [] - 记录: module=成绩管理, operation=查询考试记录, count=1
2025-07-02 13:20:05.568 [http-nio-8080-exec-4] INFO  com.csu.sms.service.impl.LogServiceImpl [] [] - 审计报表查询参数 - userId: null, startTime: null, endTime: null, operation: null, module: 知识库, page: 1, size: 20
2025-07-02 13:20:05.579 [http-nio-8080-exec-4] INFO  com.csu.sms.service.impl.LogServiceImpl [] [] - 审计报表查询结果 - 记录数: 1, 总数: 1
2025-07-02 13:20:05.579 [http-nio-8080-exec-4] INFO  com.csu.sms.service.impl.LogServiceImpl [] [] - 记录: module=知识库管理, operation=查询书籍列表, count=4
2025-07-02 13:20:08.934 [http-nio-8080-exec-2] INFO  com.csu.sms.service.impl.LogServiceImpl [] [] - 审计报表查询参数 - userId: null, startTime: null, endTime: null, operation: null, module: null, page: 1, size: 20
2025-07-02 13:20:08.948 [http-nio-8080-exec-2] INFO  com.csu.sms.service.impl.LogServiceImpl [] [] - 审计报表查询结果 - 记录数: 2, 总数: 2
2025-07-02 13:20:08.948 [http-nio-8080-exec-2] INFO  com.csu.sms.service.impl.LogServiceImpl [] [] - 记录: module=成绩管理, operation=查询考试记录, count=1
2025-07-02 13:20:08.948 [http-nio-8080-exec-2] INFO  com.csu.sms.service.impl.LogServiceImpl [] [] - 记录: module=知识库管理, operation=查询书籍列表, count=4
2025-07-02 13:20:17.104 [http-nio-8080-exec-6] INFO  com.csu.sms.service.impl.LogServiceImpl [] [] - 审计报表查询参数 - userId: null, startTime: null, endTime: null, operation: null, module: null, page: 1, size: 10
2025-07-02 13:20:17.116 [http-nio-8080-exec-6] INFO  com.csu.sms.service.impl.LogServiceImpl [] [] - 审计报表查询结果 - 记录数: 2, 总数: 2
2025-07-02 13:20:17.117 [http-nio-8080-exec-6] INFO  com.csu.sms.service.impl.LogServiceImpl [] [] - 记录: module=成绩管理, operation=查询考试记录, count=1
2025-07-02 13:20:17.117 [http-nio-8080-exec-6] INFO  com.csu.sms.service.impl.LogServiceImpl [] [] - 记录: module=知识库管理, operation=查询书籍列表, count=4
2025-07-02 13:36:03.555 [http-nio-8080-exec-10] INFO  com.csu.sms.service.impl.LogServiceImpl [] [] - 审计报表查询参数 - userId: null, startTime: null, endTime: null, operation: null, module: null, page: 1, size: 20
2025-07-02 13:36:03.559 [http-nio-8080-exec-10] INFO  com.csu.sms.service.impl.LogServiceImpl [] [] - 审计报表查询结果 - 记录数: 2, 总数: 2
2025-07-02 13:36:03.559 [http-nio-8080-exec-10] INFO  com.csu.sms.service.impl.LogServiceImpl [] [] - 记录: module=成绩管理, operation=查询考试记录, count=1
2025-07-02 13:36:03.559 [http-nio-8080-exec-10] INFO  com.csu.sms.service.impl.LogServiceImpl [] [] - 记录: module=知识库管理, operation=查询书籍列表, count=4
2025-07-02 13:38:35.848 [log-1] INFO  com.csu.sms.service.impl.LogServiceImpl [] [] - 系统日志已保存到数据库 - 级别: ERROR, 类型: 系统异常, 标题: 系统异常
2025-07-02 13:38:41.919 [http-nio-8080-exec-5] INFO  com.csu.sms.service.impl.LogServiceImpl [] [] - 审计报表查询参数 - userId: null, startTime: null, endTime: null, operation: null, module: null, page: 1, size: 20
2025-07-02 13:38:41.923 [http-nio-8080-exec-5] INFO  com.csu.sms.service.impl.LogServiceImpl [] [] - 审计报表查询结果 - 记录数: 2, 总数: 2
2025-07-02 13:38:41.923 [http-nio-8080-exec-5] INFO  com.csu.sms.service.impl.LogServiceImpl [] [] - 记录: module=成绩管理, operation=查询考试记录, count=1
2025-07-02 13:38:41.923 [http-nio-8080-exec-5] INFO  com.csu.sms.service.impl.LogServiceImpl [] [] - 记录: module=知识库管理, operation=查询书籍列表, count=4
2025-07-02 13:42:38.409 [http-nio-8080-exec-9] INFO  com.csu.sms.service.impl.LogServiceImpl [] [] - 审计报表查询参数 - userId: null, startTime: null, endTime: null, operation: null, module: null, page: 1, size: 20
2025-07-02 13:42:38.413 [http-nio-8080-exec-9] INFO  com.csu.sms.service.impl.LogServiceImpl [] [] - 审计报表查询结果 - 记录数: 2, 总数: 2
2025-07-02 13:42:38.413 [http-nio-8080-exec-9] INFO  com.csu.sms.service.impl.LogServiceImpl [] [] - 记录: module=成绩管理, operation=查询考试记录, count=1
2025-07-02 13:42:38.413 [http-nio-8080-exec-9] INFO  com.csu.sms.service.impl.LogServiceImpl [] [] - 记录: module=知识库管理, operation=查询书籍列表, count=4
2025-07-02 13:44:38.767 [http-nio-8080-exec-3] INFO  com.csu.sms.service.impl.LogServiceImpl [] [] - 审计报表查询参数 - userId: null, startTime: null, endTime: null, operation: null, module: null, page: 1, size: 20
2025-07-02 13:44:38.772 [http-nio-8080-exec-3] INFO  com.csu.sms.service.impl.LogServiceImpl [] [] - 审计报表查询结果 - 记录数: 2, 总数: 2
2025-07-02 13:44:38.772 [http-nio-8080-exec-3] INFO  com.csu.sms.service.impl.LogServiceImpl [] [] - 记录: module=成绩管理, operation=查询考试记录, count=1
2025-07-02 13:44:38.772 [http-nio-8080-exec-3] INFO  com.csu.sms.service.impl.LogServiceImpl [] [] - 记录: module=知识库管理, operation=查询书籍列表, count=4
2025-07-02 13:44:59.098 [http-nio-8080-exec-5] INFO  com.csu.sms.service.impl.LogServiceImpl [] [] - 审计报表查询参数 - userId: null, startTime: null, endTime: null, operation: null, module: null, page: 1, size: 20
2025-07-02 13:44:59.106 [http-nio-8080-exec-5] INFO  com.csu.sms.service.impl.LogServiceImpl [] [] - 审计报表查询结果 - 记录数: 2, 总数: 2
2025-07-02 13:44:59.106 [http-nio-8080-exec-5] INFO  com.csu.sms.service.impl.LogServiceImpl [] [] - 记录: module=成绩管理, operation=查询考试记录, count=1
2025-07-02 13:44:59.106 [http-nio-8080-exec-5] INFO  com.csu.sms.service.impl.LogServiceImpl [] [] - 记录: module=知识库管理, operation=查询书籍列表, count=4
2025-07-02 13:45:00.413 [http-nio-8080-exec-6] INFO  com.csu.sms.service.impl.LogServiceImpl [] [] - 审计报表查询参数 - userId: null, startTime: null, endTime: null, operation: null, module: null, page: 1, size: 20
2025-07-02 13:45:00.420 [http-nio-8080-exec-6] INFO  com.csu.sms.service.impl.LogServiceImpl [] [] - 审计报表查询结果 - 记录数: 2, 总数: 2
2025-07-02 13:45:00.420 [http-nio-8080-exec-6] INFO  com.csu.sms.service.impl.LogServiceImpl [] [] - 记录: module=成绩管理, operation=查询考试记录, count=1
2025-07-02 13:45:00.420 [http-nio-8080-exec-6] INFO  com.csu.sms.service.impl.LogServiceImpl [] [] - 记录: module=知识库管理, operation=查询书籍列表, count=4
2025-07-02 13:51:23.373 [http-nio-8080-exec-10] INFO  com.csu.sms.service.impl.LogServiceImpl [] [] - 审计报表查询参数 - userId: null, startTime: null, endTime: null, operation: null, module: null, page: 1, size: 20
2025-07-02 13:51:23.377 [http-nio-8080-exec-10] INFO  com.csu.sms.service.impl.LogServiceImpl [] [] - 审计报表查询结果 - 记录数: 2, 总数: 2
2025-07-02 13:51:23.378 [http-nio-8080-exec-10] INFO  com.csu.sms.service.impl.LogServiceImpl [] [] - 记录: module=成绩管理, operation=查询考试记录, count=1
2025-07-02 13:51:23.378 [http-nio-8080-exec-10] INFO  com.csu.sms.service.impl.LogServiceImpl [] [] - 记录: module=知识库管理, operation=查询书籍列表, count=4
2025-07-02 13:51:46.710 [http-nio-8080-exec-4] INFO  com.csu.sms.service.impl.LogServiceImpl [] [] - 审计报表查询参数 - userId: null, startTime: null, endTime: null, operation: null, module: null, page: 1, size: 20
2025-07-02 13:51:46.714 [http-nio-8080-exec-4] INFO  com.csu.sms.service.impl.LogServiceImpl [] [] - 审计报表查询结果 - 记录数: 2, 总数: 2
2025-07-02 13:51:46.714 [http-nio-8080-exec-4] INFO  com.csu.sms.service.impl.LogServiceImpl [] [] - 记录: module=成绩管理, operation=查询考试记录, count=1
2025-07-02 13:51:46.714 [http-nio-8080-exec-4] INFO  com.csu.sms.service.impl.LogServiceImpl [] [] - 记录: module=知识库管理, operation=查询书籍列表, count=4
2025-07-02 13:52:03.883 [http-nio-8080-exec-2] INFO  com.csu.sms.service.impl.LogServiceImpl [] [] - 审计报表查询参数 - userId: null, startTime: null, endTime: null, operation: null, module: 成绩管理, page: 1, size: 20
2025-07-02 13:52:03.890 [http-nio-8080-exec-2] INFO  com.csu.sms.service.impl.LogServiceImpl [] [] - 审计报表查询结果 - 记录数: 1, 总数: 1
2025-07-02 13:52:03.890 [http-nio-8080-exec-2] INFO  com.csu.sms.service.impl.LogServiceImpl [] [] - 记录: module=成绩管理, operation=查询考试记录, count=1
2025-07-02 13:52:14.806 [http-nio-8080-exec-6] INFO  com.csu.sms.service.impl.LogServiceImpl [] [] - 审计报表查询参数 - userId: null, startTime: null, endTime: null, operation: null, module: null, page: 1, size: 20
2025-07-02 13:52:14.809 [http-nio-8080-exec-6] INFO  com.csu.sms.service.impl.LogServiceImpl [] [] - 审计报表查询结果 - 记录数: 2, 总数: 2
2025-07-02 13:52:14.809 [http-nio-8080-exec-6] INFO  com.csu.sms.service.impl.LogServiceImpl [] [] - 记录: module=成绩管理, operation=查询考试记录, count=1
2025-07-02 13:52:14.809 [http-nio-8080-exec-6] INFO  com.csu.sms.service.impl.LogServiceImpl [] [] - 记录: module=知识库管理, operation=查询书籍列表, count=4
2025-07-02 13:59:03.624 [http-nio-8080-exec-10] INFO  com.csu.sms.service.impl.LogServiceImpl [] [] - 审计报表查询参数 - userId: null, startTime: null, endTime: null, operation: null, module: null, page: 1, size: 20
2025-07-02 13:59:03.630 [http-nio-8080-exec-10] INFO  com.csu.sms.service.impl.LogServiceImpl [] [] - 审计报表查询结果 - 记录数: 2, 总数: 2
2025-07-02 13:59:03.630 [http-nio-8080-exec-10] INFO  com.csu.sms.service.impl.LogServiceImpl [] [] - 记录: module=成绩管理, operation=查询考试记录, count=1
2025-07-02 13:59:03.630 [http-nio-8080-exec-10] INFO  com.csu.sms.service.impl.LogServiceImpl [] [] - 记录: module=知识库管理, operation=查询书籍列表, count=4
2025-07-02 13:59:40.581 [http-nio-8080-exec-4] INFO  com.csu.sms.service.impl.LogServiceImpl [] [] - 审计报表查询参数 - userId: null, startTime: null, endTime: null, operation: null, module: null, page: 1, size: 20
2025-07-02 13:59:40.585 [http-nio-8080-exec-4] INFO  com.csu.sms.service.impl.LogServiceImpl [] [] - 审计报表查询结果 - 记录数: 2, 总数: 2
2025-07-02 13:59:40.585 [http-nio-8080-exec-4] INFO  com.csu.sms.service.impl.LogServiceImpl [] [] - 记录: module=成绩管理, operation=查询考试记录, count=1
2025-07-02 13:59:40.585 [http-nio-8080-exec-4] INFO  com.csu.sms.service.impl.LogServiceImpl [] [] - 记录: module=知识库管理, operation=查询书籍列表, count=4
2025-07-02 14:02:32.855 [log-2] INFO  com.csu.sms.service.impl.LogServiceImpl [] [] - 系统日志已保存到数据库 - 级别: ERROR, 类型: 系统异常, 标题: 系统异常
2025-07-02 14:04:01.457 [http-nio-8080-exec-7] INFO  com.csu.sms.service.impl.LogServiceImpl [] [] - 审计报表查询参数 - userId: null, startTime: null, endTime: null, operation: null, module: null, page: 1, size: 20
2025-07-02 14:04:01.461 [http-nio-8080-exec-7] INFO  com.csu.sms.service.impl.LogServiceImpl [] [] - 审计报表查询结果 - 记录数: 2, 总数: 2
2025-07-02 14:04:01.461 [http-nio-8080-exec-7] INFO  com.csu.sms.service.impl.LogServiceImpl [] [] - 记录: module=成绩管理, operation=查询考试记录, count=1
2025-07-02 14:04:01.461 [http-nio-8080-exec-7] INFO  com.csu.sms.service.impl.LogServiceImpl [] [] - 记录: module=知识库管理, operation=查询书籍列表, count=4
2025-07-02 14:05:25.546 [http-nio-8080-exec-1] INFO  com.csu.sms.service.impl.LogServiceImpl [] [] - 审计报表查询参数 - userId: null, startTime: null, endTime: null, operation: null, module: null, page: 1, size: 20
2025-07-02 14:05:25.550 [http-nio-8080-exec-1] INFO  com.csu.sms.service.impl.LogServiceImpl [] [] - 审计报表查询结果 - 记录数: 2, 总数: 2
2025-07-02 14:05:25.550 [http-nio-8080-exec-1] INFO  com.csu.sms.service.impl.LogServiceImpl [] [] - 记录: module=成绩管理, operation=查询考试记录, count=1
2025-07-02 14:05:25.550 [http-nio-8080-exec-1] INFO  com.csu.sms.service.impl.LogServiceImpl [] [] - 记录: module=知识库管理, operation=查询书籍列表, count=4
2025-07-02 14:06:03.669 [http-nio-8080-exec-3] INFO  com.csu.sms.service.impl.LogServiceImpl [] [] - 审计报表查询参数 - userId: null, startTime: null, endTime: null, operation: null, module: null, page: 1, size: 20
2025-07-02 14:06:03.673 [http-nio-8080-exec-3] INFO  com.csu.sms.service.impl.LogServiceImpl [] [] - 审计报表查询结果 - 记录数: 2, 总数: 2
2025-07-02 14:06:03.673 [http-nio-8080-exec-3] INFO  com.csu.sms.service.impl.LogServiceImpl [] [] - 记录: module=成绩管理, operation=查询考试记录, count=1
2025-07-02 14:06:03.673 [http-nio-8080-exec-3] INFO  com.csu.sms.service.impl.LogServiceImpl [] [] - 记录: module=知识库管理, operation=查询书籍列表, count=4
2025-07-02 14:07:20.179 [http-nio-8080-exec-7] INFO  com.csu.sms.service.impl.LogServiceImpl [] [] - 审计报表查询参数 - userId: null, startTime: null, endTime: null, operation: null, module: null, page: 1, size: 20
2025-07-02 14:07:20.184 [http-nio-8080-exec-7] INFO  com.csu.sms.service.impl.LogServiceImpl [] [] - 审计报表查询结果 - 记录数: 2, 总数: 2
2025-07-02 14:07:20.184 [http-nio-8080-exec-7] INFO  com.csu.sms.service.impl.LogServiceImpl [] [] - 记录: module=成绩管理, operation=查询考试记录, count=1
2025-07-02 14:07:20.184 [http-nio-8080-exec-7] INFO  com.csu.sms.service.impl.LogServiceImpl [] [] - 记录: module=知识库管理, operation=查询书籍列表, count=4
2025-07-02 14:11:18.208 [http-nio-8080-exec-1] INFO  com.csu.sms.service.impl.LogServiceImpl [] [] - 审计报表查询参数 - userId: null, startTime: null, endTime: null, operation: null, module: null, page: 1, size: 20
2025-07-02 14:11:18.215 [http-nio-8080-exec-1] INFO  com.csu.sms.service.impl.LogServiceImpl [] [] - 审计报表查询结果 - 记录数: 2, 总数: 2
2025-07-02 14:11:18.215 [http-nio-8080-exec-1] INFO  com.csu.sms.service.impl.LogServiceImpl [] [] - 记录: module=成绩管理, operation=查询考试记录, count=1
2025-07-02 14:11:18.215 [http-nio-8080-exec-1] INFO  com.csu.sms.service.impl.LogServiceImpl [] [] - 记录: module=知识库管理, operation=查询书籍列表, count=4
2025-07-02 14:16:08.626 [http-nio-8080-exec-5] INFO  com.csu.sms.service.impl.LogServiceImpl [] [] - 审计报表查询参数 - userId: null, startTime: null, endTime: null, operation: null, module: null, page: 1, size: 20
2025-07-02 14:16:08.630 [http-nio-8080-exec-5] INFO  com.csu.sms.service.impl.LogServiceImpl [] [] - 审计报表查询结果 - 记录数: 2, 总数: 2
2025-07-02 14:16:08.630 [http-nio-8080-exec-5] INFO  com.csu.sms.service.impl.LogServiceImpl [] [] - 记录: module=成绩管理, operation=查询考试记录, count=1
2025-07-02 14:16:08.630 [http-nio-8080-exec-5] INFO  com.csu.sms.service.impl.LogServiceImpl [] [] - 记录: module=知识库管理, operation=查询书籍列表, count=4
2025-07-02 14:19:28.331 [http-nio-8080-exec-8] INFO  com.csu.sms.service.impl.LogServiceImpl [] [] - 审计报表查询参数 - userId: null, startTime: null, endTime: null, operation: null, module: null, page: 1, size: 20
2025-07-02 14:19:28.335 [http-nio-8080-exec-8] INFO  com.csu.sms.service.impl.LogServiceImpl [] [] - 审计报表查询结果 - 记录数: 2, 总数: 2
2025-07-02 14:19:28.335 [http-nio-8080-exec-8] INFO  com.csu.sms.service.impl.LogServiceImpl [] [] - 记录: module=成绩管理, operation=查询考试记录, count=1
2025-07-02 14:19:28.335 [http-nio-8080-exec-8] INFO  com.csu.sms.service.impl.LogServiceImpl [] [] - 记录: module=知识库管理, operation=查询书籍列表, count=4
2025-07-02 14:19:45.811 [http-nio-8080-exec-1] INFO  com.csu.sms.service.impl.LogServiceImpl [] [] - 审计报表查询参数 - userId: null, startTime: null, endTime: null, operation: null, module: null, page: 1, size: 20
2025-07-02 14:19:45.817 [http-nio-8080-exec-1] INFO  com.csu.sms.service.impl.LogServiceImpl [] [] - 审计报表查询结果 - 记录数: 2, 总数: 2
2025-07-02 14:19:45.817 [http-nio-8080-exec-1] INFO  com.csu.sms.service.impl.LogServiceImpl [] [] - 记录: module=成绩管理, operation=查询考试记录, count=1
2025-07-02 14:19:45.817 [http-nio-8080-exec-1] INFO  com.csu.sms.service.impl.LogServiceImpl [] [] - 记录: module=知识库管理, operation=查询书籍列表, count=4
2025-07-02 14:24:07.182 [http-nio-8080-exec-5] INFO  com.csu.sms.service.impl.LogServiceImpl [] [] - 审计报表查询参数 - userId: null, startTime: null, endTime: null, operation: null, module: null, page: 1, size: 20
2025-07-02 14:24:07.188 [http-nio-8080-exec-5] INFO  com.csu.sms.service.impl.LogServiceImpl [] [] - 审计报表查询结果 - 记录数: 2, 总数: 2
2025-07-02 14:24:07.188 [http-nio-8080-exec-5] INFO  com.csu.sms.service.impl.LogServiceImpl [] [] - 记录: module=成绩管理, operation=查询考试记录, count=1
2025-07-02 14:24:07.188 [http-nio-8080-exec-5] INFO  com.csu.sms.service.impl.LogServiceImpl [] [] - 记录: module=知识库管理, operation=查询书籍列表, count=4
2025-07-02 14:26:56.291 [http-nio-8080-exec-1] INFO  com.csu.sms.service.impl.LogServiceImpl [] [] - 审计报表查询参数 - userId: null, startTime: null, endTime: null, operation: null, module: null, page: 1, size: 20
2025-07-02 14:26:56.295 [http-nio-8080-exec-1] INFO  com.csu.sms.service.impl.LogServiceImpl [] [] - 审计报表查询结果 - 记录数: 2, 总数: 2
2025-07-02 14:26:56.295 [http-nio-8080-exec-1] INFO  com.csu.sms.service.impl.LogServiceImpl [] [] - 记录: module=成绩管理, operation=查询考试记录, count=1
2025-07-02 14:26:56.295 [http-nio-8080-exec-1] INFO  com.csu.sms.service.impl.LogServiceImpl [] [] - 记录: module=知识库管理, operation=查询书籍列表, count=4
2025-07-02 14:31:24.148 [http-nio-8080-exec-9] INFO  com.csu.sms.service.impl.LogServiceImpl [] [] - 审计报表查询参数 - userId: null, startTime: null, endTime: null, operation: null, module: null, page: 1, size: 20
2025-07-02 14:31:24.151 [http-nio-8080-exec-9] INFO  com.csu.sms.service.impl.LogServiceImpl [] [] - 审计报表查询结果 - 记录数: 2, 总数: 2
2025-07-02 14:31:24.151 [http-nio-8080-exec-9] INFO  com.csu.sms.service.impl.LogServiceImpl [] [] - 记录: module=成绩管理, operation=查询考试记录, count=1
2025-07-02 14:31:24.151 [http-nio-8080-exec-9] INFO  com.csu.sms.service.impl.LogServiceImpl [] [] - 记录: module=知识库管理, operation=查询书籍列表, count=4
2025-07-02 14:35:50.729 [http-nio-8080-exec-5] INFO  com.csu.sms.service.impl.LogServiceImpl [] [] - 审计报表查询参数 - userId: null, startTime: null, endTime: null, operation: null, module: null, page: 1, size: 20
2025-07-02 14:35:50.732 [http-nio-8080-exec-5] INFO  com.csu.sms.service.impl.LogServiceImpl [] [] - 审计报表查询结果 - 记录数: 2, 总数: 2
2025-07-02 14:35:50.732 [http-nio-8080-exec-5] INFO  com.csu.sms.service.impl.LogServiceImpl [] [] - 记录: module=成绩管理, operation=查询考试记录, count=1
2025-07-02 14:35:50.732 [http-nio-8080-exec-5] INFO  com.csu.sms.service.impl.LogServiceImpl [] [] - 记录: module=知识库管理, operation=查询书籍列表, count=4
2025-07-02 14:40:44.527 [http-nio-8080-exec-9] INFO  com.csu.sms.service.impl.LogServiceImpl [] [] - 审计报表查询参数 - userId: null, startTime: null, endTime: null, operation: null, module: null, page: 1, size: 20
2025-07-02 14:40:44.532 [http-nio-8080-exec-9] INFO  com.csu.sms.service.impl.LogServiceImpl [] [] - 审计报表查询结果 - 记录数: 2, 总数: 2
2025-07-02 14:40:44.532 [http-nio-8080-exec-9] INFO  com.csu.sms.service.impl.LogServiceImpl [] [] - 记录: module=成绩管理, operation=查询考试记录, count=1
2025-07-02 14:40:44.532 [http-nio-8080-exec-9] INFO  com.csu.sms.service.impl.LogServiceImpl [] [] - 记录: module=知识库管理, operation=查询书籍列表, count=4
2025-07-02 19:38:39.361 [log-1] INFO  com.csu.sms.service.impl.LogServiceImpl [] [] - 系统日志已保存到数据库 - 级别: INFO, 类型: OSS连接, 标题: 阿里云OSS连接成功
2025-07-02 19:38:39.977 [log-2] INFO  com.csu.sms.service.impl.LogServiceImpl [] [] - 系统日志已保存到数据库 - 级别: INFO, 类型: 系统启动, 标题: 学生管理系统启动成功
