2025-07-01 14:12:28.724 [http-nio-8080-exec-1] INFO  com.csu.sms.aspect.PerformanceAspect [] [] - 接口性能监控 - 方法: getSystemLogs, 执行时间: 30ms
2025-07-01 14:13:04.923 [http-nio-8080-exec-4] INFO  com.csu.sms.aspect.PerformanceAspect [] [] - 接口性能监控 - 方法: getKnowledgeList, 执行时间: 80ms
2025-07-01 14:19:13.151 [http-nio-8080-exec-6] INFO  com.csu.sms.aspect.PerformanceAspect [] [] - 接口性能监控 - 方法: getHomework, 执行时间: 427ms
2025-07-01 14:26:38.212 [http-nio-8080-exec-4] INFO  com.csu.sms.aspect.PerformanceAspect [] [] - 接口性能监控 - 方法: getUserExamRecords, 执行时间: 100ms
2025-07-01 17:21:39.663 [http-nio-8080-exec-1] INFO  com.csu.sms.aspect.PerformanceAspect [] [] - 接口性能监控 - 方法: getOperationAuditReport, 执行时间: 29ms
2025-07-01 18:31:39.358 [http-nio-8080-exec-3] INFO  com.csu.sms.aspect.PerformanceAspect [] [] - 接口性能监控 - 方法: getOperationAuditReport, 执行时间: 42ms
2025-07-01 18:31:56.040 [http-nio-8080-exec-7] INFO  com.csu.sms.aspect.PerformanceAspect [] [] - 接口性能监控 - 方法: getOperationAuditReport, 执行时间: 11ms
2025-07-01 18:32:13.812 [http-nio-8080-exec-9] INFO  com.csu.sms.aspect.PerformanceAspect [] [] - 接口性能监控 - 方法: getOperationAuditReport, 执行时间: 13ms
2025-07-02 09:28:12.677 [http-nio-8080-exec-10] INFO  com.csu.sms.aspect.PerformanceAspect [] [] - 接口性能监控 - 方法: getOperationAuditReport, 执行时间: 70ms
2025-07-02 09:37:11.997 [http-nio-8080-exec-9] INFO  com.csu.sms.aspect.PerformanceAspect [] [] - 接口性能监控 - 方法: getOperationAuditReport, 执行时间: 55ms
2025-07-02 09:37:13.742 [http-nio-8080-exec-3] INFO  com.csu.sms.aspect.PerformanceAspect [] [] - 接口性能监控 - 方法: getOperationLogDetails, 执行时间: 11ms
2025-07-02 09:37:18.165 [http-nio-8080-exec-8] INFO  com.csu.sms.aspect.PerformanceAspect [] [] - 接口性能监控 - 方法: getOperationLogDetails, 执行时间: 14ms
2025-07-02 09:37:30.913 [http-nio-8080-exec-6] INFO  com.csu.sms.aspect.PerformanceAspect [] [] - 接口性能监控 - 方法: getOperationLogDetails, 执行时间: 11ms
2025-07-02 09:40:13.169 [http-nio-8080-exec-5] INFO  com.csu.sms.aspect.PerformanceAspect [] [] - 接口性能监控 - 方法: getOperationAuditReport, 执行时间: 16ms
2025-07-02 09:40:20.403 [http-nio-8080-exec-7] INFO  com.csu.sms.aspect.PerformanceAspect [] [] - 接口性能监控 - 方法: getOperationAuditReport, 执行时间: 15ms
2025-07-02 09:41:18.984 [http-nio-8080-exec-2] INFO  com.csu.sms.aspect.PerformanceAspect [] [] - 接口性能监控 - 方法: getOperationAuditReport, 执行时间: 8ms
2025-07-02 09:41:26.234 [http-nio-8080-exec-10] INFO  com.csu.sms.aspect.PerformanceAspect [] [] - 接口性能监控 - 方法: getOperationLogDetails, 执行时间: 9ms
2025-07-02 09:41:31.613 [http-nio-8080-exec-9] INFO  com.csu.sms.aspect.PerformanceAspect [] [] - 接口性能监控 - 方法: getOperationLogDetails, 执行时间: 11ms
2025-07-02 09:44:31.669 [http-nio-8080-exec-8] INFO  com.csu.sms.aspect.PerformanceAspect [] [] - 接口性能监控 - 方法: getOperationLogDetails, 执行时间: 16ms
2025-07-02 09:44:51.406 [http-nio-8080-exec-4] INFO  com.csu.sms.aspect.PerformanceAspect [] [] - 接口性能监控 - 方法: getOperationLogDetails, 执行时间: 14ms
2025-07-02 09:48:27.838 [http-nio-8080-exec-10] INFO  com.csu.sms.aspect.PerformanceAspect [] [] - 接口性能监控 - 方法: getOperationAuditReport, 执行时间: 36ms
2025-07-02 09:48:30.921 [http-nio-8080-exec-6] INFO  com.csu.sms.aspect.PerformanceAspect [] [] - 接口性能监控 - 方法: getOperationLogDetails, 执行时间: 11ms
2025-07-02 09:48:37.349 [http-nio-8080-exec-3] INFO  com.csu.sms.aspect.PerformanceAspect [] [] - 接口性能监控 - 方法: getOperationLogDetails, 执行时间: 12ms
2025-07-02 09:50:07.312 [http-nio-8080-exec-1] INFO  com.csu.sms.aspect.PerformanceAspect [] [] - 接口性能监控 - 方法: getOperationAuditReport, 执行时间: 8ms
2025-07-02 09:50:09.837 [http-nio-8080-exec-10] INFO  com.csu.sms.aspect.PerformanceAspect [] [] - 接口性能监控 - 方法: getOperationLogDetails, 执行时间: 8ms
2025-07-02 09:50:22.826 [http-nio-8080-exec-7] INFO  com.csu.sms.aspect.PerformanceAspect [] [] - 接口性能监控 - 方法: getOperationLogDetails, 执行时间: 10ms
2025-07-02 09:54:48.994 [http-nio-8080-exec-6] INFO  com.csu.sms.aspect.PerformanceAspect [] [] - 接口性能监控 - 方法: getOperationAuditReport, 执行时间: 9ms
2025-07-02 09:54:53.672 [http-nio-8080-exec-3] INFO  com.csu.sms.aspect.PerformanceAspect [] [] - 接口性能监控 - 方法: getOperationLogDetails, 执行时间: 17ms
2025-07-02 09:55:02.586 [http-nio-8080-exec-4] INFO  com.csu.sms.aspect.PerformanceAspect [] [] - 接口性能监控 - 方法: getOperationLogDetails, 执行时间: 19ms
2025-07-02 10:28:33.715 [http-nio-8080-exec-9] INFO  com.csu.sms.aspect.PerformanceAspect [] [] - 接口性能监控 - 方法: getOperationAuditReport, 执行时间: 13ms
2025-07-02 10:30:26.264 [http-nio-8080-exec-1] ERROR com.csu.sms.aspect.PerformanceAspect [] [] - 接口执行异常 - 方法: exportOperationLogs, 执行时间: 71ms, 异常: You need to add dependency of 'poi-ooxml' to your project, and version >= 4.1.2
2025-07-02 10:30:26.309 [http-nio-8080-exec-1] INFO  com.csu.sms.aspect.PerformanceAspect [] [] - 接口性能监控 - 方法: error, 执行时间: 2ms
2025-07-02 10:31:17.294 [http-nio-8080-exec-4] ERROR com.csu.sms.aspect.PerformanceAspect [] [] - 接口执行异常 - 方法: exportOperationLogs, 执行时间: 6ms, 异常: You need to add dependency of 'poi-ooxml' to your project, and version >= 4.1.2
2025-07-02 10:31:17.302 [http-nio-8080-exec-4] INFO  com.csu.sms.aspect.PerformanceAspect [] [] - 接口性能监控 - 方法: error, 执行时间: 1ms
2025-07-02 10:32:53.943 [http-nio-8080-exec-6] ERROR com.csu.sms.aspect.PerformanceAspect [] [] - 接口执行异常 - 方法: exportOperationLogs, 执行时间: 6ms, 异常: You need to add dependency of 'poi-ooxml' to your project, and version >= 4.1.2
2025-07-02 10:32:53.948 [http-nio-8080-exec-6] INFO  com.csu.sms.aspect.PerformanceAspect [] [] - 接口性能监控 - 方法: error, 执行时间: 0ms
2025-07-02 10:33:10.631 [http-nio-8080-exec-8] ERROR com.csu.sms.aspect.PerformanceAspect [] [] - 接口执行异常 - 方法: exportOperationLogs, 执行时间: 8ms, 异常: You need to add dependency of 'poi-ooxml' to your project, and version >= 4.1.2
2025-07-02 10:33:10.635 [http-nio-8080-exec-8] INFO  com.csu.sms.aspect.PerformanceAspect [] [] - 接口性能监控 - 方法: error, 执行时间: 0ms
2025-07-02 10:34:30.572 [http-nio-8080-exec-10] ERROR com.csu.sms.aspect.PerformanceAspect [] [] - 接口执行异常 - 方法: exportOperationLogs, 执行时间: 8ms, 异常: You need to add dependency of 'poi-ooxml' to your project, and version >= 4.1.2
2025-07-02 10:34:30.578 [http-nio-8080-exec-10] INFO  com.csu.sms.aspect.PerformanceAspect [] [] - 接口性能监控 - 方法: error, 执行时间: 0ms
2025-07-02 10:34:53.427 [http-nio-8080-exec-1] ERROR com.csu.sms.aspect.PerformanceAspect [] [] - 接口执行异常 - 方法: exportOperationLogs, 执行时间: 10ms, 异常: You need to add dependency of 'poi-ooxml' to your project, and version >= 4.1.2
2025-07-02 10:34:53.433 [http-nio-8080-exec-1] INFO  com.csu.sms.aspect.PerformanceAspect [] [] - 接口性能监控 - 方法: error, 执行时间: 0ms
2025-07-02 10:37:56.614 [http-nio-8080-exec-3] INFO  com.csu.sms.aspect.PerformanceAspect [] [] - 接口性能监控 - 方法: exportOperationLogs, 执行时间: 246ms
2025-07-02 10:40:00.956 [http-nio-8080-exec-4] INFO  com.csu.sms.aspect.PerformanceAspect [] [] - 接口性能监控 - 方法: exportOperationLogs, 执行时间: 15ms
2025-07-02 10:40:42.803 [http-nio-8080-exec-6] INFO  com.csu.sms.aspect.PerformanceAspect [] [] - 接口性能监控 - 方法: exportOperationLogs, 执行时间: 11ms
2025-07-02 10:40:56.543 [http-nio-8080-exec-7] INFO  com.csu.sms.aspect.PerformanceAspect [] [] - 接口性能监控 - 方法: exportOperationLogs, 执行时间: 186ms
2025-07-02 10:41:07.176 [http-nio-8080-exec-8] INFO  com.csu.sms.aspect.PerformanceAspect [] [] - 接口性能监控 - 方法: exportOperationLogs, 执行时间: 36ms
2025-07-02 10:42:12.403 [http-nio-8080-exec-3] INFO  com.csu.sms.aspect.PerformanceAspect [] [] - 接口性能监控 - 方法: getOperationAuditReport, 执行时间: 15ms
2025-07-02 10:42:14.655 [http-nio-8080-exec-5] INFO  com.csu.sms.aspect.PerformanceAspect [] [] - 接口性能监控 - 方法: exportOperationLogs, 执行时间: 44ms
2025-07-02 10:42:50.758 [http-nio-8080-exec-4] INFO  com.csu.sms.aspect.PerformanceAspect [] [] - 接口性能监控 - 方法: exportOperationLogs, 执行时间: 10ms
2025-07-02 10:43:41.237 [http-nio-8080-exec-8] INFO  com.csu.sms.aspect.PerformanceAspect [] [] - 接口性能监控 - 方法: exportOperationLogs, 执行时间: 20ms
2025-07-02 10:48:55.890 [http-nio-8080-exec-1] INFO  com.csu.sms.aspect.PerformanceAspect [] [] - 接口性能监控 - 方法: exportOperationLogs, 执行时间: 701ms
2025-07-02 10:50:25.005 [http-nio-8080-exec-6] INFO  com.csu.sms.aspect.PerformanceAspect [] [] - 接口性能监控 - 方法: exportOperationLogs, 执行时间: 18ms
2025-07-02 10:53:52.030 [http-nio-8080-exec-1] INFO  com.csu.sms.aspect.PerformanceAspect [] [] - 接口性能监控 - 方法: exportOperationLogs, 执行时间: 1267ms
2025-07-02 10:53:52.030 [http-nio-8080-exec-1] WARN  com.csu.sms.aspect.PerformanceAspect [] [] - 接口执行时间过长 - 方法: exportOperationLogs, 执行时间: 1267ms
2025-07-02 10:58:21.541 [http-nio-8080-exec-1] INFO  com.csu.sms.aspect.PerformanceAspect [] [] - 接口性能监控 - 方法: exportOperationLogs, 执行时间: 1330ms
2025-07-02 10:58:21.542 [http-nio-8080-exec-1] WARN  com.csu.sms.aspect.PerformanceAspect [] [] - 接口执行时间过长 - 方法: exportOperationLogs, 执行时间: 1330ms
2025-07-02 11:02:08.738 [http-nio-8080-exec-1] INFO  com.csu.sms.aspect.PerformanceAspect [] [] - 接口性能监控 - 方法: exportOperationLogs, 执行时间: 1502ms
2025-07-02 11:02:08.738 [http-nio-8080-exec-1] WARN  com.csu.sms.aspect.PerformanceAspect [] [] - 接口执行时间过长 - 方法: exportOperationLogs, 执行时间: 1502ms
2025-07-02 11:02:59.654 [http-nio-8080-exec-4] INFO  com.csu.sms.aspect.PerformanceAspect [] [] - 接口性能监控 - 方法: getOperationAuditReport, 执行时间: 22ms
2025-07-02 11:03:02.608 [http-nio-8080-exec-6] INFO  com.csu.sms.aspect.PerformanceAspect [] [] - 接口性能监控 - 方法: exportOperationLogs, 执行时间: 83ms
2025-07-02 11:03:06.588 [http-nio-8080-exec-2] INFO  com.csu.sms.aspect.PerformanceAspect [] [] - 接口性能监控 - 方法: exportOperationLogs, 执行时间: 78ms
2025-07-02 11:06:15.904 [http-nio-8080-exec-4] INFO  com.csu.sms.aspect.PerformanceAspect [] [] - 接口性能监控 - 方法: getOperationAuditReport, 执行时间: 7ms
2025-07-02 11:06:17.914 [http-nio-8080-exec-6] INFO  com.csu.sms.aspect.PerformanceAspect [] [] - 接口性能监控 - 方法: exportOperationLogs, 执行时间: 61ms
2025-07-02 11:10:08.702 [http-nio-8080-exec-4] INFO  com.csu.sms.aspect.PerformanceAspect [] [] - 接口性能监控 - 方法: exportOperationLogs, 执行时间: 746ms
2025-07-02 11:13:48.072 [http-nio-8080-exec-3] INFO  com.csu.sms.aspect.PerformanceAspect [] [] - 接口性能监控 - 方法: getOperationAuditReport, 执行时间: 15ms
2025-07-02 11:14:23.847 [http-nio-8080-exec-1] INFO  com.csu.sms.aspect.PerformanceAspect [] [] - 接口性能监控 - 方法: getOperationAuditReport, 执行时间: 9ms
2025-07-02 11:14:33.273 [http-nio-8080-exec-8] INFO  com.csu.sms.aspect.PerformanceAspect [] [] - 接口性能监控 - 方法: getOperationAuditReport, 执行时间: 7ms
2025-07-02 11:14:56.030 [http-nio-8080-exec-5] INFO  com.csu.sms.aspect.PerformanceAspect [] [] - 接口性能监控 - 方法: getOperationAuditReport, 执行时间: 8ms
2025-07-02 11:15:03.454 [http-nio-8080-exec-2] INFO  com.csu.sms.aspect.PerformanceAspect [] [] - 接口性能监控 - 方法: getOperationAuditReport, 执行时间: 6ms
2025-07-02 11:15:04.609 [http-nio-8080-exec-3] INFO  com.csu.sms.aspect.PerformanceAspect [] [] - 接口性能监控 - 方法: getOperationAuditReport, 执行时间: 8ms
2025-07-02 11:15:05.106 [http-nio-8080-exec-1] INFO  com.csu.sms.aspect.PerformanceAspect [] [] - 接口性能监控 - 方法: getOperationAuditReport, 执行时间: 6ms
2025-07-02 11:15:05.281 [http-nio-8080-exec-8] INFO  com.csu.sms.aspect.PerformanceAspect [] [] - 接口性能监控 - 方法: getOperationAuditReport, 执行时间: 7ms
2025-07-02 11:15:05.467 [http-nio-8080-exec-5] INFO  com.csu.sms.aspect.PerformanceAspect [] [] - 接口性能监控 - 方法: getOperationAuditReport, 执行时间: 5ms
2025-07-02 11:15:05.650 [http-nio-8080-exec-2] INFO  com.csu.sms.aspect.PerformanceAspect [] [] - 接口性能监控 - 方法: getOperationAuditReport, 执行时间: 9ms
2025-07-02 11:15:05.826 [http-nio-8080-exec-3] INFO  com.csu.sms.aspect.PerformanceAspect [] [] - 接口性能监控 - 方法: getOperationAuditReport, 执行时间: 6ms
2025-07-02 11:15:06.004 [http-nio-8080-exec-1] INFO  com.csu.sms.aspect.PerformanceAspect [] [] - 接口性能监控 - 方法: getOperationAuditReport, 执行时间: 6ms
2025-07-02 11:15:06.193 [http-nio-8080-exec-8] INFO  com.csu.sms.aspect.PerformanceAspect [] [] - 接口性能监控 - 方法: getOperationAuditReport, 执行时间: 6ms
2025-07-02 11:15:06.379 [http-nio-8080-exec-5] INFO  com.csu.sms.aspect.PerformanceAspect [] [] - 接口性能监控 - 方法: getOperationAuditReport, 执行时间: 5ms
2025-07-02 11:15:06.586 [http-nio-8080-exec-2] INFO  com.csu.sms.aspect.PerformanceAspect [] [] - 接口性能监控 - 方法: getOperationAuditReport, 执行时间: 4ms
2025-07-02 11:15:06.767 [http-nio-8080-exec-3] INFO  com.csu.sms.aspect.PerformanceAspect [] [] - 接口性能监控 - 方法: getOperationAuditReport, 执行时间: 5ms
2025-07-02 11:15:06.965 [http-nio-8080-exec-1] INFO  com.csu.sms.aspect.PerformanceAspect [] [] - 接口性能监控 - 方法: getOperationAuditReport, 执行时间: 5ms
2025-07-02 11:15:07.151 [http-nio-8080-exec-8] INFO  com.csu.sms.aspect.PerformanceAspect [] [] - 接口性能监控 - 方法: getOperationAuditReport, 执行时间: 8ms
2025-07-02 11:15:07.333 [http-nio-8080-exec-5] INFO  com.csu.sms.aspect.PerformanceAspect [] [] - 接口性能监控 - 方法: getOperationAuditReport, 执行时间: 8ms
2025-07-02 11:15:07.553 [http-nio-8080-exec-2] INFO  com.csu.sms.aspect.PerformanceAspect [] [] - 接口性能监控 - 方法: getOperationAuditReport, 执行时间: 8ms
2025-07-02 11:17:33.210 [http-nio-8080-exec-4] INFO  com.csu.sms.aspect.PerformanceAspect [] [] - 接口性能监控 - 方法: getOperationAuditReport, 执行时间: 10ms
2025-07-02 11:17:55.351 [http-nio-8080-exec-6] INFO  com.csu.sms.aspect.PerformanceAspect [] [] - 接口性能监控 - 方法: getOperationAuditReport, 执行时间: 14ms
2025-07-02 11:19:57.473 [http-nio-8080-exec-4] INFO  com.csu.sms.aspect.PerformanceAspect [] [] - 接口性能监控 - 方法: getOperationAuditReport, 执行时间: 8ms
2025-07-02 11:20:02.989 [http-nio-8080-exec-6] INFO  com.csu.sms.aspect.PerformanceAspect [] [] - 接口性能监控 - 方法: getOperationAuditReport, 执行时间: 8ms
2025-07-02 11:28:47.822 [http-nio-8080-exec-7] INFO  com.csu.sms.aspect.PerformanceAspect [] [] - 接口性能监控 - 方法: getOperationAuditReport, 执行时间: 9ms
2025-07-02 11:29:01.288 [http-nio-8080-exec-3] INFO  com.csu.sms.aspect.PerformanceAspect [] [] - 接口性能监控 - 方法: getOperationAuditReport, 执行时间: 7ms
2025-07-02 11:32:33.306 [http-nio-8080-exec-4] INFO  com.csu.sms.aspect.PerformanceAspect [] [] - 接口性能监控 - 方法: getOperationAuditReport, 执行时间: 7ms
2025-07-02 11:32:51.479 [http-nio-8080-exec-8] INFO  com.csu.sms.aspect.PerformanceAspect [] [] - 接口性能监控 - 方法: getOperationAuditReport, 执行时间: 7ms
2025-07-02 11:34:35.115 [http-nio-8080-exec-2] INFO  com.csu.sms.aspect.PerformanceAspect [] [] - 接口性能监控 - 方法: getOperationAuditReport, 执行时间: 9ms
2025-07-02 11:36:34.174 [http-nio-8080-exec-3] INFO  com.csu.sms.aspect.PerformanceAspect [] [] - 接口性能监控 - 方法: getOperationAuditReport, 执行时间: 6ms
2025-07-02 11:41:01.431 [http-nio-8080-exec-4] INFO  com.csu.sms.aspect.PerformanceAspect [] [] - 接口性能监控 - 方法: getOperationAuditReport, 执行时间: 35ms
2025-07-02 11:41:15.121 [http-nio-8080-exec-2] INFO  com.csu.sms.aspect.PerformanceAspect [] [] - 接口性能监控 - 方法: getOperationAuditReport, 执行时间: 8ms
2025-07-02 11:41:33.989 [http-nio-8080-exec-7] INFO  com.csu.sms.aspect.PerformanceAspect [] [] - 接口性能监控 - 方法: getOperationAuditReport, 执行时间: 8ms
2025-07-02 11:42:07.777 [http-nio-8080-exec-5] INFO  com.csu.sms.aspect.PerformanceAspect [] [] - 接口性能监控 - 方法: getOperationAuditReport, 执行时间: 15ms
2025-07-02 11:42:17.237 [http-nio-8080-exec-1] INFO  com.csu.sms.aspect.PerformanceAspect [] [] - 接口性能监控 - 方法: getOperationAuditReport, 执行时间: 17ms
2025-07-02 11:49:24.530 [http-nio-8080-exec-3] INFO  com.csu.sms.aspect.PerformanceAspect [] [] - 接口性能监控 - 方法: getOperationAuditReport, 执行时间: 15ms
2025-07-02 11:49:31.626 [http-nio-8080-exec-5] INFO  com.csu.sms.aspect.PerformanceAspect [] [] - 接口性能监控 - 方法: getOperationAuditReport, 执行时间: 17ms
2025-07-02 11:49:33.492 [http-nio-8080-exec-10] INFO  com.csu.sms.aspect.PerformanceAspect [] [] - 接口性能监控 - 方法: getOperationAuditReport, 执行时间: 17ms
2025-07-02 11:49:38.975 [http-nio-8080-exec-4] INFO  com.csu.sms.aspect.PerformanceAspect [] [] - 接口性能监控 - 方法: getOperationAuditReport, 执行时间: 16ms
2025-07-02 11:49:40.631 [http-nio-8080-exec-6] INFO  com.csu.sms.aspect.PerformanceAspect [] [] - 接口性能监控 - 方法: getOperationAuditReport, 执行时间: 22ms
2025-07-02 11:49:44.686 [http-nio-8080-exec-3] INFO  com.csu.sms.aspect.PerformanceAspect [] [] - 接口性能监控 - 方法: getOperationAuditReport, 执行时间: 12ms
2025-07-02 11:49:46.075 [http-nio-8080-exec-5] INFO  com.csu.sms.aspect.PerformanceAspect [] [] - 接口性能监控 - 方法: getOperationAuditReport, 执行时间: 16ms
2025-07-02 13:08:00.218 [http-nio-8080-exec-5] INFO  com.csu.sms.aspect.PerformanceAspect [] [] - 接口性能监控 - 方法: getOperationAuditReport, 执行时间: 53ms
2025-07-02 13:08:05.643 [http-nio-8080-exec-4] INFO  com.csu.sms.aspect.PerformanceAspect [] [] - 接口性能监控 - 方法: getOperationAuditReport, 执行时间: 10ms
2025-07-02 13:08:09.643 [http-nio-8080-exec-6] INFO  com.csu.sms.aspect.PerformanceAspect [] [] - 接口性能监控 - 方法: getOperationAuditReport, 执行时间: 7ms
2025-07-02 13:08:33.721 [http-nio-8080-exec-8] INFO  com.csu.sms.aspect.PerformanceAspect [] [] - 接口性能监控 - 方法: getOperationAuditReport, 执行时间: 9ms
2025-07-02 13:10:36.357 [http-nio-8080-exec-5] INFO  com.csu.sms.aspect.PerformanceAspect [] [] - 接口性能监控 - 方法: getOperationAuditReport, 执行时间: 8ms
2025-07-02 13:17:42.877 [http-nio-8080-exec-4] INFO  com.csu.sms.aspect.PerformanceAspect [] [] - 接口性能监控 - 方法: getOperationAuditReport, 执行时间: 60ms
2025-07-02 13:17:48.311 [http-nio-8080-exec-2] INFO  com.csu.sms.aspect.PerformanceAspect [] [] - 接口性能监控 - 方法: getOperationAuditReport, 执行时间: 12ms
2025-07-02 13:19:56.112 [http-nio-8080-exec-8] INFO  com.csu.sms.aspect.PerformanceAspect [] [] - 接口性能监控 - 方法: getOperationAuditReport, 执行时间: 7ms
2025-07-02 13:20:01.711 [http-nio-8080-exec-10] INFO  com.csu.sms.aspect.PerformanceAspect [] [] - 接口性能监控 - 方法: getOperationAuditReport, 执行时间: 14ms
2025-07-02 13:20:05.579 [http-nio-8080-exec-4] INFO  com.csu.sms.aspect.PerformanceAspect [] [] - 接口性能监控 - 方法: getOperationAuditReport, 执行时间: 11ms
2025-07-02 13:20:08.948 [http-nio-8080-exec-2] INFO  com.csu.sms.aspect.PerformanceAspect [] [] - 接口性能监控 - 方法: getOperationAuditReport, 执行时间: 14ms
2025-07-02 13:20:17.117 [http-nio-8080-exec-6] INFO  com.csu.sms.aspect.PerformanceAspect [] [] - 接口性能监控 - 方法: getOperationAuditReport, 执行时间: 13ms
2025-07-02 13:36:03.559 [http-nio-8080-exec-10] INFO  com.csu.sms.aspect.PerformanceAspect [] [] - 接口性能监控 - 方法: getOperationAuditReport, 执行时间: 4ms
2025-07-02 13:38:41.923 [http-nio-8080-exec-5] INFO  com.csu.sms.aspect.PerformanceAspect [] [] - 接口性能监控 - 方法: getOperationAuditReport, 执行时间: 5ms
2025-07-02 13:42:38.413 [http-nio-8080-exec-9] INFO  com.csu.sms.aspect.PerformanceAspect [] [] - 接口性能监控 - 方法: getOperationAuditReport, 执行时间: 4ms
2025-07-02 13:44:38.772 [http-nio-8080-exec-3] INFO  com.csu.sms.aspect.PerformanceAspect [] [] - 接口性能监控 - 方法: getOperationAuditReport, 执行时间: 5ms
2025-07-02 13:44:59.106 [http-nio-8080-exec-5] INFO  com.csu.sms.aspect.PerformanceAspect [] [] - 接口性能监控 - 方法: getOperationAuditReport, 执行时间: 8ms
2025-07-02 13:45:00.420 [http-nio-8080-exec-6] INFO  com.csu.sms.aspect.PerformanceAspect [] [] - 接口性能监控 - 方法: getOperationAuditReport, 执行时间: 7ms
2025-07-02 13:51:23.378 [http-nio-8080-exec-10] INFO  com.csu.sms.aspect.PerformanceAspect [] [] - 接口性能监控 - 方法: getOperationAuditReport, 执行时间: 5ms
2025-07-02 13:51:46.714 [http-nio-8080-exec-4] INFO  com.csu.sms.aspect.PerformanceAspect [] [] - 接口性能监控 - 方法: getOperationAuditReport, 执行时间: 4ms
2025-07-02 13:52:03.890 [http-nio-8080-exec-2] INFO  com.csu.sms.aspect.PerformanceAspect [] [] - 接口性能监控 - 方法: getOperationAuditReport, 执行时间: 7ms
2025-07-02 13:52:14.809 [http-nio-8080-exec-6] INFO  com.csu.sms.aspect.PerformanceAspect [] [] - 接口性能监控 - 方法: getOperationAuditReport, 执行时间: 3ms
2025-07-02 13:59:03.630 [http-nio-8080-exec-10] INFO  com.csu.sms.aspect.PerformanceAspect [] [] - 接口性能监控 - 方法: getOperationAuditReport, 执行时间: 6ms
2025-07-02 13:59:40.585 [http-nio-8080-exec-4] INFO  com.csu.sms.aspect.PerformanceAspect [] [] - 接口性能监控 - 方法: getOperationAuditReport, 执行时间: 4ms
2025-07-02 14:04:01.461 [http-nio-8080-exec-7] INFO  com.csu.sms.aspect.PerformanceAspect [] [] - 接口性能监控 - 方法: getOperationAuditReport, 执行时间: 4ms
2025-07-02 14:05:25.550 [http-nio-8080-exec-1] INFO  com.csu.sms.aspect.PerformanceAspect [] [] - 接口性能监控 - 方法: getOperationAuditReport, 执行时间: 4ms
2025-07-02 14:06:03.673 [http-nio-8080-exec-3] INFO  com.csu.sms.aspect.PerformanceAspect [] [] - 接口性能监控 - 方法: getOperationAuditReport, 执行时间: 4ms
2025-07-02 14:07:20.184 [http-nio-8080-exec-7] INFO  com.csu.sms.aspect.PerformanceAspect [] [] - 接口性能监控 - 方法: getOperationAuditReport, 执行时间: 5ms
2025-07-02 14:11:18.215 [http-nio-8080-exec-1] INFO  com.csu.sms.aspect.PerformanceAspect [] [] - 接口性能监控 - 方法: getOperationAuditReport, 执行时间: 7ms
2025-07-02 14:12:36.142 [http-nio-8080-exec-5] INFO  com.csu.sms.aspect.PerformanceAspect [] [] - 接口性能监控 - 方法: getOperationLogDetails, 执行时间: 44ms
2025-07-02 14:12:38.916 [http-nio-8080-exec-7] INFO  com.csu.sms.aspect.PerformanceAspect [] [] - 接口性能监控 - 方法: getOperationLogDetails, 执行时间: 11ms
2025-07-02 14:13:33.830 [http-nio-8080-exec-8] INFO  com.csu.sms.aspect.PerformanceAspect [] [] - 接口性能监控 - 方法: getOperationLogDetails, 执行时间: 7ms
2025-07-02 14:13:36.621 [http-nio-8080-exec-1] INFO  com.csu.sms.aspect.PerformanceAspect [] [] - 接口性能监控 - 方法: exportOperationLogs, 执行时间: 762ms
2025-07-02 14:16:08.630 [http-nio-8080-exec-5] INFO  com.csu.sms.aspect.PerformanceAspect [] [] - 接口性能监控 - 方法: getOperationAuditReport, 执行时间: 4ms
2025-07-02 14:19:28.335 [http-nio-8080-exec-8] INFO  com.csu.sms.aspect.PerformanceAspect [] [] - 接口性能监控 - 方法: getOperationAuditReport, 执行时间: 4ms
2025-07-02 14:19:45.817 [http-nio-8080-exec-1] INFO  com.csu.sms.aspect.PerformanceAspect [] [] - 接口性能监控 - 方法: getOperationAuditReport, 执行时间: 6ms
2025-07-02 14:24:07.188 [http-nio-8080-exec-5] INFO  com.csu.sms.aspect.PerformanceAspect [] [] - 接口性能监控 - 方法: getOperationAuditReport, 执行时间: 6ms
2025-07-02 14:24:22.117 [http-nio-8080-exec-7] INFO  com.csu.sms.aspect.PerformanceAspect [] [] - 接口性能监控 - 方法: getOperationLogDetails, 执行时间: 9ms
2025-07-02 14:26:56.295 [http-nio-8080-exec-1] INFO  com.csu.sms.aspect.PerformanceAspect [] [] - 接口性能监控 - 方法: getOperationAuditReport, 执行时间: 4ms
2025-07-02 14:31:02.521 [http-nio-8080-exec-5] INFO  com.csu.sms.aspect.PerformanceAspect [] [] - 接口性能监控 - 方法: getOperationLogDetails, 执行时间: 3ms
2025-07-02 14:31:05.495 [http-nio-8080-exec-7] INFO  com.csu.sms.aspect.PerformanceAspect [] [] - 接口性能监控 - 方法: getOperationLogDetails, 执行时间: 5ms
2025-07-02 14:31:24.151 [http-nio-8080-exec-9] INFO  com.csu.sms.aspect.PerformanceAspect [] [] - 接口性能监控 - 方法: getOperationAuditReport, 执行时间: 3ms
2025-07-02 14:31:31.079 [http-nio-8080-exec-1] INFO  com.csu.sms.aspect.PerformanceAspect [] [] - 接口性能监控 - 方法: exportOperationLogs, 执行时间: 37ms
2025-07-02 14:35:50.732 [http-nio-8080-exec-5] INFO  com.csu.sms.aspect.PerformanceAspect [] [] - 接口性能监控 - 方法: getOperationAuditReport, 执行时间: 3ms
2025-07-02 14:40:44.532 [http-nio-8080-exec-9] INFO  com.csu.sms.aspect.PerformanceAspect [] [] - 接口性能监控 - 方法: getOperationAuditReport, 执行时间: 5ms
2025-07-02 20:40:51.517 [http-nio-8080-exec-3] INFO  com.csu.sms.aspect.PerformanceAspect [] [] - 接口性能监控 - 方法: getOperationAuditReport, 执行时间: 22ms
2025-07-02 20:41:03.027 [http-nio-8080-exec-8] INFO  com.csu.sms.aspect.PerformanceAspect [] [] - 接口性能监控 - 方法: getKnowledgeList, 执行时间: 82ms
2025-07-02 20:41:12.010 [http-nio-8080-exec-4] ERROR com.csu.sms.aspect.PerformanceAspect [] [] - 接口执行异常 - 方法: getBookableExams, 执行时间: 264ms, 异常: 
### Error querying database.  Cause: java.sql.SQLSyntaxErrorException: Unknown column 'booking_status' in 'field list'
### The error may exist in file [D:\大二下\华迪实训\student_system\target\classes\mappers\ExamMapper.xml]
### The error may involve defaultParameterMap
### The error occurred while setting parameters
### SQL: SELECT           id, title, description, duration, total_score, passing_score,         start_time, end_time, status, booking_status, exam_type,         max_attempts, created_by, course_id, created_at, updated_at               FROM exams         WHERE status = 'PUBLISHED'         AND booking_status = 'AVAILABLE'         AND end_time > NOW()         ORDER BY created_at DESC
### Cause: java.sql.SQLSyntaxErrorException: Unknown column 'booking_status' in 'field list'
; bad SQL grammar []
2025-07-02 20:41:12.031 [http-nio-8080-exec-5] ERROR com.csu.sms.aspect.PerformanceAspect [] [] - 接口执行异常 - 方法: getBookableExams, 执行时间: 4ms, 异常: 
### Error querying database.  Cause: java.sql.SQLSyntaxErrorException: Unknown column 'booking_status' in 'field list'
### The error may exist in file [D:\大二下\华迪实训\student_system\target\classes\mappers\ExamMapper.xml]
### The error may involve defaultParameterMap
### The error occurred while setting parameters
### SQL: SELECT           id, title, description, duration, total_score, passing_score,         start_time, end_time, status, booking_status, exam_type,         max_attempts, created_by, course_id, created_at, updated_at               FROM exams         WHERE status = 'PUBLISHED'         AND booking_status = 'AVAILABLE'         AND end_time > NOW()         ORDER BY created_at DESC
### Cause: java.sql.SQLSyntaxErrorException: Unknown column 'booking_status' in 'field list'
; bad SQL grammar []
2025-07-02 20:41:35.395 [http-nio-8080-exec-6] INFO  com.csu.sms.aspect.PerformanceAspect [] [] - 接口性能监控 - 方法: sendVerificationCode, 执行时间: 136ms
2025-07-02 20:48:12.220 [http-nio-8080-exec-4] INFO  com.csu.sms.aspect.PerformanceAspect [] [] - 接口性能监控 - 方法: login, 执行时间: 156ms
2025-07-02 20:48:12.304 [http-nio-8080-exec-5] ERROR com.csu.sms.aspect.PerformanceAspect [] [] - 接口执行异常 - 方法: getBookableExams, 执行时间: 1ms, 异常: 
### Error querying database.  Cause: java.sql.SQLSyntaxErrorException: Unknown column 'booking_status' in 'field list'
### The error may exist in file [D:\大二下\华迪实训\student_system\target\classes\mappers\ExamMapper.xml]
### The error may involve defaultParameterMap
### The error occurred while setting parameters
### SQL: SELECT           id, title, description, duration, total_score, passing_score,         start_time, end_time, status, booking_status, exam_type,         max_attempts, created_by, course_id, created_at, updated_at               FROM exams         WHERE status = 'PUBLISHED'         AND booking_status = 'AVAILABLE'         AND end_time > NOW()         ORDER BY created_at DESC
### Cause: java.sql.SQLSyntaxErrorException: Unknown column 'booking_status' in 'field list'
; bad SQL grammar []
2025-07-02 20:48:12.307 [http-nio-8080-exec-6] ERROR com.csu.sms.aspect.PerformanceAspect [] [] - 接口执行异常 - 方法: getBookableExams, 执行时间: 1ms, 异常: 
### Error querying database.  Cause: java.sql.SQLSyntaxErrorException: Unknown column 'booking_status' in 'field list'
### The error may exist in file [D:\大二下\华迪实训\student_system\target\classes\mappers\ExamMapper.xml]
### The error may involve defaultParameterMap
### The error occurred while setting parameters
### SQL: SELECT           id, title, description, duration, total_score, passing_score,         start_time, end_time, status, booking_status, exam_type,         max_attempts, created_by, course_id, created_at, updated_at               FROM exams         WHERE status = 'PUBLISHED'         AND booking_status = 'AVAILABLE'         AND end_time > NOW()         ORDER BY created_at DESC
### Cause: java.sql.SQLSyntaxErrorException: Unknown column 'booking_status' in 'field list'
; bad SQL grammar []
2025-07-02 20:48:29.114 [http-nio-8080-exec-9] ERROR com.csu.sms.aspect.PerformanceAspect [] [] - 接口执行异常 - 方法: getBookableExams, 执行时间: 3ms, 异常: 
### Error querying database.  Cause: java.sql.SQLSyntaxErrorException: Unknown column 'booking_status' in 'field list'
### The error may exist in file [D:\大二下\华迪实训\student_system\target\classes\mappers\ExamMapper.xml]
### The error may involve defaultParameterMap
### The error occurred while setting parameters
### SQL: SELECT           id, title, description, duration, total_score, passing_score,         start_time, end_time, status, booking_status, exam_type,         max_attempts, created_by, course_id, created_at, updated_at               FROM exams         WHERE status = 'PUBLISHED'         AND booking_status = 'AVAILABLE'         AND end_time > NOW()         ORDER BY created_at DESC
### Cause: java.sql.SQLSyntaxErrorException: Unknown column 'booking_status' in 'field list'
; bad SQL grammar []
2025-07-02 20:48:29.124 [http-nio-8080-exec-2] ERROR com.csu.sms.aspect.PerformanceAspect [] [] - 接口执行异常 - 方法: getBookableExams, 执行时间: 4ms, 异常: 
### Error querying database.  Cause: java.sql.SQLSyntaxErrorException: Unknown column 'booking_status' in 'field list'
### The error may exist in file [D:\大二下\华迪实训\student_system\target\classes\mappers\ExamMapper.xml]
### The error may involve defaultParameterMap
### The error occurred while setting parameters
### SQL: SELECT           id, title, description, duration, total_score, passing_score,         start_time, end_time, status, booking_status, exam_type,         max_attempts, created_by, course_id, created_at, updated_at               FROM exams         WHERE status = 'PUBLISHED'         AND booking_status = 'AVAILABLE'         AND end_time > NOW()         ORDER BY created_at DESC
### Cause: java.sql.SQLSyntaxErrorException: Unknown column 'booking_status' in 'field list'
; bad SQL grammar []
2025-07-02 20:48:48.417 [http-nio-8080-exec-10] ERROR com.csu.sms.aspect.PerformanceAspect [] [] - 接口执行异常 - 方法: getBookableExams, 执行时间: 2ms, 异常: 
### Error querying database.  Cause: java.sql.SQLSyntaxErrorException: Unknown column 'booking_status' in 'field list'
### The error may exist in file [D:\大二下\华迪实训\student_system\target\classes\mappers\ExamMapper.xml]
### The error may involve defaultParameterMap
### The error occurred while setting parameters
### SQL: SELECT           id, title, description, duration, total_score, passing_score,         start_time, end_time, status, booking_status, exam_type,         max_attempts, created_by, course_id, created_at, updated_at               FROM exams         WHERE status = 'PUBLISHED'         AND booking_status = 'AVAILABLE'         AND end_time > NOW()         ORDER BY created_at DESC
### Cause: java.sql.SQLSyntaxErrorException: Unknown column 'booking_status' in 'field list'
; bad SQL grammar []
2025-07-02 20:48:48.424 [http-nio-8080-exec-1] ERROR com.csu.sms.aspect.PerformanceAspect [] [] - 接口执行异常 - 方法: getBookableExams, 执行时间: 3ms, 异常: 
### Error querying database.  Cause: java.sql.SQLSyntaxErrorException: Unknown column 'booking_status' in 'field list'
### The error may exist in file [D:\大二下\华迪实训\student_system\target\classes\mappers\ExamMapper.xml]
### The error may involve defaultParameterMap
### The error occurred while setting parameters
### SQL: SELECT           id, title, description, duration, total_score, passing_score,         start_time, end_time, status, booking_status, exam_type,         max_attempts, created_by, course_id, created_at, updated_at               FROM exams         WHERE status = 'PUBLISHED'         AND booking_status = 'AVAILABLE'         AND end_time > NOW()         ORDER BY created_at DESC
### Cause: java.sql.SQLSyntaxErrorException: Unknown column 'booking_status' in 'field list'
; bad SQL grammar []
2025-07-02 20:48:51.967 [http-nio-8080-exec-3] ERROR com.csu.sms.aspect.PerformanceAspect [] [] - 接口执行异常 - 方法: getBookableExams, 执行时间: 3ms, 异常: 
### Error querying database.  Cause: java.sql.SQLSyntaxErrorException: Unknown column 'booking_status' in 'field list'
### The error may exist in file [D:\大二下\华迪实训\student_system\target\classes\mappers\ExamMapper.xml]
### The error may involve defaultParameterMap
### The error occurred while setting parameters
### SQL: SELECT           id, title, description, duration, total_score, passing_score,         start_time, end_time, status, booking_status, exam_type,         max_attempts, created_by, course_id, created_at, updated_at               FROM exams         WHERE status = 'PUBLISHED'         AND booking_status = 'AVAILABLE'         AND end_time > NOW()         ORDER BY created_at DESC
### Cause: java.sql.SQLSyntaxErrorException: Unknown column 'booking_status' in 'field list'
; bad SQL grammar []
2025-07-02 20:48:51.973 [http-nio-8080-exec-8] ERROR com.csu.sms.aspect.PerformanceAspect [] [] - 接口执行异常 - 方法: getBookableExams, 执行时间: 2ms, 异常: 
### Error querying database.  Cause: java.sql.SQLSyntaxErrorException: Unknown column 'booking_status' in 'field list'
### The error may exist in file [D:\大二下\华迪实训\student_system\target\classes\mappers\ExamMapper.xml]
### The error may involve defaultParameterMap
### The error occurred while setting parameters
### SQL: SELECT           id, title, description, duration, total_score, passing_score,         start_time, end_time, status, booking_status, exam_type,         max_attempts, created_by, course_id, created_at, updated_at               FROM exams         WHERE status = 'PUBLISHED'         AND booking_status = 'AVAILABLE'         AND end_time > NOW()         ORDER BY created_at DESC
### Cause: java.sql.SQLSyntaxErrorException: Unknown column 'booking_status' in 'field list'
; bad SQL grammar []
2025-07-02 20:50:29.025 [http-nio-8080-exec-7] ERROR com.csu.sms.aspect.PerformanceAspect [] [] - 接口执行异常 - 方法: getBookableExams, 执行时间: 1ms, 异常: 
### Error querying database.  Cause: java.sql.SQLSyntaxErrorException: Unknown column 'booking_status' in 'field list'
### The error may exist in file [D:\大二下\华迪实训\student_system\target\classes\mappers\ExamMapper.xml]
### The error may involve defaultParameterMap
### The error occurred while setting parameters
### SQL: SELECT           id, title, description, duration, total_score, passing_score,         start_time, end_time, status, booking_status, exam_type,         max_attempts, created_by, course_id, created_at, updated_at               FROM exams         WHERE status = 'PUBLISHED'         AND booking_status = 'AVAILABLE'         AND end_time > NOW()         ORDER BY created_at DESC
### Cause: java.sql.SQLSyntaxErrorException: Unknown column 'booking_status' in 'field list'
; bad SQL grammar []
2025-07-02 20:50:29.031 [http-nio-8080-exec-9] ERROR com.csu.sms.aspect.PerformanceAspect [] [] - 接口执行异常 - 方法: getBookableExams, 执行时间: 1ms, 异常: 
### Error querying database.  Cause: java.sql.SQLSyntaxErrorException: Unknown column 'booking_status' in 'field list'
### The error may exist in file [D:\大二下\华迪实训\student_system\target\classes\mappers\ExamMapper.xml]
### The error may involve defaultParameterMap
### The error occurred while setting parameters
### SQL: SELECT           id, title, description, duration, total_score, passing_score,         start_time, end_time, status, booking_status, exam_type,         max_attempts, created_by, course_id, created_at, updated_at               FROM exams         WHERE status = 'PUBLISHED'         AND booking_status = 'AVAILABLE'         AND end_time > NOW()         ORDER BY created_at DESC
### Cause: java.sql.SQLSyntaxErrorException: Unknown column 'booking_status' in 'field list'
; bad SQL grammar []
2025-07-02 20:51:55.146 [http-nio-8080-exec-1] ERROR com.csu.sms.aspect.PerformanceAspect [] [] - 接口执行异常 - 方法: getBookableExams, 执行时间: 3ms, 异常: 
### Error querying database.  Cause: java.sql.SQLSyntaxErrorException: Unknown column 'booking_status' in 'field list'
### The error may exist in file [D:\大二下\华迪实训\student_system\target\classes\mappers\ExamMapper.xml]
### The error may involve defaultParameterMap
### The error occurred while setting parameters
### SQL: SELECT           id, title, description, duration, total_score, passing_score,         start_time, end_time, status, booking_status, exam_type,         max_attempts, created_by, course_id, created_at, updated_at               FROM exams         WHERE status = 'PUBLISHED'         AND booking_status = 'AVAILABLE'         AND end_time > NOW()         ORDER BY created_at DESC
### Cause: java.sql.SQLSyntaxErrorException: Unknown column 'booking_status' in 'field list'
; bad SQL grammar []
2025-07-02 20:51:55.166 [http-nio-8080-exec-3] ERROR com.csu.sms.aspect.PerformanceAspect [] [] - 接口执行异常 - 方法: getBookableExams, 执行时间: 3ms, 异常: 
### Error querying database.  Cause: java.sql.SQLSyntaxErrorException: Unknown column 'booking_status' in 'field list'
### The error may exist in file [D:\大二下\华迪实训\student_system\target\classes\mappers\ExamMapper.xml]
### The error may involve defaultParameterMap
### The error occurred while setting parameters
### SQL: SELECT           id, title, description, duration, total_score, passing_score,         start_time, end_time, status, booking_status, exam_type,         max_attempts, created_by, course_id, created_at, updated_at               FROM exams         WHERE status = 'PUBLISHED'         AND booking_status = 'AVAILABLE'         AND end_time > NOW()         ORDER BY created_at DESC
### Cause: java.sql.SQLSyntaxErrorException: Unknown column 'booking_status' in 'field list'
; bad SQL grammar []
2025-07-02 20:52:18.181 [http-nio-8080-exec-7] INFO  com.csu.sms.aspect.PerformanceAspect [] [] - 接口性能监控 - 方法: getUserExamRecords, 执行时间: 12ms
2025-07-02 20:52:18.195 [http-nio-8080-exec-10] INFO  com.csu.sms.aspect.PerformanceAspect [] [] - 接口性能监控 - 方法: getUserAnalysis, 执行时间: 31ms
2025-07-02 20:52:18.197 [http-nio-8080-exec-2] INFO  com.csu.sms.aspect.PerformanceAspect [] [] - 接口性能监控 - 方法: getChartData, 执行时间: 29ms
2025-07-02 20:52:18.212 [http-nio-8080-exec-9] INFO  com.csu.sms.aspect.PerformanceAspect [] [] - 接口性能监控 - 方法: getUserStudyRecords, 执行时间: 43ms
2025-07-02 20:52:32.379 [http-nio-8080-exec-1] INFO  com.csu.sms.aspect.PerformanceAspect [] [] - 接口性能监控 - 方法: getUserStudyRecords, 执行时间: 13ms
2025-07-02 20:52:32.379 [http-nio-8080-exec-8] INFO  com.csu.sms.aspect.PerformanceAspect [] [] - 接口性能监控 - 方法: getUserStudyRecords, 执行时间: 13ms
2025-07-02 20:52:32.388 [http-nio-8080-exec-9] INFO  com.csu.sms.aspect.PerformanceAspect [] [] - 接口性能监控 - 方法: getChartData, 执行时间: 21ms
2025-07-02 20:52:32.388 [http-nio-8080-exec-3] INFO  com.csu.sms.aspect.PerformanceAspect [] [] - 接口性能监控 - 方法: getUserAnalysis, 执行时间: 20ms
2025-07-02 20:52:32.391 [http-nio-8080-exec-10] INFO  com.csu.sms.aspect.PerformanceAspect [] [] - 接口性能监控 - 方法: getUserExamRecords, 执行时间: 25ms
2025-07-02 20:52:32.409 [http-nio-8080-exec-6] INFO  com.csu.sms.aspect.PerformanceAspect [] [] - 接口性能监控 - 方法: getUserExamRecords, 执行时间: 11ms
2025-07-02 20:52:32.412 [http-nio-8080-exec-2] INFO  com.csu.sms.aspect.PerformanceAspect [] [] - 接口性能监控 - 方法: getChartData, 执行时间: 10ms
2025-07-02 20:52:35.552 [http-nio-8080-exec-5] INFO  com.csu.sms.aspect.PerformanceAspect [] [] - 接口性能监控 - 方法: getOperationAuditReport, 执行时间: 7ms
2025-07-02 20:52:47.326 [http-nio-8080-exec-4] INFO  com.csu.sms.aspect.PerformanceAspect [] [] - 接口性能监控 - 方法: getLearningSuggestions, 执行时间: 14857ms
2025-07-02 20:52:47.326 [http-nio-8080-exec-4] WARN  com.csu.sms.aspect.PerformanceAspect [] [] - 接口执行时间过长 - 方法: getLearningSuggestions, 执行时间: 14857ms
2025-07-02 20:53:01.916 [http-nio-8080-exec-8] INFO  com.csu.sms.aspect.PerformanceAspect [] [] - 接口性能监控 - 方法: getOperationAuditReport, 执行时间: 8ms
2025-07-02 20:53:03.998 [http-nio-8080-exec-9] INFO  com.csu.sms.aspect.PerformanceAspect [] [] - 接口性能监控 - 方法: getOperationAuditReport, 执行时间: 7ms
2025-07-02 20:56:13.340 [http-nio-8080-exec-7] INFO  com.csu.sms.aspect.PerformanceAspect [] [] - 接口性能监控 - 方法: login, 执行时间: 7ms
2025-07-02 20:56:13.437 [http-nio-8080-exec-5] ERROR com.csu.sms.aspect.PerformanceAspect [] [] - 接口执行异常 - 方法: getBookableExams, 执行时间: 3ms, 异常: 
### Error querying database.  Cause: java.sql.SQLSyntaxErrorException: Unknown column 'booking_status' in 'field list'
### The error may exist in file [D:\大二下\华迪实训\student_system\target\classes\mappers\ExamMapper.xml]
### The error may involve defaultParameterMap
### The error occurred while setting parameters
### SQL: SELECT           id, title, description, duration, total_score, passing_score,         start_time, end_time, status, booking_status, exam_type,         max_attempts, created_by, course_id, created_at, updated_at               FROM exams         WHERE status = 'PUBLISHED'         AND booking_status = 'AVAILABLE'         AND end_time > NOW()         ORDER BY created_at DESC
### Cause: java.sql.SQLSyntaxErrorException: Unknown column 'booking_status' in 'field list'
; bad SQL grammar []
2025-07-02 20:56:13.452 [http-nio-8080-exec-10] ERROR com.csu.sms.aspect.PerformanceAspect [] [] - 接口执行异常 - 方法: getBookableExams, 执行时间: 2ms, 异常: 
### Error querying database.  Cause: java.sql.SQLSyntaxErrorException: Unknown column 'booking_status' in 'field list'
### The error may exist in file [D:\大二下\华迪实训\student_system\target\classes\mappers\ExamMapper.xml]
### The error may involve defaultParameterMap
### The error occurred while setting parameters
### SQL: SELECT           id, title, description, duration, total_score, passing_score,         start_time, end_time, status, booking_status, exam_type,         max_attempts, created_by, course_id, created_at, updated_at               FROM exams         WHERE status = 'PUBLISHED'         AND booking_status = 'AVAILABLE'         AND end_time > NOW()         ORDER BY created_at DESC
### Cause: java.sql.SQLSyntaxErrorException: Unknown column 'booking_status' in 'field list'
; bad SQL grammar []
2025-07-02 20:57:33.441 [http-nio-8080-exec-8] ERROR com.csu.sms.aspect.PerformanceAspect [] [] - 接口执行异常 - 方法: getBookableExams, 执行时间: 2ms, 异常: 
### Error querying database.  Cause: java.sql.SQLSyntaxErrorException: Unknown column 'booking_status' in 'field list'
### The error may exist in file [D:\大二下\华迪实训\student_system\target\classes\mappers\ExamMapper.xml]
### The error may involve defaultParameterMap
### The error occurred while setting parameters
### SQL: SELECT           id, title, description, duration, total_score, passing_score,         start_time, end_time, status, booking_status, exam_type,         max_attempts, created_by, course_id, created_at, updated_at               FROM exams         WHERE status = 'PUBLISHED'         AND booking_status = 'AVAILABLE'         AND end_time > NOW()         ORDER BY created_at DESC
### Cause: java.sql.SQLSyntaxErrorException: Unknown column 'booking_status' in 'field list'
; bad SQL grammar []
2025-07-02 20:57:33.442 [http-nio-8080-exec-4] ERROR com.csu.sms.aspect.PerformanceAspect [] [] - 接口执行异常 - 方法: getBookableExams, 执行时间: 2ms, 异常: 
### Error querying database.  Cause: java.sql.SQLSyntaxErrorException: Unknown column 'booking_status' in 'field list'
### The error may exist in file [D:\大二下\华迪实训\student_system\target\classes\mappers\ExamMapper.xml]
### The error may involve defaultParameterMap
### The error occurred while setting parameters
### SQL: SELECT           id, title, description, duration, total_score, passing_score,         start_time, end_time, status, booking_status, exam_type,         max_attempts, created_by, course_id, created_at, updated_at               FROM exams         WHERE status = 'PUBLISHED'         AND booking_status = 'AVAILABLE'         AND end_time > NOW()         ORDER BY created_at DESC
### Cause: java.sql.SQLSyntaxErrorException: Unknown column 'booking_status' in 'field list'
; bad SQL grammar []
2025-07-02 21:00:31.218 [http-nio-8080-exec-1] ERROR com.csu.sms.aspect.PerformanceAspect [] [] - 接口执行异常 - 方法: getBookableExams, 执行时间: 3ms, 异常: 
### Error querying database.  Cause: java.sql.SQLSyntaxErrorException: Unknown column 'booking_status' in 'field list'
### The error may exist in file [D:\大二下\华迪实训\student_system\target\classes\mappers\ExamMapper.xml]
### The error may involve defaultParameterMap
### The error occurred while setting parameters
### SQL: SELECT           id, title, description, duration, total_score, passing_score,         start_time, end_time, status, booking_status, exam_type,         max_attempts, created_by, course_id, created_at, updated_at               FROM exams         WHERE status = 'PUBLISHED'         AND booking_status = 'AVAILABLE'         AND end_time > NOW()         ORDER BY created_at DESC
### Cause: java.sql.SQLSyntaxErrorException: Unknown column 'booking_status' in 'field list'
; bad SQL grammar []
2025-07-02 21:00:31.240 [http-nio-8080-exec-7] ERROR com.csu.sms.aspect.PerformanceAspect [] [] - 接口执行异常 - 方法: getBookableExams, 执行时间: 4ms, 异常: 
### Error querying database.  Cause: java.sql.SQLSyntaxErrorException: Unknown column 'booking_status' in 'field list'
### The error may exist in file [D:\大二下\华迪实训\student_system\target\classes\mappers\ExamMapper.xml]
### The error may involve defaultParameterMap
### The error occurred while setting parameters
### SQL: SELECT           id, title, description, duration, total_score, passing_score,         start_time, end_time, status, booking_status, exam_type,         max_attempts, created_by, course_id, created_at, updated_at               FROM exams         WHERE status = 'PUBLISHED'         AND booking_status = 'AVAILABLE'         AND end_time > NOW()         ORDER BY created_at DESC
### Cause: java.sql.SQLSyntaxErrorException: Unknown column 'booking_status' in 'field list'
; bad SQL grammar []
2025-07-02 21:08:25.510 [http-nio-8080-exec-2] INFO  com.csu.sms.aspect.PerformanceAspect [] [] - 接口性能监控 - 方法: getAllCategories, 执行时间: 7ms
2025-07-02 21:08:25.514 [http-nio-8080-exec-8] INFO  com.csu.sms.aspect.PerformanceAspect [] [] - 接口性能监控 - 方法: getKnowledgeList, 执行时间: 14ms
2025-07-02 21:11:54.733 [http-nio-8080-exec-10] INFO  com.csu.sms.aspect.PerformanceAspect [] [] - 接口性能监控 - 方法: getAllCategories, 执行时间: 5ms
2025-07-02 21:11:54.737 [http-nio-8080-exec-3] INFO  com.csu.sms.aspect.PerformanceAspect [] [] - 接口性能监控 - 方法: getKnowledgeList, 执行时间: 9ms
2025-07-02 21:11:57.685 [http-nio-8080-exec-6] INFO  com.csu.sms.aspect.PerformanceAspect [] [] - 接口性能监控 - 方法: getKnowledgeDetail, 执行时间: 9ms
2025-07-02 21:12:08.811 [http-nio-8080-exec-4] INFO  com.csu.sms.aspect.PerformanceAspect [] [] - 接口性能监控 - 方法: getAllCategories, 执行时间: 7ms
2025-07-02 21:12:08.824 [http-nio-8080-exec-5] INFO  com.csu.sms.aspect.PerformanceAspect [] [] - 接口性能监控 - 方法: getKnowledgeList, 执行时间: 19ms
2025-07-02 21:12:11.993 [http-nio-8080-exec-3] INFO  com.csu.sms.aspect.PerformanceAspect [] [] - 接口性能监控 - 方法: getKnowledgeList, 执行时间: 12ms
2025-07-02 21:12:13.835 [http-nio-8080-exec-2] INFO  com.csu.sms.aspect.PerformanceAspect [] [] - 接口性能监控 - 方法: getKnowledgeList, 执行时间: 11ms
2025-07-02 21:12:16.056 [http-nio-8080-exec-6] INFO  com.csu.sms.aspect.PerformanceAspect [] [] - 接口性能监控 - 方法: getKnowledgeList, 执行时间: 11ms
2025-07-02 21:12:18.288 [http-nio-8080-exec-8] INFO  com.csu.sms.aspect.PerformanceAspect [] [] - 接口性能监控 - 方法: getKnowledgeList, 执行时间: 9ms
2025-07-02 21:12:20.805 [http-nio-8080-exec-5] INFO  com.csu.sms.aspect.PerformanceAspect [] [] - 接口性能监控 - 方法: getKnowledgeList, 执行时间: 10ms
2025-07-02 21:12:23.758 [http-nio-8080-exec-3] INFO  com.csu.sms.aspect.PerformanceAspect [] [] - 接口性能监控 - 方法: getKnowledgeList, 执行时间: 9ms
2025-07-02 21:12:25.814 [http-nio-8080-exec-2] INFO  com.csu.sms.aspect.PerformanceAspect [] [] - 接口性能监控 - 方法: getKnowledgeList, 执行时间: 13ms
2025-07-02 21:12:27.731 [http-nio-8080-exec-6] INFO  com.csu.sms.aspect.PerformanceAspect [] [] - 接口性能监控 - 方法: getKnowledgeList, 执行时间: 11ms
2025-07-02 21:12:30.320 [http-nio-8080-exec-8] INFO  com.csu.sms.aspect.PerformanceAspect [] [] - 接口性能监控 - 方法: getKnowledgeList, 执行时间: 10ms
2025-07-02 21:12:32.390 [http-nio-8080-exec-5] INFO  com.csu.sms.aspect.PerformanceAspect [] [] - 接口性能监控 - 方法: getKnowledgeList, 执行时间: 8ms
2025-07-02 21:12:34.872 [http-nio-8080-exec-3] INFO  com.csu.sms.aspect.PerformanceAspect [] [] - 接口性能监控 - 方法: getKnowledgeList, 执行时间: 11ms
2025-07-02 21:13:20.550 [http-nio-8080-exec-1] INFO  com.csu.sms.aspect.PerformanceAspect [] [] - 接口性能监控 - 方法: getUserAnalysis, 执行时间: 12ms
2025-07-02 21:13:20.550 [http-nio-8080-exec-6] INFO  com.csu.sms.aspect.PerformanceAspect [] [] - 接口性能监控 - 方法: getChartData, 执行时间: 13ms
2025-07-02 21:13:20.552 [http-nio-8080-exec-10] INFO  com.csu.sms.aspect.PerformanceAspect [] [] - 接口性能监控 - 方法: getUserExamRecords, 执行时间: 16ms
2025-07-02 21:13:20.556 [http-nio-8080-exec-2] INFO  com.csu.sms.aspect.PerformanceAspect [] [] - 接口性能监控 - 方法: getUserStudyRecords, 执行时间: 19ms
2025-07-02 21:13:45.242 [http-nio-8080-exec-7] INFO  com.csu.sms.aspect.PerformanceAspect [] [] - 接口性能监控 - 方法: getUserStudyRecords, 执行时间: 10ms
2025-07-02 21:13:45.244 [http-nio-8080-exec-3] INFO  com.csu.sms.aspect.PerformanceAspect [] [] - 接口性能监控 - 方法: getUserExamRecords, 执行时间: 12ms
2025-07-02 21:13:45.244 [http-nio-8080-exec-6] INFO  com.csu.sms.aspect.PerformanceAspect [] [] - 接口性能监控 - 方法: getUserAnalysis, 执行时间: 12ms
2025-07-02 21:13:45.245 [http-nio-8080-exec-1] INFO  com.csu.sms.aspect.PerformanceAspect [] [] - 接口性能监控 - 方法: getChartData, 执行时间: 13ms
2025-07-02 21:16:43.367 [http-nio-8080-exec-9] INFO  com.csu.sms.aspect.PerformanceAspect [] [] - 接口性能监控 - 方法: getUserStudyRecords, 执行时间: 54ms
2025-07-02 21:16:43.369 [http-nio-8080-exec-6] INFO  com.csu.sms.aspect.PerformanceAspect [] [] - 接口性能监控 - 方法: getUserAnalysis, 执行时间: 58ms
2025-07-02 21:16:43.370 [http-nio-8080-exec-10] INFO  com.csu.sms.aspect.PerformanceAspect [] [] - 接口性能监控 - 方法: getChartData, 执行时间: 54ms
2025-07-02 21:16:43.371 [http-nio-8080-exec-3] INFO  com.csu.sms.aspect.PerformanceAspect [] [] - 接口性能监控 - 方法: getUserExamRecords, 执行时间: 61ms
2025-07-02 21:19:19.959 [http-nio-8080-exec-1] INFO  com.csu.sms.aspect.PerformanceAspect [] [] - 接口性能监控 - 方法: getUserStudyRecords, 执行时间: 9ms
2025-07-02 21:19:19.960 [http-nio-8080-exec-8] INFO  com.csu.sms.aspect.PerformanceAspect [] [] - 接口性能监控 - 方法: getUserExamRecords, 执行时间: 10ms
2025-07-02 21:19:19.962 [http-nio-8080-exec-6] INFO  com.csu.sms.aspect.PerformanceAspect [] [] - 接口性能监控 - 方法: getChartData, 执行时间: 12ms
2025-07-02 21:19:19.964 [http-nio-8080-exec-4] INFO  com.csu.sms.aspect.PerformanceAspect [] [] - 接口性能监控 - 方法: getUserAnalysis, 执行时间: 14ms
2025-07-02 21:23:46.750 [http-nio-8080-exec-10] INFO  com.csu.sms.aspect.PerformanceAspect [] [] - 接口性能监控 - 方法: getUserStudyRecords, 执行时间: 10ms
2025-07-02 21:23:46.752 [http-nio-8080-exec-3] INFO  com.csu.sms.aspect.PerformanceAspect [] [] - 接口性能监控 - 方法: getUserExamRecords, 执行时间: 14ms
2025-07-02 21:23:46.753 [http-nio-8080-exec-1] INFO  com.csu.sms.aspect.PerformanceAspect [] [] - 接口性能监控 - 方法: getUserAnalysis, 执行时间: 13ms
2025-07-02 21:23:46.765 [http-nio-8080-exec-8] INFO  com.csu.sms.aspect.PerformanceAspect [] [] - 接口性能监控 - 方法: getChartData, 执行时间: 27ms
2025-07-02 21:23:47.979 [http-nio-8080-exec-9] INFO  com.csu.sms.aspect.PerformanceAspect [] [] - 接口性能监控 - 方法: getUserStudyRecords, 执行时间: 7ms
2025-07-02 21:23:47.981 [http-nio-8080-exec-7] INFO  com.csu.sms.aspect.PerformanceAspect [] [] - 接口性能监控 - 方法: getChartData, 执行时间: 9ms
2025-07-02 21:23:47.982 [http-nio-8080-exec-2] INFO  com.csu.sms.aspect.PerformanceAspect [] [] - 接口性能监控 - 方法: getUserExamRecords, 执行时间: 10ms
2025-07-02 21:23:47.989 [http-nio-8080-exec-4] INFO  com.csu.sms.aspect.PerformanceAspect [] [] - 接口性能监控 - 方法: getUserAnalysis, 执行时间: 17ms
2025-07-02 21:23:56.043 [http-nio-8080-exec-1] INFO  com.csu.sms.aspect.PerformanceAspect [] [] - 接口性能监控 - 方法: getUserStudyRecords, 执行时间: 10ms
2025-07-02 21:23:56.044 [http-nio-8080-exec-2] INFO  com.csu.sms.aspect.PerformanceAspect [] [] - 接口性能监控 - 方法: getUserStudyRecords, 执行时间: 12ms
2025-07-02 21:23:56.049 [http-nio-8080-exec-4] INFO  com.csu.sms.aspect.PerformanceAspect [] [] - 接口性能监控 - 方法: getChartData, 执行时间: 17ms
2025-07-02 21:23:56.051 [http-nio-8080-exec-5] INFO  com.csu.sms.aspect.PerformanceAspect [] [] - 接口性能监控 - 方法: getUserExamRecords, 执行时间: 13ms
2025-07-02 21:23:56.051 [http-nio-8080-exec-6] INFO  com.csu.sms.aspect.PerformanceAspect [] [] - 接口性能监控 - 方法: getUserAnalysis, 执行时间: 18ms
2025-07-02 21:23:56.063 [http-nio-8080-exec-3] INFO  com.csu.sms.aspect.PerformanceAspect [] [] - 接口性能监控 - 方法: getUserExamRecords, 执行时间: 7ms
2025-07-02 21:23:56.069 [http-nio-8080-exec-8] INFO  com.csu.sms.aspect.PerformanceAspect [] [] - 接口性能监控 - 方法: getChartData, 执行时间: 12ms
2025-07-02 21:24:05.394 [http-nio-8080-exec-4] INFO  com.csu.sms.aspect.PerformanceAspect [] [] - 接口性能监控 - 方法: getUserStudyRecords, 执行时间: 2ms
2025-07-02 21:24:05.395 [http-nio-8080-exec-5] INFO  com.csu.sms.aspect.PerformanceAspect [] [] - 接口性能监控 - 方法: getUserExamRecords, 执行时间: 4ms
2025-07-02 21:24:05.396 [http-nio-8080-exec-6] INFO  com.csu.sms.aspect.PerformanceAspect [] [] - 接口性能监控 - 方法: getUserAnalysis, 执行时间: 5ms
2025-07-02 21:24:05.396 [http-nio-8080-exec-3] INFO  com.csu.sms.aspect.PerformanceAspect [] [] - 接口性能监控 - 方法: getChartData, 执行时间: 5ms
2025-07-02 21:24:11.202 [http-nio-8080-exec-10] INFO  com.csu.sms.aspect.PerformanceAspect [] [] - 接口性能监控 - 方法: getLearningSuggestions, 执行时间: 15169ms
2025-07-02 21:24:11.202 [http-nio-8080-exec-10] WARN  com.csu.sms.aspect.PerformanceAspect [] [] - 接口执行时间过长 - 方法: getLearningSuggestions, 执行时间: 15169ms
2025-07-02 21:24:20.341 [http-nio-8080-exec-5] INFO  com.csu.sms.aspect.PerformanceAspect [] [] - 接口性能监控 - 方法: getUserStudyRecords, 执行时间: 5ms
2025-07-02 21:24:20.341 [http-nio-8080-exec-4] INFO  com.csu.sms.aspect.PerformanceAspect [] [] - 接口性能监控 - 方法: getUserExamRecords, 执行时间: 5ms
2025-07-02 21:24:20.342 [http-nio-8080-exec-3] INFO  com.csu.sms.aspect.PerformanceAspect [] [] - 接口性能监控 - 方法: getUserAnalysis, 执行时间: 8ms
2025-07-02 21:24:20.343 [http-nio-8080-exec-7] INFO  com.csu.sms.aspect.PerformanceAspect [] [] - 接口性能监控 - 方法: getChartData, 执行时间: 7ms
2025-07-02 22:19:37.985 [http-nio-8080-exec-4] INFO  com.csu.sms.aspect.PerformanceAspect [] [] - 接口性能监控 - 方法: getUserExamRecords, 执行时间: 12ms
2025-07-02 22:19:37.986 [http-nio-8080-exec-3] INFO  com.csu.sms.aspect.PerformanceAspect [] [] - 接口性能监控 - 方法: getUserStudyRecords, 执行时间: 13ms
2025-07-02 22:19:37.990 [http-nio-8080-exec-1] INFO  com.csu.sms.aspect.PerformanceAspect [] [] - 接口性能监控 - 方法: getUserAnalysis, 执行时间: 17ms
2025-07-02 22:19:37.991 [http-nio-8080-exec-7] INFO  com.csu.sms.aspect.PerformanceAspect [] [] - 接口性能监控 - 方法: getChartData, 执行时间: 17ms
2025-07-02 22:20:00.379 [http-nio-8080-exec-4] INFO  com.csu.sms.aspect.PerformanceAspect [] [] - 接口性能监控 - 方法: getUserStudyRecords, 执行时间: 12ms
2025-07-02 22:20:00.385 [http-nio-8080-exec-5] INFO  com.csu.sms.aspect.PerformanceAspect [] [] - 接口性能监控 - 方法: getUserExamRecords, 执行时间: 14ms
2025-07-02 22:20:00.412 [http-nio-8080-exec-7] INFO  com.csu.sms.aspect.PerformanceAspect [] [] - 接口性能监控 - 方法: getChartData, 执行时间: 45ms
2025-07-02 22:20:00.416 [http-nio-8080-exec-1] INFO  com.csu.sms.aspect.PerformanceAspect [] [] - 接口性能监控 - 方法: getUserAnalysis, 执行时间: 50ms
2025-07-02 22:20:00.420 [http-nio-8080-exec-9] INFO  com.csu.sms.aspect.PerformanceAspect [] [] - 接口性能监控 - 方法: getUserStudyRecords, 执行时间: 8ms
2025-07-02 22:20:00.437 [http-nio-8080-exec-6] INFO  com.csu.sms.aspect.PerformanceAspect [] [] - 接口性能监控 - 方法: getUserExamRecords, 执行时间: 16ms
2025-07-02 22:20:00.445 [http-nio-8080-exec-8] INFO  com.csu.sms.aspect.PerformanceAspect [] [] - 接口性能监控 - 方法: getChartData, 执行时间: 22ms
2025-07-02 22:20:14.708 [http-nio-8080-exec-10] INFO  com.csu.sms.aspect.PerformanceAspect [] [] - 接口性能监控 - 方法: getLearningSuggestions, 执行时间: 14335ms
2025-07-02 22:20:14.708 [http-nio-8080-exec-10] WARN  com.csu.sms.aspect.PerformanceAspect [] [] - 接口执行时间过长 - 方法: getLearningSuggestions, 执行时间: 14335ms
2025-07-02 22:46:54.271 [http-nio-8080-exec-10] INFO  com.csu.sms.aspect.PerformanceAspect [] [] - 接口性能监控 - 方法: getUserStudyRecords, 执行时间: 6ms
2025-07-02 22:46:54.273 [http-nio-8080-exec-3] INFO  com.csu.sms.aspect.PerformanceAspect [] [] - 接口性能监控 - 方法: getUserAnalysis, 执行时间: 10ms
2025-07-02 22:46:54.273 [http-nio-8080-exec-9] INFO  com.csu.sms.aspect.PerformanceAspect [] [] - 接口性能监控 - 方法: getUserExamRecords, 执行时间: 7ms
2025-07-02 22:46:54.274 [http-nio-8080-exec-6] INFO  com.csu.sms.aspect.PerformanceAspect [] [] - 接口性能监控 - 方法: getUserStudyRecords, 执行时间: 7ms
2025-07-02 22:46:54.274 [http-nio-8080-exec-8] INFO  com.csu.sms.aspect.PerformanceAspect [] [] - 接口性能监控 - 方法: getChartData, 执行时间: 10ms
2025-07-02 22:46:54.287 [http-nio-8080-exec-4] INFO  com.csu.sms.aspect.PerformanceAspect [] [] - 接口性能监控 - 方法: getUserExamRecords, 执行时间: 6ms
2025-07-02 22:46:54.290 [http-nio-8080-exec-6] INFO  com.csu.sms.aspect.PerformanceAspect [] [] - 接口性能监控 - 方法: getChartData, 执行时间: 11ms
2025-07-02 22:47:09.529 [http-nio-8080-exec-1] INFO  com.csu.sms.aspect.PerformanceAspect [] [] - 接口性能监控 - 方法: getLearningSuggestions, 执行时间: 15265ms
2025-07-02 22:47:09.529 [http-nio-8080-exec-1] WARN  com.csu.sms.aspect.PerformanceAspect [] [] - 接口执行时间过长 - 方法: getLearningSuggestions, 执行时间: 15265ms
2025-07-02 22:48:32.268 [http-nio-8080-exec-6] INFO  com.csu.sms.aspect.PerformanceAspect [] [] - 接口性能监控 - 方法: getUserExamRecords, 执行时间: 8ms
2025-07-02 22:54:16.248 [http-nio-8080-exec-8] INFO  com.csu.sms.aspect.PerformanceAspect [] [] - 接口性能监控 - 方法: getUserStudyRecords, 执行时间: 6ms
2025-07-02 22:54:16.250 [http-nio-8080-exec-6] INFO  com.csu.sms.aspect.PerformanceAspect [] [] - 接口性能监控 - 方法: getUserAnalysis, 执行时间: 9ms
2025-07-02 22:54:16.250 [http-nio-8080-exec-1] INFO  com.csu.sms.aspect.PerformanceAspect [] [] - 接口性能监控 - 方法: getChartData, 执行时间: 9ms
2025-07-02 22:54:16.252 [http-nio-8080-exec-9] INFO  com.csu.sms.aspect.PerformanceAspect [] [] - 接口性能监控 - 方法: getUserExamRecords, 执行时间: 5ms
2025-07-02 22:54:16.256 [http-nio-8080-exec-5] INFO  com.csu.sms.aspect.PerformanceAspect [] [] - 接口性能监控 - 方法: getUserStudyRecords, 执行时间: 9ms
2025-07-02 22:54:16.261 [http-nio-8080-exec-3] INFO  com.csu.sms.aspect.PerformanceAspect [] [] - 接口性能监控 - 方法: getUserExamRecords, 执行时间: 5ms
2025-07-02 22:54:16.262 [http-nio-8080-exec-2] INFO  com.csu.sms.aspect.PerformanceAspect [] [] - 接口性能监控 - 方法: getChartData, 执行时间: 8ms
2025-07-02 22:54:31.076 [http-nio-8080-exec-11] INFO  com.csu.sms.aspect.PerformanceAspect [] [] - 接口性能监控 - 方法: getLearningSuggestions, 执行时间: 14835ms
2025-07-02 22:54:31.076 [http-nio-8080-exec-11] WARN  com.csu.sms.aspect.PerformanceAspect [] [] - 接口执行时间过长 - 方法: getLearningSuggestions, 执行时间: 14835ms
2025-07-02 22:55:49.050 [http-nio-8080-exec-11] INFO  com.csu.sms.aspect.PerformanceAspect [] [] - 接口性能监控 - 方法: getChartData, 执行时间: 3ms
2025-07-02 23:00:26.568 [http-nio-8080-exec-2] INFO  com.csu.sms.aspect.PerformanceAspect [] [] - 接口性能监控 - 方法: getUserStudyRecords, 执行时间: 5ms
2025-07-02 23:00:26.590 [http-nio-8080-exec-9] INFO  com.csu.sms.aspect.PerformanceAspect [] [] - 接口性能监控 - 方法: getUserExamRecords, 执行时间: 6ms
2025-07-02 23:00:26.620 [http-nio-8080-exec-8] INFO  com.csu.sms.aspect.PerformanceAspect [] [] - 接口性能监控 - 方法: getChartData, 执行时间: 12ms
2025-07-02 23:00:26.644 [http-nio-8080-exec-11] INFO  com.csu.sms.aspect.PerformanceAspect [] [] - 接口性能监控 - 方法: getUserAnalysis, 执行时间: 8ms
2025-07-02 23:00:30.512 [http-nio-8080-exec-6] INFO  com.csu.sms.aspect.PerformanceAspect [] [] - 接口性能监控 - 方法: getLearningSuggestions, 执行时间: 3852ms
2025-07-02 23:00:30.512 [http-nio-8080-exec-6] WARN  com.csu.sms.aspect.PerformanceAspect [] [] - 接口执行时间过长 - 方法: getLearningSuggestions, 执行时间: 3852ms
2025-07-02 23:03:48.844 [http-nio-8080-exec-9] INFO  com.csu.sms.aspect.PerformanceAspect [] [] - 接口性能监控 - 方法: getUserStudyRecords, 执行时间: 8ms
2025-07-02 23:03:48.872 [http-nio-8080-exec-8] INFO  com.csu.sms.aspect.PerformanceAspect [] [] - 接口性能监控 - 方法: getUserExamRecords, 执行时间: 8ms
2025-07-02 23:03:48.893 [http-nio-8080-exec-11] INFO  com.csu.sms.aspect.PerformanceAspect [] [] - 接口性能监控 - 方法: getChartData, 执行时间: 7ms
2025-07-02 23:03:48.910 [http-nio-8080-exec-6] INFO  com.csu.sms.aspect.PerformanceAspect [] [] - 接口性能监控 - 方法: getUserAnalysis, 执行时间: 6ms
2025-07-02 23:03:52.336 [http-nio-8080-exec-2] INFO  com.csu.sms.aspect.PerformanceAspect [] [] - 接口性能监控 - 方法: getLearningSuggestions, 执行时间: 3416ms
2025-07-02 23:03:52.336 [http-nio-8080-exec-2] WARN  com.csu.sms.aspect.PerformanceAspect [] [] - 接口执行时间过长 - 方法: getLearningSuggestions, 执行时间: 3416ms
2025-07-02 23:09:36.747 [http-nio-8080-exec-8] INFO  com.csu.sms.aspect.PerformanceAspect [] [] - 接口性能监控 - 方法: getUserStudyRecords, 执行时间: 6ms
2025-07-02 23:09:36.772 [http-nio-8080-exec-11] INFO  com.csu.sms.aspect.PerformanceAspect [] [] - 接口性能监控 - 方法: getUserExamRecords, 执行时间: 6ms
2025-07-02 23:09:36.795 [http-nio-8080-exec-6] INFO  com.csu.sms.aspect.PerformanceAspect [] [] - 接口性能监控 - 方法: getChartData, 执行时间: 7ms
2025-07-02 23:09:36.809 [http-nio-8080-exec-2] INFO  com.csu.sms.aspect.PerformanceAspect [] [] - 接口性能监控 - 方法: getUserAnalysis, 执行时间: 6ms
2025-07-02 23:21:18.424 [http-nio-8080-exec-11] INFO  com.csu.sms.aspect.PerformanceAspect [] [] - 接口性能监控 - 方法: getUserStudyRecords, 执行时间: 7ms
2025-07-02 23:21:18.447 [http-nio-8080-exec-6] INFO  com.csu.sms.aspect.PerformanceAspect [] [] - 接口性能监控 - 方法: getUserExamRecords, 执行时间: 7ms
2025-07-02 23:21:18.468 [http-nio-8080-exec-2] INFO  com.csu.sms.aspect.PerformanceAspect [] [] - 接口性能监控 - 方法: getChartData, 执行时间: 10ms
2025-07-02 23:21:18.488 [http-nio-8080-exec-9] INFO  com.csu.sms.aspect.PerformanceAspect [] [] - 接口性能监控 - 方法: getUserAnalysis, 执行时间: 9ms
2025-07-02 23:21:29.253 [http-nio-8080-exec-11] INFO  com.csu.sms.aspect.PerformanceAspect [] [] - 接口性能监控 - 方法: getChartData, 执行时间: 4ms
2025-07-02 23:21:32.253 [http-nio-8080-exec-6] INFO  com.csu.sms.aspect.PerformanceAspect [] [] - 接口性能监控 - 方法: getChartData, 执行时间: 6ms
2025-07-02 23:21:34.801 [http-nio-8080-exec-2] INFO  com.csu.sms.aspect.PerformanceAspect [] [] - 接口性能监控 - 方法: getChartData, 执行时间: 4ms
2025-07-02 23:27:19.755 [http-nio-8080-exec-8] INFO  com.csu.sms.aspect.PerformanceAspect [] [] - 接口性能监控 - 方法: getUserStudyRecords, 执行时间: 8ms
2025-07-02 23:27:19.783 [http-nio-8080-exec-11] INFO  com.csu.sms.aspect.PerformanceAspect [] [] - 接口性能监控 - 方法: getUserExamRecords, 执行时间: 9ms
2025-07-02 23:27:19.810 [http-nio-8080-exec-6] INFO  com.csu.sms.aspect.PerformanceAspect [] [] - 接口性能监控 - 方法: getChartData, 执行时间: 10ms
2025-07-02 23:27:19.835 [http-nio-8080-exec-2] INFO  com.csu.sms.aspect.PerformanceAspect [] [] - 接口性能监控 - 方法: getUserAnalysis, 执行时间: 9ms
2025-07-02 23:32:47.051 [http-nio-8080-exec-11] INFO  com.csu.sms.aspect.PerformanceAspect [] [] - 接口性能监控 - 方法: getUserStudyRecords, 执行时间: 7ms
2025-07-02 23:32:47.076 [http-nio-8080-exec-6] INFO  com.csu.sms.aspect.PerformanceAspect [] [] - 接口性能监控 - 方法: getUserExamRecords, 执行时间: 8ms
2025-07-02 23:32:47.104 [http-nio-8080-exec-2] INFO  com.csu.sms.aspect.PerformanceAspect [] [] - 接口性能监控 - 方法: getChartData, 执行时间: 10ms
2025-07-02 23:32:47.129 [http-nio-8080-exec-3] INFO  com.csu.sms.aspect.PerformanceAspect [] [] - 接口性能监控 - 方法: getUserAnalysis, 执行时间: 8ms
2025-07-02 23:33:01.663 [http-nio-8080-exec-8] INFO  com.csu.sms.aspect.PerformanceAspect [] [] - 接口性能监控 - 方法: getLearningSuggestions, 执行时间: 14507ms
2025-07-02 23:33:01.663 [http-nio-8080-exec-8] WARN  com.csu.sms.aspect.PerformanceAspect [] [] - 接口执行时间过长 - 方法: getLearningSuggestions, 执行时间: 14507ms
2025-07-02 23:33:16.289 [http-nio-8080-exec-11] INFO  com.csu.sms.aspect.PerformanceAspect [] [] - 接口性能监控 - 方法: getChartData, 执行时间: 1ms
2025-07-02 23:33:18.547 [http-nio-8080-exec-6] INFO  com.csu.sms.aspect.PerformanceAspect [] [] - 接口性能监控 - 方法: getChartData, 执行时间: 5ms
2025-07-02 23:33:20.734 [http-nio-8080-exec-2] INFO  com.csu.sms.aspect.PerformanceAspect [] [] - 接口性能监控 - 方法: getChartData, 执行时间: 4ms
2025-07-02 23:40:18.200 [http-nio-8080-exec-8] INFO  com.csu.sms.aspect.PerformanceAspect [] [] - 接口性能监控 - 方法: getUserStudyRecords, 执行时间: 6ms
2025-07-02 23:40:18.219 [http-nio-8080-exec-11] INFO  com.csu.sms.aspect.PerformanceAspect [] [] - 接口性能监控 - 方法: getUserExamRecords, 执行时间: 6ms
2025-07-02 23:40:18.236 [http-nio-8080-exec-6] INFO  com.csu.sms.aspect.PerformanceAspect [] [] - 接口性能监控 - 方法: getChartData, 执行时间: 9ms
2025-07-02 23:40:18.254 [http-nio-8080-exec-2] INFO  com.csu.sms.aspect.PerformanceAspect [] [] - 接口性能监控 - 方法: getUserAnalysis, 执行时间: 7ms
2025-07-02 23:40:33.656 [http-nio-8080-exec-9] INFO  com.csu.sms.aspect.PerformanceAspect [] [] - 接口性能监控 - 方法: getLearningSuggestions, 执行时间: 15389ms
2025-07-02 23:40:33.656 [http-nio-8080-exec-9] WARN  com.csu.sms.aspect.PerformanceAspect [] [] - 接口执行时间过长 - 方法: getLearningSuggestions, 执行时间: 15389ms
2025-07-02 23:45:26.338 [http-nio-8080-exec-11] INFO  com.csu.sms.aspect.PerformanceAspect [] [] - 接口性能监控 - 方法: getUserStudyRecords, 执行时间: 4ms
2025-07-02 23:45:26.356 [http-nio-8080-exec-6] INFO  com.csu.sms.aspect.PerformanceAspect [] [] - 接口性能监控 - 方法: getUserExamRecords, 执行时间: 5ms
2025-07-02 23:45:26.369 [http-nio-8080-exec-2] INFO  com.csu.sms.aspect.PerformanceAspect [] [] - 接口性能监控 - 方法: getChartData, 执行时间: 4ms
2025-07-02 23:45:26.388 [http-nio-8080-exec-9] INFO  com.csu.sms.aspect.PerformanceAspect [] [] - 接口性能监控 - 方法: getUserAnalysis, 执行时间: 8ms
2025-07-02 23:46:00.318 [http-nio-8080-exec-8] INFO  com.csu.sms.aspect.PerformanceAspect [] [] - 接口性能监控 - 方法: getLearningSuggestions, 执行时间: 33915ms
2025-07-02 23:46:00.318 [http-nio-8080-exec-8] WARN  com.csu.sms.aspect.PerformanceAspect [] [] - 接口执行时间过长 - 方法: getLearningSuggestions, 执行时间: 33915ms
2025-07-02 23:53:10.988 [http-nio-8080-exec-6] INFO  com.csu.sms.aspect.PerformanceAspect [] [] - 接口性能监控 - 方法: getUserStudyRecords, 执行时间: 9ms
2025-07-02 23:53:11.017 [http-nio-8080-exec-2] INFO  com.csu.sms.aspect.PerformanceAspect [] [] - 接口性能监控 - 方法: getUserExamRecords, 执行时间: 8ms
2025-07-02 23:53:11.058 [http-nio-8080-exec-9] INFO  com.csu.sms.aspect.PerformanceAspect [] [] - 接口性能监控 - 方法: getChartData, 执行时间: 9ms
2025-07-02 23:53:11.078 [http-nio-8080-exec-8] INFO  com.csu.sms.aspect.PerformanceAspect [] [] - 接口性能监控 - 方法: getUserAnalysis, 执行时间: 8ms
2025-07-02 23:53:27.303 [http-nio-8080-exec-11] INFO  com.csu.sms.aspect.PerformanceAspect [] [] - 接口性能监控 - 方法: getLearningSuggestions, 执行时间: 16208ms
2025-07-02 23:53:27.303 [http-nio-8080-exec-11] WARN  com.csu.sms.aspect.PerformanceAspect [] [] - 接口执行时间过长 - 方法: getLearningSuggestions, 执行时间: 16208ms
