2025-07-04 15:22:53.661 [http-nio-8080-exec-6] INFO  com.csu.sms.aspect.PerformanceAspect [] [] - 接口性能监控 - 方法: login, 执行时间: 5150ms
2025-07-04 15:22:53.661 [http-nio-8080-exec-6] WARN  com.csu.sms.aspect.PerformanceAspect [] [] - 接口执行时间过长 - 方法: login, 执行时间: 5150ms
2025-07-04 15:22:53.783 [http-nio-8080-exec-1] INFO  com.csu.sms.aspect.PerformanceAspect [] [] - 接口性能监控 - 方法: login, 执行时间: 12950ms
2025-07-04 15:22:53.783 [http-nio-8080-exec-1] WARN  com.csu.sms.aspect.PerformanceAspect [] [] - 接口执行时间过长 - 方法: login, 执行时间: 12950ms
2025-07-04 15:29:04.519 [http-nio-8080-exec-10] INFO  com.csu.sms.aspect.PerformanceAspect [] [] - 接口性能监控 - 方法: getAllCategories, 执行时间: 48ms
2025-07-04 15:29:04.605 [http-nio-8080-exec-3] INFO  com.csu.sms.aspect.PerformanceAspect [] [] - 接口性能监控 - 方法: getKnowledgeList, 执行时间: 126ms
2025-07-04 15:29:07.491 [http-nio-8080-exec-2] INFO  com.csu.sms.aspect.PerformanceAspect [] [] - 接口性能监控 - 方法: getAllCategories, 执行时间: 14ms
2025-07-04 15:29:07.520 [http-nio-8080-exec-1] INFO  com.csu.sms.aspect.PerformanceAspect [] [] - 接口性能监控 - 方法: getKnowledgeList, 执行时间: 41ms
2025-07-04 15:29:09.059 [http-nio-8080-exec-4] ERROR com.csu.sms.aspect.PerformanceAspect [] [] - 接口执行异常 - 方法: isFavorite, 执行时间: 0ms, 异常: 当前用户ID不存在，请先登录
2025-07-04 15:29:09.076 [http-nio-8080-exec-10] INFO  com.csu.sms.aspect.PerformanceAspect [] [] - 接口性能监控 - 方法: getKnowledgeDetail, 执行时间: 13ms
2025-07-04 15:29:13.958 [http-nio-8080-exec-6] ERROR com.csu.sms.aspect.PerformanceAspect [] [] - 接口执行异常 - 方法: isFavorite, 执行时间: 0ms, 异常: 当前用户ID不存在，请先登录
2025-07-04 15:29:13.975 [http-nio-8080-exec-9] INFO  com.csu.sms.aspect.PerformanceAspect [] [] - 接口性能监控 - 方法: getKnowledgeDetail, 执行时间: 18ms
2025-07-04 15:29:15.706 [http-nio-8080-exec-2] ERROR com.csu.sms.aspect.PerformanceAspect [] [] - 接口执行异常 - 方法: isFavorite, 执行时间: 0ms, 异常: 当前用户ID不存在，请先登录
2025-07-04 15:29:15.728 [http-nio-8080-exec-1] INFO  com.csu.sms.aspect.PerformanceAspect [] [] - 接口性能监控 - 方法: getKnowledgeDetail, 执行时间: 12ms
2025-07-04 15:30:50.393 [http-nio-8080-exec-5] INFO  com.csu.sms.aspect.PerformanceAspect [] [] - 接口性能监控 - 方法: login, 执行时间: 13205ms
2025-07-04 15:30:50.393 [http-nio-8080-exec-5] WARN  com.csu.sms.aspect.PerformanceAspect [] [] - 接口执行时间过长 - 方法: login, 执行时间: 13205ms
2025-07-04 15:30:50.837 [http-nio-8080-exec-4] INFO  com.csu.sms.aspect.PerformanceAspect [] [] - 接口性能监控 - 方法: login, 执行时间: 1549ms
2025-07-04 15:30:50.837 [http-nio-8080-exec-4] WARN  com.csu.sms.aspect.PerformanceAspect [] [] - 接口执行时间过长 - 方法: login, 执行时间: 1549ms
2025-07-04 15:31:06.573 [http-nio-8080-exec-8] INFO  com.csu.sms.aspect.PerformanceAspect [] [] - 接口性能监控 - 方法: getAllCategories, 执行时间: 7ms
2025-07-04 15:31:06.593 [http-nio-8080-exec-3] INFO  com.csu.sms.aspect.PerformanceAspect [] [] - 接口性能监控 - 方法: getKnowledgeList, 执行时间: 27ms
2025-07-04 15:31:07.785 [http-nio-8080-exec-9] ERROR com.csu.sms.aspect.PerformanceAspect [] [] - 接口执行异常 - 方法: isFavorite, 执行时间: 1ms, 异常: 当前用户ID不存在，请先登录
2025-07-04 15:31:07.793 [http-nio-8080-exec-7] INFO  com.csu.sms.aspect.PerformanceAspect [] [] - 接口性能监控 - 方法: getKnowledgeDetail, 执行时间: 11ms
2025-07-04 15:36:46.521 [http-nio-8080-exec-9] ERROR com.csu.sms.aspect.PerformanceAspect [] [] - 接口执行异常 - 方法: isFavorite, 执行时间: 1ms, 异常: 当前用户ID不存在，请先登录
2025-07-04 15:36:46.550 [http-nio-8080-exec-7] INFO  com.csu.sms.aspect.PerformanceAspect [] [] - 接口性能监控 - 方法: getKnowledgeDetail, 执行时间: 26ms
2025-07-04 15:36:55.821 [http-nio-8080-exec-6] INFO  com.csu.sms.aspect.PerformanceAspect [] [] - 接口性能监控 - 方法: getAllCategories, 执行时间: 10ms
2025-07-04 15:36:55.834 [http-nio-8080-exec-3] INFO  com.csu.sms.aspect.PerformanceAspect [] [] - 接口性能监控 - 方法: getKnowledgeList, 执行时间: 22ms
2025-07-04 15:37:29.307 [http-nio-8080-exec-1] INFO  com.csu.sms.aspect.PerformanceAspect [] [] - 接口性能监控 - 方法: login, 执行时间: 300ms
2025-07-04 15:37:53.261 [http-nio-8080-exec-5] INFO  com.csu.sms.aspect.PerformanceAspect [] [] - 接口性能监控 - 方法: login, 执行时间: 257ms
2025-07-04 15:37:57.280 [http-nio-8080-exec-5] INFO  com.csu.sms.aspect.PerformanceAspect [] [] - 接口性能监控 - 方法: getAllCategories, 执行时间: 10ms
2025-07-04 15:37:57.295 [http-nio-8080-exec-9] INFO  com.csu.sms.aspect.PerformanceAspect [] [] - 接口性能监控 - 方法: getKnowledgeList, 执行时间: 24ms
2025-07-04 15:38:03.385 [http-nio-8080-exec-6] ERROR com.csu.sms.aspect.PerformanceAspect [] [] - 接口执行异常 - 方法: isFavorite, 执行时间: 0ms, 异常: 当前用户ID不存在，请先登录
2025-07-04 15:38:03.390 [http-nio-8080-exec-2] INFO  com.csu.sms.aspect.PerformanceAspect [] [] - 接口性能监控 - 方法: getKnowledgeDetail, 执行时间: 7ms
2025-07-04 15:41:47.940 [http-nio-8080-exec-1] INFO  com.csu.sms.aspect.PerformanceAspect [] [] - 接口性能监控 - 方法: getAllCategories, 执行时间: 10ms
2025-07-04 15:41:47.954 [http-nio-8080-exec-9] INFO  com.csu.sms.aspect.PerformanceAspect [] [] - 接口性能监控 - 方法: getKnowledgeList, 执行时间: 24ms
2025-07-04 15:41:49.238 [http-nio-8080-exec-8] ERROR com.csu.sms.aspect.PerformanceAspect [] [] - 接口执行异常 - 方法: isFavorite, 执行时间: 0ms, 异常: 当前用户ID不存在，请先登录
2025-07-04 15:41:49.244 [http-nio-8080-exec-10] INFO  com.csu.sms.aspect.PerformanceAspect [] [] - 接口性能监控 - 方法: getKnowledgeDetail, 执行时间: 9ms
2025-07-04 15:45:53.484 [http-nio-8080-exec-1] INFO  com.csu.sms.aspect.PerformanceAspect [] [] - 接口性能监控 - 方法: login, 执行时间: 20ms
2025-07-04 15:45:59.585 [http-nio-8080-exec-5] INFO  com.csu.sms.aspect.PerformanceAspect [] [] - 接口性能监控 - 方法: getAllCategories, 执行时间: 22ms
2025-07-04 15:45:59.625 [http-nio-8080-exec-8] INFO  com.csu.sms.aspect.PerformanceAspect [] [] - 接口性能监控 - 方法: getKnowledgeList, 执行时间: 61ms
2025-07-04 15:46:01.901 [http-nio-8080-exec-10] INFO  com.csu.sms.aspect.PerformanceAspect [] [] - 接口性能监控 - 方法: getKnowledgeDetail, 执行时间: 35ms
2025-07-04 15:46:01.901 [http-nio-8080-exec-8] INFO  com.csu.sms.aspect.PerformanceAspect [] [] - 接口性能监控 - 方法: isFavorite, 执行时间: 37ms
2025-07-04 16:00:06.257 [http-nio-8080-exec-5] INFO  com.csu.sms.aspect.PerformanceAspect [] [] - 接口性能监控 - 方法: isFavorite, 执行时间: 1ms
2025-07-04 16:00:06.259 [http-nio-8080-exec-8] INFO  com.csu.sms.aspect.PerformanceAspect [] [] - 接口性能监控 - 方法: getKnowledgeDetail, 执行时间: 3ms
2025-07-04 16:00:21.940 [http-nio-8080-exec-10] INFO  com.csu.sms.aspect.PerformanceAspect [] [] - 接口性能监控 - 方法: addFavorite, 执行时间: 115ms
2025-07-04 16:00:56.227 [http-nio-8080-exec-9] INFO  com.csu.sms.aspect.PerformanceAspect [] [] - 接口性能监控 - 方法: getAllCategories, 执行时间: 14ms
2025-07-04 16:00:56.235 [http-nio-8080-exec-4] INFO  com.csu.sms.aspect.PerformanceAspect [] [] - 接口性能监控 - 方法: getKnowledgeList, 执行时间: 21ms
2025-07-04 16:01:01.834 [http-nio-8080-exec-2] INFO  com.csu.sms.aspect.PerformanceAspect [] [] - 接口性能监控 - 方法: isFavorite, 执行时间: 4ms
2025-07-04 16:01:01.834 [http-nio-8080-exec-8] INFO  com.csu.sms.aspect.PerformanceAspect [] [] - 接口性能监控 - 方法: getKnowledgeDetail, 执行时间: 4ms
2025-07-04 16:01:09.389 [http-nio-8080-exec-7] INFO  com.csu.sms.aspect.PerformanceAspect [] [] - 接口性能监控 - 方法: getAllCategories, 执行时间: 4ms
2025-07-04 16:01:09.395 [http-nio-8080-exec-1] INFO  com.csu.sms.aspect.PerformanceAspect [] [] - 接口性能监控 - 方法: getKnowledgeList, 执行时间: 10ms
2025-07-04 16:01:10.512 [http-nio-8080-exec-5] INFO  com.csu.sms.aspect.PerformanceAspect [] [] - 接口性能监控 - 方法: isFavorite, 执行时间: 2ms
2025-07-04 16:01:10.515 [http-nio-8080-exec-6] INFO  com.csu.sms.aspect.PerformanceAspect [] [] - 接口性能监控 - 方法: getKnowledgeDetail, 执行时间: 5ms
2025-07-04 16:01:14.254 [http-nio-8080-exec-2] INFO  com.csu.sms.aspect.PerformanceAspect [] [] - 接口性能监控 - 方法: getAllCategories, 执行时间: 4ms
2025-07-04 16:01:14.270 [http-nio-8080-exec-8] INFO  com.csu.sms.aspect.PerformanceAspect [] [] - 接口性能监控 - 方法: getKnowledgeList, 执行时间: 19ms
2025-07-04 16:01:15.790 [http-nio-8080-exec-1] INFO  com.csu.sms.aspect.PerformanceAspect [] [] - 接口性能监控 - 方法: isFavorite, 执行时间: 3ms
2025-07-04 16:01:15.792 [http-nio-8080-exec-7] INFO  com.csu.sms.aspect.PerformanceAspect [] [] - 接口性能监控 - 方法: getKnowledgeDetail, 执行时间: 8ms
2025-07-04 16:01:21.800 [http-nio-8080-exec-4] INFO  com.csu.sms.aspect.PerformanceAspect [] [] - 接口性能监控 - 方法: addFavorite, 执行时间: 26ms
2025-07-04 16:04:15.645 [http-nio-8080-exec-7] INFO  com.csu.sms.aspect.PerformanceAspect [] [] - 接口性能监控 - 方法: getAllCategories, 执行时间: 9ms
2025-07-04 16:04:15.656 [http-nio-8080-exec-1] INFO  com.csu.sms.aspect.PerformanceAspect [] [] - 接口性能监控 - 方法: getKnowledgeList, 执行时间: 18ms
2025-07-04 16:04:16.795 [http-nio-8080-exec-6] INFO  com.csu.sms.aspect.PerformanceAspect [] [] - 接口性能监控 - 方法: isFavorite, 执行时间: 3ms
2025-07-04 16:04:16.796 [http-nio-8080-exec-5] INFO  com.csu.sms.aspect.PerformanceAspect [] [] - 接口性能监控 - 方法: getKnowledgeDetail, 执行时间: 4ms
2025-07-04 16:04:20.274 [http-nio-8080-exec-2] INFO  com.csu.sms.aspect.PerformanceAspect [] [] - 接口性能监控 - 方法: getAllCategories, 执行时间: 4ms
2025-07-04 16:04:20.285 [http-nio-8080-exec-8] INFO  com.csu.sms.aspect.PerformanceAspect [] [] - 接口性能监控 - 方法: getKnowledgeList, 执行时间: 10ms
2025-07-04 16:04:21.383 [http-nio-8080-exec-1] INFO  com.csu.sms.aspect.PerformanceAspect [] [] - 接口性能监控 - 方法: isFavorite, 执行时间: 4ms
2025-07-04 16:04:21.385 [http-nio-8080-exec-7] INFO  com.csu.sms.aspect.PerformanceAspect [] [] - 接口性能监控 - 方法: getKnowledgeDetail, 执行时间: 6ms
2025-07-04 16:04:27.345 [http-nio-8080-exec-6] INFO  com.csu.sms.aspect.PerformanceAspect [] [] - 接口性能监控 - 方法: getAllCategories, 执行时间: 5ms
2025-07-04 16:04:27.351 [http-nio-8080-exec-5] INFO  com.csu.sms.aspect.PerformanceAspect [] [] - 接口性能监控 - 方法: getKnowledgeList, 执行时间: 10ms
2025-07-04 16:04:28.316 [http-nio-8080-exec-10] INFO  com.csu.sms.aspect.PerformanceAspect [] [] - 接口性能监控 - 方法: isFavorite, 执行时间: 2ms
2025-07-04 16:04:28.316 [http-nio-8080-exec-8] INFO  com.csu.sms.aspect.PerformanceAspect [] [] - 接口性能监控 - 方法: getKnowledgeDetail, 执行时间: 3ms
2025-07-04 16:04:29.667 [http-nio-8080-exec-1] INFO  com.csu.sms.aspect.PerformanceAspect [] [] - 接口性能监控 - 方法: getAllCategories, 执行时间: 4ms
2025-07-04 16:04:29.672 [http-nio-8080-exec-7] INFO  com.csu.sms.aspect.PerformanceAspect [] [] - 接口性能监控 - 方法: getKnowledgeList, 执行时间: 9ms
2025-07-04 16:04:31.376 [http-nio-8080-exec-4] INFO  com.csu.sms.aspect.PerformanceAspect [] [] - 接口性能监控 - 方法: isFavorite, 执行时间: 1ms
2025-07-04 16:04:31.378 [http-nio-8080-exec-9] INFO  com.csu.sms.aspect.PerformanceAspect [] [] - 接口性能监控 - 方法: getKnowledgeDetail, 执行时间: 4ms
2025-07-04 16:07:03.211 [http-nio-8080-exec-8] INFO  com.csu.sms.aspect.PerformanceAspect [] [] - 接口性能监控 - 方法: login, 执行时间: 13865ms
2025-07-04 16:07:03.212 [http-nio-8080-exec-8] WARN  com.csu.sms.aspect.PerformanceAspect [] [] - 接口执行时间过长 - 方法: login, 执行时间: 13865ms
2025-07-04 16:07:22.371 [http-nio-8080-exec-4] INFO  com.csu.sms.aspect.PerformanceAspect [] [] - 接口性能监控 - 方法: getAllCategories, 执行时间: 5ms
2025-07-04 16:07:22.374 [http-nio-8080-exec-9] INFO  com.csu.sms.aspect.PerformanceAspect [] [] - 接口性能监控 - 方法: getKnowledgeList, 执行时间: 8ms
2025-07-04 16:07:26.448 [http-nio-8080-exec-6] INFO  com.csu.sms.aspect.PerformanceAspect [] [] - 接口性能监控 - 方法: getMyFavoriteList, 执行时间: 11ms
2025-07-04 16:07:26.521 [http-nio-8080-exec-2] INFO  com.csu.sms.aspect.PerformanceAspect [] [] - 接口性能监控 - 方法: getMyFavoriteList, 执行时间: 8ms
2025-07-04 16:07:30.390 [http-nio-8080-exec-1] INFO  com.csu.sms.aspect.PerformanceAspect [] [] - 接口性能监控 - 方法: isFavorite, 执行时间: 5ms
2025-07-04 16:07:30.393 [http-nio-8080-exec-8] INFO  com.csu.sms.aspect.PerformanceAspect [] [] - 接口性能监控 - 方法: getKnowledgeDetail, 执行时间: 7ms
2025-07-04 16:07:31.975 [http-nio-8080-exec-9] INFO  com.csu.sms.aspect.PerformanceAspect [] [] - 接口性能监控 - 方法: getAllCategories, 执行时间: 3ms
2025-07-04 16:07:31.980 [http-nio-8080-exec-5] INFO  com.csu.sms.aspect.PerformanceAspect [] [] - 接口性能监控 - 方法: getKnowledgeList, 执行时间: 8ms
2025-07-04 16:07:43.382 [http-nio-8080-exec-2] INFO  com.csu.sms.aspect.PerformanceAspect [] [] - 接口性能监控 - 方法: getMyFavoriteList, 执行时间: 5ms
2025-07-04 16:07:43.450 [http-nio-8080-exec-10] INFO  com.csu.sms.aspect.PerformanceAspect [] [] - 接口性能监控 - 方法: getMyFavoriteList, 执行时间: 7ms
2025-07-04 16:11:56.316 [http-nio-8080-exec-5] INFO  com.csu.sms.aspect.PerformanceAspect [] [] - 接口性能监控 - 方法: getMyFavoriteList, 执行时间: 21ms
2025-07-04 16:12:49.339 [http-nio-8080-exec-2] INFO  com.csu.sms.aspect.PerformanceAspect [] [] - 接口性能监控 - 方法: getMyFavoriteList, 执行时间: 7ms
2025-07-04 16:12:58.429 [http-nio-8080-exec-10] INFO  com.csu.sms.aspect.PerformanceAspect [] [] - 接口性能监控 - 方法: getMyFavoriteList, 执行时间: 10ms
2025-07-04 16:21:15.900 [http-nio-8080-exec-7] INFO  com.csu.sms.aspect.PerformanceAspect [] [] - 接口性能监控 - 方法: getMyFavoriteList, 执行时间: 12ms
2025-07-04 16:21:23.241 [http-nio-8080-exec-6] INFO  com.csu.sms.aspect.PerformanceAspect [] [] - 接口性能监控 - 方法: getAllCategories, 执行时间: 4ms
2025-07-04 16:21:23.245 [http-nio-8080-exec-2] INFO  com.csu.sms.aspect.PerformanceAspect [] [] - 接口性能监控 - 方法: getKnowledgeList, 执行时间: 7ms
2025-07-04 16:22:07.840 [http-nio-8080-exec-3] INFO  com.csu.sms.aspect.PerformanceAspect [] [] - 接口性能监控 - 方法: login, 执行时间: 8ms
2025-07-04 16:22:09.349 [http-nio-8080-exec-8] INFO  com.csu.sms.aspect.PerformanceAspect [] [] - 接口性能监控 - 方法: getAllCategories, 执行时间: 4ms
2025-07-04 16:22:09.352 [http-nio-8080-exec-4] INFO  com.csu.sms.aspect.PerformanceAspect [] [] - 接口性能监控 - 方法: getKnowledgeList, 执行时间: 7ms
2025-07-04 16:22:11.848 [http-nio-8080-exec-3] INFO  com.csu.sms.aspect.PerformanceAspect [] [] - 接口性能监控 - 方法: getMyFavoriteList, 执行时间: 8ms
2025-07-04 16:22:17.202 [http-nio-8080-exec-9] INFO  com.csu.sms.aspect.PerformanceAspect [] [] - 接口性能监控 - 方法: getAllCategories, 执行时间: 8ms
2025-07-04 16:22:17.217 [http-nio-8080-exec-7] INFO  com.csu.sms.aspect.PerformanceAspect [] [] - 接口性能监控 - 方法: getKnowledgeList, 执行时间: 23ms
2025-07-04 16:22:21.477 [http-nio-8080-exec-3] INFO  com.csu.sms.aspect.PerformanceAspect [] [] - 接口性能监控 - 方法: getMyFavoriteList, 执行时间: 7ms
2025-07-04 16:24:26.478 [http-nio-8080-exec-1] INFO  com.csu.sms.aspect.PerformanceAspect [] [] - 接口性能监控 - 方法: getAllCategories, 执行时间: 6ms
2025-07-04 16:24:26.482 [http-nio-8080-exec-4] INFO  com.csu.sms.aspect.PerformanceAspect [] [] - 接口性能监控 - 方法: getKnowledgeList, 执行时间: 9ms
2025-07-04 16:24:27.827 [http-nio-8080-exec-2] INFO  com.csu.sms.aspect.PerformanceAspect [] [] - 接口性能监控 - 方法: getMyFavoriteList, 执行时间: 13ms
2025-07-04 16:24:34.605 [http-nio-8080-exec-10] INFO  com.csu.sms.aspect.PerformanceAspect [] [] - 接口性能监控 - 方法: getAllCategories, 执行时间: 4ms
2025-07-04 16:24:34.608 [http-nio-8080-exec-8] INFO  com.csu.sms.aspect.PerformanceAspect [] [] - 接口性能监控 - 方法: getKnowledgeList, 执行时间: 7ms
2025-07-04 16:24:40.101 [http-nio-8080-exec-4] INFO  com.csu.sms.aspect.PerformanceAspect [] [] - 接口性能监控 - 方法: getMyFavoriteList, 执行时间: 11ms
2025-07-04 16:25:54.543 [http-nio-8080-exec-9] INFO  com.csu.sms.aspect.PerformanceAspect [] [] - 接口性能监控 - 方法: isFavorite, 执行时间: 3ms
2025-07-04 16:25:54.544 [http-nio-8080-exec-3] INFO  com.csu.sms.aspect.PerformanceAspect [] [] - 接口性能监控 - 方法: getKnowledgeDetail, 执行时间: 4ms
2025-07-04 16:26:03.311 [http-nio-8080-exec-7] INFO  com.csu.sms.aspect.PerformanceAspect [] [] - 接口性能监控 - 方法: addFavorite, 执行时间: 56ms
2025-07-04 16:26:05.593 [http-nio-8080-exec-8] INFO  com.csu.sms.aspect.PerformanceAspect [] [] - 接口性能监控 - 方法: getAllCategories, 执行时间: 4ms
2025-07-04 16:26:05.612 [http-nio-8080-exec-2] INFO  com.csu.sms.aspect.PerformanceAspect [] [] - 接口性能监控 - 方法: getKnowledgeList, 执行时间: 15ms
2025-07-04 16:26:06.807 [http-nio-8080-exec-5] INFO  com.csu.sms.aspect.PerformanceAspect [] [] - 接口性能监控 - 方法: getMyFavoriteList, 执行时间: 16ms
2025-07-04 16:26:14.928 [http-nio-8080-exec-7] INFO  com.csu.sms.aspect.PerformanceAspect [] [] - 接口性能监控 - 方法: isFavorite, 执行时间: 3ms
2025-07-04 16:26:14.930 [http-nio-8080-exec-10] INFO  com.csu.sms.aspect.PerformanceAspect [] [] - 接口性能监控 - 方法: getKnowledgeDetail, 执行时间: 5ms
2025-07-04 16:26:23.563 [http-nio-8080-exec-6] INFO  com.csu.sms.aspect.PerformanceAspect [] [] - 接口性能监控 - 方法: addFavorite, 执行时间: 45ms
2025-07-04 16:26:26.148 [http-nio-8080-exec-4] INFO  com.csu.sms.aspect.PerformanceAspect [] [] - 接口性能监控 - 方法: getAllCategories, 执行时间: 8ms
2025-07-04 16:26:26.157 [http-nio-8080-exec-5] INFO  com.csu.sms.aspect.PerformanceAspect [] [] - 接口性能监控 - 方法: getKnowledgeList, 执行时间: 16ms
2025-07-04 16:26:27.366 [http-nio-8080-exec-3] INFO  com.csu.sms.aspect.PerformanceAspect [] [] - 接口性能监控 - 方法: getMyFavoriteList, 执行时间: 24ms
2025-07-04 16:26:38.290 [http-nio-8080-exec-10] INFO  com.csu.sms.aspect.PerformanceAspect [] [] - 接口性能监控 - 方法: getMyFavoriteList, 执行时间: 17ms
2025-07-04 16:26:41.970 [http-nio-8080-exec-2] INFO  com.csu.sms.aspect.PerformanceAspect [] [] - 接口性能监控 - 方法: getAllCategories, 执行时间: 4ms
2025-07-04 16:26:41.973 [http-nio-8080-exec-8] INFO  com.csu.sms.aspect.PerformanceAspect [] [] - 接口性能监控 - 方法: getKnowledgeList, 执行时间: 6ms
2025-07-04 16:26:43.183 [http-nio-8080-exec-4] INFO  com.csu.sms.aspect.PerformanceAspect [] [] - 接口性能监控 - 方法: getMyFavoriteList, 执行时间: 10ms
2025-07-04 16:26:47.714 [http-nio-8080-exec-9] INFO  com.csu.sms.aspect.PerformanceAspect [] [] - 接口性能监控 - 方法: getMyFavoriteList, 执行时间: 17ms
2025-07-04 16:28:58.537 [http-nio-8080-exec-2] INFO  com.csu.sms.aspect.PerformanceAspect [] [] - 接口性能监控 - 方法: getMyFavoriteList, 执行时间: 29ms
2025-07-04 16:31:13.004 [http-nio-8080-exec-9] ERROR com.csu.sms.aspect.PerformanceAspect [] [] - 接口执行异常 - 方法: getMyFavoriteList, 执行时间: 0ms, 异常: 当前用户ID不存在，请先登录
2025-07-04 16:36:17.448 [http-nio-8080-exec-4] INFO  com.csu.sms.aspect.PerformanceAspect [] [] - 接口性能监控 - 方法: getAllCategories, 执行时间: 37ms
2025-07-04 16:36:17.530 [http-nio-8080-exec-3] INFO  com.csu.sms.aspect.PerformanceAspect [] [] - 接口性能监控 - 方法: getKnowledgeList, 执行时间: 117ms
2025-07-04 16:36:19.293 [http-nio-8080-exec-5] INFO  com.csu.sms.aspect.PerformanceAspect [] [] - 接口性能监控 - 方法: getMyFavoriteList, 执行时间: 43ms
2025-07-04 16:36:58.546 [http-nio-8080-exec-10] INFO  com.csu.sms.aspect.PerformanceAspect [] [] - 接口性能监控 - 方法: getAllCategories, 执行时间: 11ms
2025-07-04 16:36:58.564 [http-nio-8080-exec-9] INFO  com.csu.sms.aspect.PerformanceAspect [] [] - 接口性能监控 - 方法: getKnowledgeList, 执行时间: 29ms
2025-07-04 16:37:00.311 [http-nio-8080-exec-2] INFO  com.csu.sms.aspect.PerformanceAspect [] [] - 接口性能监控 - 方法: getMyFavoriteList, 执行时间: 47ms
2025-07-04 16:37:07.978 [http-nio-8080-exec-5] INFO  com.csu.sms.aspect.PerformanceAspect [] [] - 接口性能监控 - 方法: isFavorite, 执行时间: 8ms
2025-07-04 16:37:07.980 [http-nio-8080-exec-6] INFO  com.csu.sms.aspect.PerformanceAspect [] [] - 接口性能监控 - 方法: getKnowledgeDetail, 执行时间: 9ms
2025-07-04 16:37:10.426 [http-nio-8080-exec-8] INFO  com.csu.sms.aspect.PerformanceAspect [] [] - 接口性能监控 - 方法: cancelFavorite, 执行时间: 28ms
2025-07-04 16:37:12.040 [http-nio-8080-exec-1] INFO  com.csu.sms.aspect.PerformanceAspect [] [] - 接口性能监控 - 方法: getAllCategories, 执行时间: 10ms
2025-07-04 16:37:12.053 [http-nio-8080-exec-2] INFO  com.csu.sms.aspect.PerformanceAspect [] [] - 接口性能监控 - 方法: getKnowledgeList, 执行时间: 21ms
2025-07-04 16:37:13.458 [http-nio-8080-exec-3] INFO  com.csu.sms.aspect.PerformanceAspect [] [] - 接口性能监控 - 方法: getMyFavoriteList, 执行时间: 17ms
2025-07-04 16:37:18.198 [http-nio-8080-exec-5] INFO  com.csu.sms.aspect.PerformanceAspect [] [] - 接口性能监控 - 方法: getMyFavoriteList, 执行时间: 22ms
2025-07-04 16:37:21.245 [http-nio-8080-exec-10] INFO  com.csu.sms.aspect.PerformanceAspect [] [] - 接口性能监控 - 方法: isFavorite, 执行时间: 2ms
2025-07-04 16:37:21.246 [http-nio-8080-exec-8] INFO  com.csu.sms.aspect.PerformanceAspect [] [] - 接口性能监控 - 方法: getKnowledgeDetail, 执行时间: 3ms
2025-07-04 16:37:35.814 [http-nio-8080-exec-1] INFO  com.csu.sms.aspect.PerformanceAspect [] [] - 接口性能监控 - 方法: addFavorite, 执行时间: 56ms
2025-07-04 16:37:37.610 [http-nio-8080-exec-3] INFO  com.csu.sms.aspect.PerformanceAspect [] [] - 接口性能监控 - 方法: getAllCategories, 执行时间: 4ms
2025-07-04 16:37:37.617 [http-nio-8080-exec-5] INFO  com.csu.sms.aspect.PerformanceAspect [] [] - 接口性能监控 - 方法: getKnowledgeList, 执行时间: 11ms
2025-07-04 16:37:38.836 [http-nio-8080-exec-7] INFO  com.csu.sms.aspect.PerformanceAspect [] [] - 接口性能监控 - 方法: getMyFavoriteList, 执行时间: 25ms
2025-07-04 16:43:12.420 [http-nio-8080-exec-5] INFO  com.csu.sms.aspect.PerformanceAspect [] [] - 接口性能监控 - 方法: getAllCategories, 执行时间: 12ms
2025-07-04 16:43:12.431 [http-nio-8080-exec-6] INFO  com.csu.sms.aspect.PerformanceAspect [] [] - 接口性能监控 - 方法: getKnowledgeList, 执行时间: 21ms
2025-07-04 16:43:12.444 [http-nio-8080-exec-7] INFO  com.csu.sms.aspect.PerformanceAspect [] [] - 接口性能监控 - 方法: getMyFavoriteList, 执行时间: 36ms
2025-07-04 16:43:15.219 [http-nio-8080-exec-10] INFO  com.csu.sms.aspect.PerformanceAspect [] [] - 接口性能监控 - 方法: getAllCategories, 执行时间: 10ms
2025-07-04 16:43:15.236 [http-nio-8080-exec-8] INFO  com.csu.sms.aspect.PerformanceAspect [] [] - 接口性能监控 - 方法: getKnowledgeList, 执行时间: 27ms
2025-07-04 16:43:15.248 [http-nio-8080-exec-9] INFO  com.csu.sms.aspect.PerformanceAspect [] [] - 接口性能监控 - 方法: getMyFavoriteList, 执行时间: 39ms
2025-07-04 16:43:16.337 [http-nio-8080-exec-1] INFO  com.csu.sms.aspect.PerformanceAspect [] [] - 接口性能监控 - 方法: getAllCategories, 执行时间: 4ms
2025-07-04 16:43:16.341 [http-nio-8080-exec-4] INFO  com.csu.sms.aspect.PerformanceAspect [] [] - 接口性能监控 - 方法: getKnowledgeList, 执行时间: 8ms
2025-07-04 16:43:16.348 [http-nio-8080-exec-2] INFO  com.csu.sms.aspect.PerformanceAspect [] [] - 接口性能监控 - 方法: getMyFavoriteList, 执行时间: 15ms
2025-07-04 16:43:17.550 [http-nio-8080-exec-6] INFO  com.csu.sms.aspect.PerformanceAspect [] [] - 接口性能监控 - 方法: isFavorite, 执行时间: 9ms
2025-07-04 16:43:17.551 [http-nio-8080-exec-7] INFO  com.csu.sms.aspect.PerformanceAspect [] [] - 接口性能监控 - 方法: getKnowledgeDetail, 执行时间: 9ms
2025-07-04 16:43:21.645 [http-nio-8080-exec-4] INFO  com.csu.sms.aspect.PerformanceAspect [] [] - 接口性能监控 - 方法: getAllCategories, 执行时间: 4ms
2025-07-04 16:43:21.650 [http-nio-8080-exec-1] INFO  com.csu.sms.aspect.PerformanceAspect [] [] - 接口性能监控 - 方法: getKnowledgeList, 执行时间: 9ms
2025-07-04 16:43:21.655 [http-nio-8080-exec-2] INFO  com.csu.sms.aspect.PerformanceAspect [] [] - 接口性能监控 - 方法: getMyFavoriteList, 执行时间: 14ms
2025-07-04 16:43:38.004 [http-nio-8080-exec-7] INFO  com.csu.sms.aspect.PerformanceAspect [] [] - 接口性能监控 - 方法: getAllCategories, 执行时间: 7ms
2025-07-04 16:43:38.024 [http-nio-8080-exec-8] INFO  com.csu.sms.aspect.PerformanceAspect [] [] - 接口性能监控 - 方法: getKnowledgeList, 执行时间: 25ms
2025-07-04 16:43:38.032 [http-nio-8080-exec-10] INFO  com.csu.sms.aspect.PerformanceAspect [] [] - 接口性能监控 - 方法: getMyFavoriteList, 执行时间: 25ms
2025-07-04 16:43:39.090 [http-nio-8080-exec-9] INFO  com.csu.sms.aspect.PerformanceAspect [] [] - 接口性能监控 - 方法: getAllCategories, 执行时间: 6ms
2025-07-04 16:43:39.113 [http-nio-8080-exec-4] INFO  com.csu.sms.aspect.PerformanceAspect [] [] - 接口性能监控 - 方法: getMyFavoriteList, 执行时间: 29ms
2025-07-04 16:43:39.121 [http-nio-8080-exec-1] INFO  com.csu.sms.aspect.PerformanceAspect [] [] - 接口性能监控 - 方法: getKnowledgeList, 执行时间: 34ms
2025-07-04 16:43:39.572 [http-nio-8080-exec-2] INFO  com.csu.sms.aspect.PerformanceAspect [] [] - 接口性能监控 - 方法: getAllCategories, 执行时间: 7ms
2025-07-04 16:43:39.583 [http-nio-8080-exec-5] INFO  com.csu.sms.aspect.PerformanceAspect [] [] - 接口性能监控 - 方法: getKnowledgeList, 执行时间: 12ms
2025-07-04 16:43:39.594 [http-nio-8080-exec-3] INFO  com.csu.sms.aspect.PerformanceAspect [] [] - 接口性能监控 - 方法: getMyFavoriteList, 执行时间: 23ms
2025-07-04 16:43:39.838 [http-nio-8080-exec-6] INFO  com.csu.sms.aspect.PerformanceAspect [] [] - 接口性能监控 - 方法: getAllCategories, 执行时间: 8ms
2025-07-04 16:43:39.850 [http-nio-8080-exec-7] INFO  com.csu.sms.aspect.PerformanceAspect [] [] - 接口性能监控 - 方法: getKnowledgeList, 执行时间: 20ms
2025-07-04 16:43:39.859 [http-nio-8080-exec-8] INFO  com.csu.sms.aspect.PerformanceAspect [] [] - 接口性能监控 - 方法: getMyFavoriteList, 执行时间: 29ms
2025-07-04 16:43:40.228 [http-nio-8080-exec-10] INFO  com.csu.sms.aspect.PerformanceAspect [] [] - 接口性能监控 - 方法: getAllCategories, 执行时间: 8ms
2025-07-04 16:43:40.240 [http-nio-8080-exec-9] INFO  com.csu.sms.aspect.PerformanceAspect [] [] - 接口性能监控 - 方法: getKnowledgeList, 执行时间: 19ms
2025-07-04 16:43:40.252 [http-nio-8080-exec-4] INFO  com.csu.sms.aspect.PerformanceAspect [] [] - 接口性能监控 - 方法: getMyFavoriteList, 执行时间: 32ms
2025-07-04 16:43:41.364 [http-nio-8080-exec-2] INFO  com.csu.sms.aspect.PerformanceAspect [] [] - 接口性能监控 - 方法: getMyFavoriteList, 执行时间: 25ms
2025-07-04 16:44:54.313 [http-nio-8080-exec-4] INFO  com.csu.sms.aspect.PerformanceAspect [] [] - 接口性能监控 - 方法: getKnowledgeList, 执行时间: 13ms
2025-07-04 16:44:55.932 [http-nio-8080-exec-2] INFO  com.csu.sms.aspect.PerformanceAspect [] [] - 接口性能监控 - 方法: getKnowledgeList, 执行时间: 6ms
2025-07-04 16:44:57.985 [http-nio-8080-exec-3] INFO  com.csu.sms.aspect.PerformanceAspect [] [] - 接口性能监控 - 方法: getKnowledgeList, 执行时间: 9ms
2025-07-04 16:45:00.405 [http-nio-8080-exec-7] INFO  com.csu.sms.aspect.PerformanceAspect [] [] - 接口性能监控 - 方法: getKnowledgeList, 执行时间: 14ms
2025-07-04 16:45:02.033 [http-nio-8080-exec-8] INFO  com.csu.sms.aspect.PerformanceAspect [] [] - 接口性能监控 - 方法: getKnowledgeList, 执行时间: 7ms
2025-07-04 16:45:04.141 [http-nio-8080-exec-4] INFO  com.csu.sms.aspect.PerformanceAspect [] [] - 接口性能监控 - 方法: getKnowledgeList, 执行时间: 6ms
2025-07-04 16:45:07.394 [http-nio-8080-exec-2] INFO  com.csu.sms.aspect.PerformanceAspect [] [] - 接口性能监控 - 方法: getKnowledgeList, 执行时间: 16ms
2025-07-04 16:45:48.968 [http-nio-8080-exec-6] INFO  com.csu.sms.aspect.PerformanceAspect [] [] - 接口性能监控 - 方法: getAllCategories, 执行时间: 5ms
2025-07-04 16:45:48.973 [http-nio-8080-exec-7] INFO  com.csu.sms.aspect.PerformanceAspect [] [] - 接口性能监控 - 方法: getKnowledgeList, 执行时间: 5ms
2025-07-04 16:45:50.016 [http-nio-8080-exec-10] INFO  com.csu.sms.aspect.PerformanceAspect [] [] - 接口性能监控 - 方法: getAllCategories, 执行时间: 4ms
2025-07-04 16:45:50.019 [http-nio-8080-exec-8] INFO  com.csu.sms.aspect.PerformanceAspect [] [] - 接口性能监控 - 方法: getKnowledgeList, 执行时间: 6ms
2025-07-04 16:45:50.915 [http-nio-8080-exec-9] INFO  com.csu.sms.aspect.PerformanceAspect [] [] - 接口性能监控 - 方法: getAllCategories, 执行时间: 6ms
2025-07-04 16:45:50.924 [http-nio-8080-exec-4] INFO  com.csu.sms.aspect.PerformanceAspect [] [] - 接口性能监控 - 方法: getKnowledgeList, 执行时间: 14ms
2025-07-04 16:45:55.126 [http-nio-8080-exec-2] INFO  com.csu.sms.aspect.PerformanceAspect [] [] - 接口性能监控 - 方法: getMyFavoriteList, 执行时间: 17ms
2025-07-04 16:51:44.187 [http-nio-8080-exec-8] INFO  com.csu.sms.aspect.PerformanceAspect [] [] - 接口性能监控 - 方法: login, 执行时间: 12354ms
2025-07-04 16:51:44.188 [http-nio-8080-exec-8] WARN  com.csu.sms.aspect.PerformanceAspect [] [] - 接口执行时间过长 - 方法: login, 执行时间: 12354ms
2025-07-04 16:53:00.794 [http-nio-8080-exec-2] INFO  com.csu.sms.aspect.PerformanceAspect [] [] - 接口性能监控 - 方法: register, 执行时间: 351ms
2025-07-04 16:53:17.142 [http-nio-8080-exec-3] INFO  com.csu.sms.aspect.PerformanceAspect [] [] - 接口性能监控 - 方法: login, 执行时间: 859ms
2025-07-04 16:53:41.608 [http-nio-8080-exec-7] INFO  com.csu.sms.aspect.PerformanceAspect [] [] - 接口性能监控 - 方法: getOperationAuditReport, 执行时间: 14ms
2025-07-04 16:54:02.844 [http-nio-8080-exec-8] INFO  com.csu.sms.aspect.PerformanceAspect [] [] - 接口性能监控 - 方法: getOperationAuditReport, 执行时间: 17ms
2025-07-04 16:54:32.841 [http-nio-8080-exec-4] INFO  com.csu.sms.aspect.PerformanceAspect [] [] - 接口性能监控 - 方法: getOperationAuditReport, 执行时间: 8ms
2025-07-04 16:54:37.734 [http-nio-8080-exec-2] INFO  com.csu.sms.aspect.PerformanceAspect [] [] - 接口性能监控 - 方法: getOperationAuditReport, 执行时间: 9ms
2025-07-04 16:54:42.236 [http-nio-8080-exec-3] INFO  com.csu.sms.aspect.PerformanceAspect [] [] - 接口性能监控 - 方法: getOperationAuditReport, 执行时间: 10ms
2025-07-04 16:55:17.631 [http-nio-8080-exec-7] INFO  com.csu.sms.aspect.PerformanceAspect [] [] - 接口性能监控 - 方法: getOperationAuditReport, 执行时间: 5ms
2025-07-04 16:58:32.546 [http-nio-8080-exec-4] INFO  com.csu.sms.aspect.PerformanceAspect [] [] - 接口性能监控 - 方法: getOperationAuditReport, 执行时间: 14ms
2025-07-04 16:58:42.592 [http-nio-8080-exec-2] INFO  com.csu.sms.aspect.PerformanceAspect [] [] - 接口性能监控 - 方法: getOperationAuditReport, 执行时间: 9ms
2025-07-04 16:58:48.661 [http-nio-8080-exec-3] INFO  com.csu.sms.aspect.PerformanceAspect [] [] - 接口性能监控 - 方法: getOperationAuditReport, 执行时间: 6ms
2025-07-04 16:58:51.891 [http-nio-8080-exec-6] INFO  com.csu.sms.aspect.PerformanceAspect [] [] - 接口性能监控 - 方法: getOperationAuditReport, 执行时间: 7ms
2025-07-04 16:58:54.106 [http-nio-8080-exec-10] INFO  com.csu.sms.aspect.PerformanceAspect [] [] - 接口性能监控 - 方法: getOperationAuditReport, 执行时间: 29ms
2025-07-04 17:01:23.283 [http-nio-8080-exec-1] INFO  com.csu.sms.aspect.PerformanceAspect [] [] - 接口性能监控 - 方法: getOperationAuditReport, 执行时间: 12ms
2025-07-04 17:01:26.634 [http-nio-8080-exec-5] INFO  com.csu.sms.aspect.PerformanceAspect [] [] - 接口性能监控 - 方法: getOperationAuditReport, 执行时间: 7ms
2025-07-04 17:01:28.851 [http-nio-8080-exec-6] INFO  com.csu.sms.aspect.PerformanceAspect [] [] - 接口性能监控 - 方法: getOperationAuditReport, 执行时间: 10ms
2025-07-04 17:01:31.113 [http-nio-8080-exec-10] INFO  com.csu.sms.aspect.PerformanceAspect [] [] - 接口性能监控 - 方法: getOperationAuditReport, 执行时间: 9ms
2025-07-04 17:01:34.608 [http-nio-8080-exec-9] INFO  com.csu.sms.aspect.PerformanceAspect [] [] - 接口性能监控 - 方法: getOperationAuditReport, 执行时间: 7ms
2025-07-04 17:01:36.422 [http-nio-8080-exec-1] INFO  com.csu.sms.aspect.PerformanceAspect [] [] - 接口性能监控 - 方法: getOperationAuditReport, 执行时间: 6ms
2025-07-04 17:01:39.312 [http-nio-8080-exec-2] INFO  com.csu.sms.aspect.PerformanceAspect [] [] - 接口性能监控 - 方法: getOperationAuditReport, 执行时间: 7ms
2025-07-04 17:01:42.142 [http-nio-8080-exec-3] INFO  com.csu.sms.aspect.PerformanceAspect [] [] - 接口性能监控 - 方法: getOperationAuditReport, 执行时间: 7ms
2025-07-04 17:01:44.798 [http-nio-8080-exec-7] INFO  com.csu.sms.aspect.PerformanceAspect [] [] - 接口性能监控 - 方法: getOperationAuditReport, 执行时间: 9ms
2025-07-04 17:01:46.345 [http-nio-8080-exec-8] INFO  com.csu.sms.aspect.PerformanceAspect [] [] - 接口性能监控 - 方法: getOperationAuditReport, 执行时间: 6ms
2025-07-04 17:01:55.561 [http-nio-8080-exec-4] INFO  com.csu.sms.aspect.PerformanceAspect [] [] - 接口性能监控 - 方法: getOperationAuditReport, 执行时间: 10ms
2025-07-04 17:02:05.823 [http-nio-8080-exec-2] INFO  com.csu.sms.aspect.PerformanceAspect [] [] - 接口性能监控 - 方法: getOperationAuditReport, 执行时间: 6ms
2025-07-04 17:02:09.228 [http-nio-8080-exec-3] INFO  com.csu.sms.aspect.PerformanceAspect [] [] - 接口性能监控 - 方法: getOperationAuditReport, 执行时间: 14ms
2025-07-04 17:02:23.962 [http-nio-8080-exec-7] INFO  com.csu.sms.aspect.PerformanceAspect [] [] - 接口性能监控 - 方法: getOperationLogDetails, 执行时间: 12ms
2025-07-04 17:02:40.338 [http-nio-8080-exec-8] INFO  com.csu.sms.aspect.PerformanceAspect [] [] - 接口性能监控 - 方法: getOperationAuditReport, 执行时间: 9ms
2025-07-04 17:02:47.791 [http-nio-8080-exec-4] INFO  com.csu.sms.aspect.PerformanceAspect [] [] - 接口性能监控 - 方法: getOperationAuditReport, 执行时间: 15ms
2025-07-04 17:02:56.469 [http-nio-8080-exec-2] INFO  com.csu.sms.aspect.PerformanceAspect [] [] - 接口性能监控 - 方法: getOperationLogDetails, 执行时间: 9ms
2025-07-04 17:06:42.687 [http-nio-8080-exec-7] INFO  com.csu.sms.aspect.PerformanceAspect [] [] - 接口性能监控 - 方法: getOperationAuditReport, 执行时间: 9ms
2025-07-04 17:07:03.044 [http-nio-8080-exec-8] INFO  com.csu.sms.aspect.PerformanceAspect [] [] - 接口性能监控 - 方法: exportOperationLogs, 执行时间: 2466ms
2025-07-04 17:07:03.046 [http-nio-8080-exec-8] WARN  com.csu.sms.aspect.PerformanceAspect [] [] - 接口执行时间过长 - 方法: exportOperationLogs, 执行时间: 2466ms
2025-07-04 17:11:23.932 [http-nio-8080-exec-2] INFO  com.csu.sms.aspect.PerformanceAspect [] [] - 接口性能监控 - 方法: login, 执行时间: 150ms
2025-07-04 17:12:04.187 [http-nio-8080-exec-5] INFO  com.csu.sms.aspect.PerformanceAspect [] [] - 接口性能监控 - 方法: login, 执行时间: 12601ms
2025-07-04 17:12:04.187 [http-nio-8080-exec-5] WARN  com.csu.sms.aspect.PerformanceAspect [] [] - 接口执行时间过长 - 方法: login, 执行时间: 12601ms
2025-07-04 17:12:12.265 [http-nio-8080-exec-7] INFO  com.csu.sms.aspect.PerformanceAspect [] [] - 接口性能监控 - 方法: login, 执行时间: 520ms
2025-07-04 17:12:15.624 [http-nio-8080-exec-10] INFO  com.csu.sms.aspect.PerformanceAspect [] [] - 接口性能监控 - 方法: login, 执行时间: 334ms
2025-07-04 17:28:20.403 [http-nio-8080-exec-1] INFO  com.csu.sms.aspect.PerformanceAspect [] [] - 接口性能监控 - 方法: register, 执行时间: 228ms
2025-07-04 17:28:27.343 [http-nio-8080-exec-3] INFO  com.csu.sms.aspect.PerformanceAspect [] [] - 接口性能监控 - 方法: login, 执行时间: 3ms
2025-07-04 17:28:44.043 [http-nio-8080-exec-6] INFO  com.csu.sms.aspect.PerformanceAspect [] [] - 接口性能监控 - 方法: login, 执行时间: 145ms
2025-07-04 17:30:50.339 [http-nio-8080-exec-9] INFO  com.csu.sms.aspect.PerformanceAspect [] [] - 接口性能监控 - 方法: login, 执行时间: 158ms
2025-07-04 17:33:27.379 [http-nio-8080-exec-3] INFO  com.csu.sms.aspect.PerformanceAspect [] [] - 接口性能监控 - 方法: login, 执行时间: 138ms
2025-07-04 17:37:35.044 [http-nio-8080-exec-10] INFO  com.csu.sms.aspect.PerformanceAspect [] [] - 接口性能监控 - 方法: login, 执行时间: 232ms
2025-07-04 17:42:37.155 [http-nio-8080-exec-6] INFO  com.csu.sms.aspect.PerformanceAspect [] [] - 接口性能监控 - 方法: login, 执行时间: 471ms
2025-07-04 18:46:47.460 [http-nio-8080-exec-3] INFO  com.csu.sms.aspect.PerformanceAspect [] [] - 接口性能监控 - 方法: login, 执行时间: 466ms
2025-07-04 18:48:00.083 [http-nio-8080-exec-6] INFO  com.csu.sms.aspect.PerformanceAspect [] [] - 接口性能监控 - 方法: login, 执行时间: 3ms
2025-07-04 18:48:48.363 [http-nio-8080-exec-8] INFO  com.csu.sms.aspect.PerformanceAspect [] [] - 接口性能监控 - 方法: register, 执行时间: 271ms
2025-07-04 18:49:09.512 [http-nio-8080-exec-5] INFO  com.csu.sms.aspect.PerformanceAspect [] [] - 接口性能监控 - 方法: login, 执行时间: 838ms
2025-07-04 18:49:27.077 [http-nio-8080-exec-3] INFO  com.csu.sms.aspect.PerformanceAspect [] [] - 接口性能监控 - 方法: login, 执行时间: 1487ms
2025-07-04 18:49:27.077 [http-nio-8080-exec-3] WARN  com.csu.sms.aspect.PerformanceAspect [] [] - 接口执行时间过长 - 方法: login, 执行时间: 1487ms
2025-07-04 18:49:48.063 [http-nio-8080-exec-4] INFO  com.csu.sms.aspect.PerformanceAspect [] [] - 接口性能监控 - 方法: login, 执行时间: 665ms
2025-07-04 18:50:48.381 [http-nio-8080-exec-6] INFO  com.csu.sms.aspect.PerformanceAspect [] [] - 接口性能监控 - 方法: login, 执行时间: 1272ms
2025-07-04 18:50:48.381 [http-nio-8080-exec-6] WARN  com.csu.sms.aspect.PerformanceAspect [] [] - 接口执行时间过长 - 方法: login, 执行时间: 1272ms
2025-07-04 18:51:51.520 [http-nio-8080-exec-5] INFO  com.csu.sms.aspect.PerformanceAspect [] [] - 接口性能监控 - 方法: register, 执行时间: 296ms
2025-07-04 18:52:04.834 [http-nio-8080-exec-3] INFO  com.csu.sms.aspect.PerformanceAspect [] [] - 接口性能监控 - 方法: login, 执行时间: 1209ms
2025-07-04 18:52:04.834 [http-nio-8080-exec-3] WARN  com.csu.sms.aspect.PerformanceAspect [] [] - 接口执行时间过长 - 方法: login, 执行时间: 1209ms
2025-07-04 18:52:46.233 [http-nio-8080-exec-4] INFO  com.csu.sms.aspect.PerformanceAspect [] [] - 接口性能监控 - 方法: register, 执行时间: 274ms
2025-07-04 18:53:04.991 [http-nio-8080-exec-6] INFO  com.csu.sms.aspect.PerformanceAspect [] [] - 接口性能监控 - 方法: login, 执行时间: 1192ms
2025-07-04 18:53:04.991 [http-nio-8080-exec-6] WARN  com.csu.sms.aspect.PerformanceAspect [] [] - 接口执行时间过长 - 方法: login, 执行时间: 1192ms
2025-07-04 18:53:13.385 [http-nio-8080-exec-8] INFO  com.csu.sms.aspect.PerformanceAspect [] [] - 接口性能监控 - 方法: login, 执行时间: 793ms
2025-07-04 18:53:23.646 [http-nio-8080-exec-5] INFO  com.csu.sms.aspect.PerformanceAspect [] [] - 接口性能监控 - 方法: login, 执行时间: 1324ms
2025-07-04 18:53:23.646 [http-nio-8080-exec-5] WARN  com.csu.sms.aspect.PerformanceAspect [] [] - 接口执行时间过长 - 方法: login, 执行时间: 1324ms
2025-07-04 18:54:44.947 [http-nio-8080-exec-4] INFO  com.csu.sms.aspect.PerformanceAspect [] [] - 接口性能监控 - 方法: register, 执行时间: 292ms
2025-07-04 18:55:07.192 [http-nio-8080-exec-6] INFO  com.csu.sms.aspect.PerformanceAspect [] [] - 接口性能监控 - 方法: login, 执行时间: 12666ms
2025-07-04 18:55:07.192 [http-nio-8080-exec-6] WARN  com.csu.sms.aspect.PerformanceAspect [] [] - 接口执行时间过长 - 方法: login, 执行时间: 12666ms
2025-07-04 18:55:07.642 [http-nio-8080-exec-8] INFO  com.csu.sms.aspect.PerformanceAspect [] [] - 接口性能监控 - 方法: login, 执行时间: 325ms
2025-07-04 18:59:03.812 [http-nio-8080-exec-3] INFO  com.csu.sms.aspect.PerformanceAspect [] [] - 接口性能监控 - 方法: login, 执行时间: 1289ms
2025-07-04 18:59:03.812 [http-nio-8080-exec-3] WARN  com.csu.sms.aspect.PerformanceAspect [] [] - 接口执行时间过长 - 方法: login, 执行时间: 1289ms
2025-07-04 18:59:07.322 [http-nio-8080-exec-2] INFO  com.csu.sms.aspect.PerformanceAspect [] [] - 接口性能监控 - 方法: login, 执行时间: 486ms
2025-07-04 18:59:13.949 [http-nio-8080-exec-9] INFO  com.csu.sms.aspect.PerformanceAspect [] [] - 接口性能监控 - 方法: login, 执行时间: 988ms
2025-07-04 18:59:17.323 [http-nio-8080-exec-6] INFO  com.csu.sms.aspect.PerformanceAspect [] [] - 接口性能监控 - 方法: login, 执行时间: 352ms
2025-07-04 18:59:28.326 [http-nio-8080-exec-8] INFO  com.csu.sms.aspect.PerformanceAspect [] [] - 接口性能监控 - 方法: login, 执行时间: 1277ms
2025-07-04 18:59:28.327 [http-nio-8080-exec-8] WARN  com.csu.sms.aspect.PerformanceAspect [] [] - 接口执行时间过长 - 方法: login, 执行时间: 1277ms
2025-07-04 18:59:34.842 [http-nio-8080-exec-5] INFO  com.csu.sms.aspect.PerformanceAspect [] [] - 接口性能监控 - 方法: login, 执行时间: 777ms
2025-07-04 18:59:44.141 [http-nio-8080-exec-3] INFO  com.csu.sms.aspect.PerformanceAspect [] [] - 接口性能监控 - 方法: login, 执行时间: 1430ms
2025-07-04 18:59:44.141 [http-nio-8080-exec-3] WARN  com.csu.sms.aspect.PerformanceAspect [] [] - 接口执行时间过长 - 方法: login, 执行时间: 1430ms
2025-07-04 19:01:32.472 [http-nio-8080-exec-6] INFO  com.csu.sms.aspect.PerformanceAspect [] [] - 接口性能监控 - 方法: login, 执行时间: 12122ms
2025-07-04 19:01:32.472 [http-nio-8080-exec-6] WARN  com.csu.sms.aspect.PerformanceAspect [] [] - 接口执行时间过长 - 方法: login, 执行时间: 12122ms
2025-07-04 19:03:57.179 [http-nio-8080-exec-5] INFO  com.csu.sms.aspect.PerformanceAspect [] [] - 接口性能监控 - 方法: login, 执行时间: 199ms
2025-07-04 19:05:54.171 [http-nio-8080-exec-5] INFO  com.csu.sms.aspect.PerformanceAspect [] [] - 接口性能监控 - 方法: getUserAnalysis, 执行时间: 68ms
2025-07-04 19:05:54.171 [http-nio-8080-exec-10] INFO  com.csu.sms.aspect.PerformanceAspect [] [] - 接口性能监控 - 方法: getChartData, 执行时间: 68ms
2025-07-04 19:05:54.190 [http-nio-8080-exec-8] INFO  com.csu.sms.aspect.PerformanceAspect [] [] - 接口性能监控 - 方法: getUserStudyRecords, 执行时间: 86ms
2025-07-04 19:05:54.190 [http-nio-8080-exec-7] INFO  com.csu.sms.aspect.PerformanceAspect [] [] - 接口性能监控 - 方法: getUserExamRecords, 执行时间: 87ms
2025-07-04 19:06:00.401 [http-nio-8080-exec-3] INFO  com.csu.sms.aspect.PerformanceAspect [] [] - 接口性能监控 - 方法: getUserStudyRecords, 执行时间: 7ms
2025-07-04 19:06:00.419 [http-nio-8080-exec-4] INFO  com.csu.sms.aspect.PerformanceAspect [] [] - 接口性能监控 - 方法: getUserExamRecords, 执行时间: 5ms
2025-07-04 19:06:00.442 [http-nio-8080-exec-9] INFO  com.csu.sms.aspect.PerformanceAspect [] [] - 接口性能监控 - 方法: getChartData, 执行时间: 8ms
2025-07-04 19:06:00.462 [http-nio-8080-exec-5] INFO  com.csu.sms.aspect.PerformanceAspect [] [] - 接口性能监控 - 方法: getUserAnalysis, 执行时间: 7ms
2025-07-04 19:06:15.390 [http-nio-8080-exec-7] INFO  com.csu.sms.aspect.PerformanceAspect [] [] - 接口性能监控 - 方法: getLearningSuggestions, 执行时间: 14902ms
2025-07-04 19:06:15.390 [http-nio-8080-exec-7] WARN  com.csu.sms.aspect.PerformanceAspect [] [] - 接口执行时间过长 - 方法: getLearningSuggestions, 执行时间: 14902ms
2025-07-04 19:06:37.678 [http-nio-8080-exec-3] INFO  com.csu.sms.aspect.PerformanceAspect [] [] - 接口性能监控 - 方法: getUserStudyRecords, 执行时间: 8ms
2025-07-04 19:06:37.702 [http-nio-8080-exec-4] INFO  com.csu.sms.aspect.PerformanceAspect [] [] - 接口性能监控 - 方法: getUserExamRecords, 执行时间: 8ms
2025-07-04 19:06:37.724 [http-nio-8080-exec-9] INFO  com.csu.sms.aspect.PerformanceAspect [] [] - 接口性能监控 - 方法: getChartData, 执行时间: 8ms
2025-07-04 19:06:37.745 [http-nio-8080-exec-5] INFO  com.csu.sms.aspect.PerformanceAspect [] [] - 接口性能监控 - 方法: getUserAnalysis, 执行时间: 8ms
2025-07-04 19:06:42.087 [http-nio-8080-exec-7] INFO  com.csu.sms.aspect.PerformanceAspect [] [] - 接口性能监控 - 方法: getLearningSuggestions, 执行时间: 4330ms
2025-07-04 19:06:42.087 [http-nio-8080-exec-7] WARN  com.csu.sms.aspect.PerformanceAspect [] [] - 接口执行时间过长 - 方法: getLearningSuggestions, 执行时间: 4330ms
2025-07-04 19:06:51.754 [http-nio-8080-exec-3] INFO  com.csu.sms.aspect.PerformanceAspect [] [] - 接口性能监控 - 方法: getChartData, 执行时间: 6ms
2025-07-04 19:06:53.945 [http-nio-8080-exec-4] INFO  com.csu.sms.aspect.PerformanceAspect [] [] - 接口性能监控 - 方法: getChartData, 执行时间: 6ms
2025-07-04 19:06:56.059 [http-nio-8080-exec-3] INFO  com.csu.sms.aspect.PerformanceAspect [] [] - 接口性能监控 - 方法: getChartData, 执行时间: 5ms
2025-07-04 19:11:01.902 [http-nio-8080-exec-6] INFO  com.csu.sms.aspect.PerformanceAspect [] [] - 接口性能监控 - 方法: getUserStudyRecords, 执行时间: 5ms
2025-07-04 19:11:01.926 [http-nio-8080-exec-9] INFO  com.csu.sms.aspect.PerformanceAspect [] [] - 接口性能监控 - 方法: getUserExamRecords, 执行时间: 7ms
2025-07-04 19:11:01.948 [http-nio-8080-exec-7] INFO  com.csu.sms.aspect.PerformanceAspect [] [] - 接口性能监控 - 方法: getChartData, 执行时间: 8ms
2025-07-04 19:11:01.968 [http-nio-8080-exec-3] INFO  com.csu.sms.aspect.PerformanceAspect [] [] - 接口性能监控 - 方法: getUserAnalysis, 执行时间: 7ms
2025-07-04 19:11:36.541 [http-nio-8080-exec-4] INFO  com.csu.sms.aspect.PerformanceAspect [] [] - 接口性能监控 - 方法: getLearningSuggestions, 执行时间: 34559ms
2025-07-04 19:11:36.541 [http-nio-8080-exec-4] WARN  com.csu.sms.aspect.PerformanceAspect [] [] - 接口执行时间过长 - 方法: getLearningSuggestions, 执行时间: 34559ms
2025-07-04 19:14:03.329 [http-nio-8080-exec-9] INFO  com.csu.sms.aspect.PerformanceAspect [] [] - 接口性能监控 - 方法: getOperationAuditReport, 执行时间: 19ms
2025-07-04 19:22:33.715 [http-nio-8080-exec-3] ERROR com.csu.sms.aspect.PerformanceAspect [] [] - 接口执行异常 - 方法: getAllStudyRecordsByUserId, 执行时间: 26ms, 异常: 
### Error querying database.  Cause: org.apache.ibatis.builder.BuilderException: The expression 'videoIds' evaluated to a null value.
### Cause: org.apache.ibatis.builder.BuilderException: The expression 'videoIds' evaluated to a null value.
2025-07-04 19:22:33.877 [http-nio-8080-exec-6] INFO  com.csu.sms.aspect.PerformanceAspect [] [] - 接口性能监控 - 方法: getUserExamRecords, 执行时间: 38ms
2025-07-04 19:22:34.169 [http-nio-8080-exec-4] INFO  com.csu.sms.aspect.PerformanceAspect [] [] - 接口性能监控 - 方法: getChartData, 执行时间: 17ms
2025-07-04 19:22:34.213 [http-nio-8080-exec-9] INFO  com.csu.sms.aspect.PerformanceAspect [] [] - 接口性能监控 - 方法: getUserAnalysis, 执行时间: 11ms
2025-07-04 19:22:38.529 [http-nio-8080-exec-10] INFO  com.csu.sms.aspect.PerformanceAspect [] [] - 接口性能监控 - 方法: getLearningSuggestions, 执行时间: 4191ms
2025-07-04 19:22:38.529 [http-nio-8080-exec-10] WARN  com.csu.sms.aspect.PerformanceAspect [] [] - 接口执行时间过长 - 方法: getLearningSuggestions, 执行时间: 4191ms
2025-07-04 19:27:50.313 [http-nio-8080-exec-6] INFO  com.csu.sms.aspect.PerformanceAspect [] [] - 接口性能监控 - 方法: getAllStudyRecordsByUserId, 执行时间: 51ms
2025-07-04 19:27:50.482 [http-nio-8080-exec-3] INFO  com.csu.sms.aspect.PerformanceAspect [] [] - 接口性能监控 - 方法: getUserExamRecords, 执行时间: 52ms
2025-07-04 19:27:50.731 [http-nio-8080-exec-5] INFO  com.csu.sms.aspect.PerformanceAspect [] [] - 接口性能监控 - 方法: getChartData, 执行时间: 20ms
2025-07-04 19:27:50.765 [http-nio-8080-exec-8] INFO  com.csu.sms.aspect.PerformanceAspect [] [] - 接口性能监控 - 方法: getUserAnalysis, 执行时间: 9ms
2025-07-04 19:27:55.821 [http-nio-8080-exec-4] INFO  com.csu.sms.aspect.PerformanceAspect [] [] - 接口性能监控 - 方法: getLearningSuggestions, 执行时间: 4927ms
2025-07-04 19:27:55.821 [http-nio-8080-exec-4] WARN  com.csu.sms.aspect.PerformanceAspect [] [] - 接口执行时间过长 - 方法: getLearningSuggestions, 执行时间: 4927ms
2025-07-04 19:28:15.179 [http-nio-8080-exec-6] INFO  com.csu.sms.aspect.PerformanceAspect [] [] - 接口性能监控 - 方法: getChartData, 执行时间: 5ms
2025-07-04 19:28:16.897 [http-nio-8080-exec-3] INFO  com.csu.sms.aspect.PerformanceAspect [] [] - 接口性能监控 - 方法: getChartData, 执行时间: 7ms
2025-07-04 19:28:18.554 [http-nio-8080-exec-5] INFO  com.csu.sms.aspect.PerformanceAspect [] [] - 接口性能监控 - 方法: getChartData, 执行时间: 5ms
