2025-07-03 16:20:35.757 [http-nio-8080-exec-1] ERROR com.csu.sms.aspect.PerformanceAspect [] [] - 接口执行异常 - 方法: register, 执行时间: 307ms, 异常: 
### Error updating database.  Cause: java.sql.SQLSyntaxErrorException: Unknown column 'role' in 'field list'
### The error may exist in file [D:\大二下\华迪实训\student_system\target\classes\mappers\UserMapper.xml]
### The error may involve com.csu.sms.persistence.UserDao.insertUser-Inline
### The error occurred while setting parameters
### SQL: INSERT INTO user (             username, password, email, avatar, status, role, create_time, update_time         ) VALUES (                      ?, ?, ?, ?, ?, ?, NOW(), NOW()                  )
### Cause: java.sql.SQLSyntaxErrorException: Unknown column 'role' in 'field list'
; bad SQL grammar []
2025-07-03 16:26:30.964 [http-nio-8080-exec-1] INFO  com.csu.sms.aspect.PerformanceAspect [] [] - 接口性能监控 - 方法: register, 执行时间: 13191ms
2025-07-03 16:26:30.965 [http-nio-8080-exec-1] WARN  com.csu.sms.aspect.PerformanceAspect [] [] - 接口执行时间过长 - 方法: register, 执行时间: 13191ms
2025-07-03 16:55:13.780 [http-nio-8080-exec-3] INFO  com.csu.sms.aspect.PerformanceAspect [] [] - 接口性能监控 - 方法: login, 执行时间: 12257ms
2025-07-03 16:55:13.780 [http-nio-8080-exec-3] WARN  com.csu.sms.aspect.PerformanceAspect [] [] - 接口执行时间过长 - 方法: login, 执行时间: 12257ms
2025-07-03 16:57:48.480 [http-nio-8080-exec-8] INFO  com.csu.sms.aspect.PerformanceAspect [] [] - 接口性能监控 - 方法: login, 执行时间: 1065ms
2025-07-03 16:57:48.480 [http-nio-8080-exec-8] WARN  com.csu.sms.aspect.PerformanceAspect [] [] - 接口执行时间过长 - 方法: login, 执行时间: 1065ms
2025-07-03 17:02:04.916 [http-nio-8080-exec-4] INFO  com.csu.sms.aspect.PerformanceAspect [] [] - 接口性能监控 - 方法: login, 执行时间: 11829ms
2025-07-03 17:02:04.916 [http-nio-8080-exec-4] WARN  com.csu.sms.aspect.PerformanceAspect [] [] - 接口执行时间过长 - 方法: login, 执行时间: 11829ms
2025-07-03 17:11:22.766 [http-nio-8080-exec-5] INFO  com.csu.sms.aspect.PerformanceAspect [] [] - 接口性能监控 - 方法: login, 执行时间: 11831ms
2025-07-03 17:11:22.766 [http-nio-8080-exec-5] WARN  com.csu.sms.aspect.PerformanceAspect [] [] - 接口执行时间过长 - 方法: login, 执行时间: 11831ms
2025-07-03 17:12:01.109 [http-nio-8080-exec-3] INFO  com.csu.sms.aspect.PerformanceAspect [] [] - 接口性能监控 - 方法: login, 执行时间: 1528ms
2025-07-03 17:12:01.109 [http-nio-8080-exec-3] WARN  com.csu.sms.aspect.PerformanceAspect [] [] - 接口执行时间过长 - 方法: login, 执行时间: 1528ms
2025-07-03 17:12:49.339 [http-nio-8080-exec-2] INFO  com.csu.sms.aspect.PerformanceAspect [] [] - 接口性能监控 - 方法: login, 执行时间: 1602ms
2025-07-03 17:12:49.339 [http-nio-8080-exec-2] WARN  com.csu.sms.aspect.PerformanceAspect [] [] - 接口执行时间过长 - 方法: login, 执行时间: 1602ms
2025-07-03 17:18:12.894 [http-nio-8080-exec-3] INFO  com.csu.sms.aspect.PerformanceAspect [] [] - 接口性能监控 - 方法: login, 执行时间: 1758ms
2025-07-03 17:18:12.894 [http-nio-8080-exec-3] WARN  com.csu.sms.aspect.PerformanceAspect [] [] - 接口执行时间过长 - 方法: login, 执行时间: 1758ms
2025-07-03 17:23:09.326 [http-nio-8080-exec-5] INFO  com.csu.sms.aspect.PerformanceAspect [] [] - 接口性能监控 - 方法: register, 执行时间: 12543ms
2025-07-03 17:23:09.326 [http-nio-8080-exec-5] WARN  com.csu.sms.aspect.PerformanceAspect [] [] - 接口执行时间过长 - 方法: register, 执行时间: 12543ms
2025-07-03 19:39:18.089 [http-nio-8080-exec-3] ERROR com.csu.sms.aspect.PerformanceAspect [] [] - 接口执行异常 - 方法: register, 执行时间: 144ms, 异常: 邮箱已被注册。
2025-07-03 19:41:32.755 [http-nio-8080-exec-6] INFO  com.csu.sms.aspect.PerformanceAspect [] [] - 接口性能监控 - 方法: register, 执行时间: 263ms
2025-07-03 19:48:10.114 [http-nio-8080-exec-5] INFO  com.csu.sms.aspect.PerformanceAspect [] [] - 接口性能监控 - 方法: login, 执行时间: 5300ms
2025-07-03 19:48:10.114 [http-nio-8080-exec-5] WARN  com.csu.sms.aspect.PerformanceAspect [] [] - 接口执行时间过长 - 方法: login, 执行时间: 5300ms
2025-07-03 19:48:10.171 [http-nio-8080-exec-10] INFO  com.csu.sms.aspect.PerformanceAspect [] [] - 接口性能监控 - 方法: login, 执行时间: 11900ms
2025-07-03 19:48:10.171 [http-nio-8080-exec-10] WARN  com.csu.sms.aspect.PerformanceAspect [] [] - 接口执行时间过长 - 方法: login, 执行时间: 11900ms
2025-07-03 19:48:10.211 [http-nio-8080-exec-6] INFO  com.csu.sms.aspect.PerformanceAspect [] [] - 接口性能监控 - 方法: login, 执行时间: 5228ms
2025-07-03 19:48:10.211 [http-nio-8080-exec-6] WARN  com.csu.sms.aspect.PerformanceAspect [] [] - 接口执行时间过长 - 方法: login, 执行时间: 5228ms
2025-07-03 19:48:10.251 [http-nio-8080-exec-8] INFO  com.csu.sms.aspect.PerformanceAspect [] [] - 接口性能监控 - 方法: login, 执行时间: 5127ms
2025-07-03 19:48:10.251 [http-nio-8080-exec-8] WARN  com.csu.sms.aspect.PerformanceAspect [] [] - 接口执行时间过长 - 方法: login, 执行时间: 5127ms
2025-07-03 19:48:10.549 [http-nio-8080-exec-4] INFO  com.csu.sms.aspect.PerformanceAspect [] [] - 接口性能监控 - 方法: login, 执行时间: 417ms
2025-07-03 19:48:10.718 [http-nio-8080-exec-2] INFO  com.csu.sms.aspect.PerformanceAspect [] [] - 接口性能监控 - 方法: login, 执行时间: 535ms
2025-07-03 19:48:10.718 [http-nio-8080-exec-7] INFO  com.csu.sms.aspect.PerformanceAspect [] [] - 接口性能监控 - 方法: login, 执行时间: 498ms
2025-07-03 19:48:10.718 [http-nio-8080-exec-9] INFO  com.csu.sms.aspect.PerformanceAspect [] [] - 接口性能监控 - 方法: login, 执行时间: 457ms
2025-07-03 19:48:10.724 [http-nio-8080-exec-3] INFO  com.csu.sms.aspect.PerformanceAspect [] [] - 接口性能监控 - 方法: login, 执行时间: 6627ms
2025-07-03 19:48:10.724 [http-nio-8080-exec-3] WARN  com.csu.sms.aspect.PerformanceAspect [] [] - 接口执行时间过长 - 方法: login, 执行时间: 6627ms
2025-07-03 19:48:11.269 [http-nio-8080-exec-1] INFO  com.csu.sms.aspect.PerformanceAspect [] [] - 接口性能监控 - 方法: login, 执行时间: 5994ms
2025-07-03 19:48:11.269 [http-nio-8080-exec-1] WARN  com.csu.sms.aspect.PerformanceAspect [] [] - 接口执行时间过长 - 方法: login, 执行时间: 5994ms
2025-07-03 19:48:31.091 [http-nio-8080-exec-10] INFO  com.csu.sms.aspect.PerformanceAspect [] [] - 接口性能监控 - 方法: login, 执行时间: 758ms
2025-07-03 19:59:04.441 [http-nio-8080-exec-3] INFO  com.csu.sms.aspect.PerformanceAspect [] [] - 接口性能监控 - 方法: login, 执行时间: 881ms
2025-07-03 20:02:27.464 [http-nio-8080-exec-2] INFO  com.csu.sms.aspect.PerformanceAspect [] [] - 接口性能监控 - 方法: login, 执行时间: 1087ms
2025-07-03 20:02:27.465 [http-nio-8080-exec-2] WARN  com.csu.sms.aspect.PerformanceAspect [] [] - 接口执行时间过长 - 方法: login, 执行时间: 1087ms
2025-07-03 20:02:32.945 [http-nio-8080-exec-3] INFO  com.csu.sms.aspect.PerformanceAspect [] [] - 接口性能监控 - 方法: getAllCategories, 执行时间: 37ms
2025-07-03 20:02:33.024 [http-nio-8080-exec-8] INFO  com.csu.sms.aspect.PerformanceAspect [] [] - 接口性能监控 - 方法: getKnowledgeList, 执行时间: 110ms
2025-07-03 20:02:35.479 [http-nio-8080-exec-6] INFO  com.csu.sms.aspect.PerformanceAspect [] [] - 接口性能监控 - 方法: getKnowledgeDetail, 执行时间: 11ms
2025-07-03 20:05:33.263 [http-nio-8080-exec-7] INFO  com.csu.sms.aspect.PerformanceAspect [] [] - 接口性能监控 - 方法: register, 执行时间: 315ms
2025-07-03 20:08:01.016 [http-nio-8080-exec-4] INFO  com.csu.sms.aspect.PerformanceAspect [] [] - 接口性能监控 - 方法: login, 执行时间: 776ms
2025-07-03 20:10:56.474 [http-nio-8080-exec-2] INFO  com.csu.sms.aspect.PerformanceAspect [] [] - 接口性能监控 - 方法: login, 执行时间: 931ms
2025-07-03 20:11:26.629 [http-nio-8080-exec-7] INFO  com.csu.sms.aspect.PerformanceAspect [] [] - 接口性能监控 - 方法: login, 执行时间: 959ms
2025-07-03 20:11:28.449 [http-nio-8080-exec-3] INFO  com.csu.sms.aspect.PerformanceAspect [] [] - 接口性能监控 - 方法: login, 执行时间: 283ms
2025-07-03 20:12:10.831 [http-nio-8080-exec-4] INFO  com.csu.sms.aspect.PerformanceAspect [] [] - 接口性能监控 - 方法: login, 执行时间: 11548ms
2025-07-03 20:12:10.831 [http-nio-8080-exec-4] WARN  com.csu.sms.aspect.PerformanceAspect [] [] - 接口执行时间过长 - 方法: login, 执行时间: 11548ms
2025-07-03 20:12:11.004 [http-nio-8080-exec-9] INFO  com.csu.sms.aspect.PerformanceAspect [] [] - 接口性能监控 - 方法: login, 执行时间: 1494ms
2025-07-03 20:12:11.004 [http-nio-8080-exec-9] WARN  com.csu.sms.aspect.PerformanceAspect [] [] - 接口执行时间过长 - 方法: login, 执行时间: 1494ms
2025-07-03 20:13:56.404 [http-nio-8080-exec-5] INFO  com.csu.sms.aspect.PerformanceAspect [] [] - 接口性能监控 - 方法: sendVerificationCode, 执行时间: 28890ms
2025-07-03 20:13:56.404 [http-nio-8080-exec-5] WARN  com.csu.sms.aspect.PerformanceAspect [] [] - 接口执行时间过长 - 方法: sendVerificationCode, 执行时间: 28890ms
2025-07-03 20:14:10.721 [http-nio-8080-exec-3] INFO  com.csu.sms.aspect.PerformanceAspect [] [] - 接口性能监控 - 方法: loginByCode, 执行时间: 232ms
2025-07-03 20:14:32.034 [http-nio-8080-exec-4] INFO  com.csu.sms.aspect.PerformanceAspect [] [] - 接口性能监控 - 方法: getAllCategories, 执行时间: 32ms
2025-07-03 20:14:32.074 [http-nio-8080-exec-9] INFO  com.csu.sms.aspect.PerformanceAspect [] [] - 接口性能监控 - 方法: getKnowledgeList, 执行时间: 67ms
2025-07-03 20:15:44.101 [http-nio-8080-exec-5] INFO  com.csu.sms.aspect.PerformanceAspect [] [] - 接口性能监控 - 方法: login, 执行时间: 8ms
2025-07-03 20:19:22.783 [http-nio-8080-exec-10] INFO  com.csu.sms.aspect.PerformanceAspect [] [] - 接口性能监控 - 方法: getOperationAuditReport, 执行时间: 9ms
2025-07-03 20:19:37.900 [http-nio-8080-exec-8] INFO  com.csu.sms.aspect.PerformanceAspect [] [] - 接口性能监控 - 方法: getOperationAuditReport, 执行时间: 21ms
2025-07-03 20:19:39.031 [http-nio-8080-exec-9] INFO  com.csu.sms.aspect.PerformanceAspect [] [] - 接口性能监控 - 方法: getOperationAuditReport, 执行时间: 18ms
2025-07-03 20:21:32.217 [http-nio-8080-exec-5] INFO  com.csu.sms.aspect.PerformanceAspect [] [] - 接口性能监控 - 方法: getOperationAuditReport, 执行时间: 13ms
2025-07-03 20:21:45.820 [http-nio-8080-exec-2] INFO  com.csu.sms.aspect.PerformanceAspect [] [] - 接口性能监控 - 方法: getOperationAuditReport, 执行时间: 16ms
2025-07-03 20:21:51.440 [http-nio-8080-exec-1] INFO  com.csu.sms.aspect.PerformanceAspect [] [] - 接口性能监控 - 方法: getOperationAuditReport, 执行时间: 15ms
2025-07-03 20:22:06.714 [http-nio-8080-exec-9] INFO  com.csu.sms.aspect.PerformanceAspect [] [] - 接口性能监控 - 方法: getOperationAuditReport, 执行时间: 17ms
2025-07-03 20:22:11.647 [http-nio-8080-exec-4] INFO  com.csu.sms.aspect.PerformanceAspect [] [] - 接口性能监控 - 方法: getOperationAuditReport, 执行时间: 11ms
2025-07-03 20:22:17.806 [http-nio-8080-exec-5] INFO  com.csu.sms.aspect.PerformanceAspect [] [] - 接口性能监控 - 方法: getOperationAuditReport, 执行时间: 10ms
2025-07-03 20:22:22.853 [http-nio-8080-exec-2] INFO  com.csu.sms.aspect.PerformanceAspect [] [] - 接口性能监控 - 方法: getOperationAuditReport, 执行时间: 9ms
2025-07-03 20:22:24.019 [http-nio-8080-exec-10] INFO  com.csu.sms.aspect.PerformanceAspect [] [] - 接口性能监控 - 方法: getOperationAuditReport, 执行时间: 10ms
2025-07-03 20:22:26.057 [http-nio-8080-exec-8] INFO  com.csu.sms.aspect.PerformanceAspect [] [] - 接口性能监控 - 方法: getOperationAuditReport, 执行时间: 17ms
2025-07-03 20:28:43.361 [http-nio-8080-exec-3] INFO  com.csu.sms.aspect.PerformanceAspect [] [] - 接口性能监控 - 方法: login, 执行时间: 11793ms
2025-07-03 20:28:43.361 [http-nio-8080-exec-3] WARN  com.csu.sms.aspect.PerformanceAspect [] [] - 接口执行时间过长 - 方法: login, 执行时间: 11793ms
2025-07-03 20:28:43.504 [http-nio-8080-exec-6] INFO  com.csu.sms.aspect.PerformanceAspect [] [] - 接口性能监控 - 方法: login, 执行时间: 3765ms
2025-07-03 20:28:43.504 [http-nio-8080-exec-6] WARN  com.csu.sms.aspect.PerformanceAspect [] [] - 接口执行时间过长 - 方法: login, 执行时间: 3765ms
2025-07-03 20:29:49.203 [http-nio-8080-exec-7] INFO  com.csu.sms.aspect.PerformanceAspect [] [] - 接口性能监控 - 方法: getOperationAuditReport, 执行时间: 40ms
2025-07-03 20:29:58.801 [http-nio-8080-exec-4] INFO  com.csu.sms.aspect.PerformanceAspect [] [] - 接口性能监控 - 方法: getOperationAuditReport, 执行时间: 396ms
2025-07-03 20:30:11.507 [http-nio-8080-exec-3] INFO  com.csu.sms.aspect.PerformanceAspect [] [] - 接口性能监控 - 方法: getOperationAuditReport, 执行时间: 102ms
2025-07-03 20:31:06.934 [http-nio-8080-exec-2] INFO  com.csu.sms.aspect.PerformanceAspect [] [] - 接口性能监控 - 方法: getOperationAuditReport, 执行时间: 618ms
2025-07-03 20:38:02.762 [http-nio-8080-exec-7] INFO  com.csu.sms.aspect.PerformanceAspect [] [] - 接口性能监控 - 方法: getOperationAuditReport, 执行时间: 14ms
2025-07-03 20:38:04.703 [http-nio-8080-exec-9] INFO  com.csu.sms.aspect.PerformanceAspect [] [] - 接口性能监控 - 方法: getOperationAuditReport, 执行时间: 16ms
2025-07-03 20:38:05.638 [http-nio-8080-exec-4] INFO  com.csu.sms.aspect.PerformanceAspect [] [] - 接口性能监控 - 方法: getOperationAuditReport, 执行时间: 11ms
2025-07-03 20:38:14.057 [http-nio-8080-exec-3] INFO  com.csu.sms.aspect.PerformanceAspect [] [] - 接口性能监控 - 方法: getOperationAuditReport, 执行时间: 11ms
2025-07-03 20:38:15.816 [http-nio-8080-exec-6] INFO  com.csu.sms.aspect.PerformanceAspect [] [] - 接口性能监控 - 方法: getOperationAuditReport, 执行时间: 13ms
2025-07-03 20:43:27.371 [http-nio-8080-exec-8] INFO  com.csu.sms.aspect.PerformanceAspect [] [] - 接口性能监控 - 方法: getOperationAuditReport, 执行时间: 6ms
2025-07-03 20:43:33.773 [http-nio-8080-exec-9] INFO  com.csu.sms.aspect.PerformanceAspect [] [] - 接口性能监控 - 方法: getOperationAuditReport, 执行时间: 9ms
2025-07-03 20:43:57.384 [http-nio-8080-exec-5] INFO  com.csu.sms.aspect.PerformanceAspect [] [] - 接口性能监控 - 方法: getOperationAuditReport, 执行时间: 13ms
2025-07-03 20:49:30.822 [http-nio-8080-exec-10] INFO  com.csu.sms.aspect.PerformanceAspect [] [] - 接口性能监控 - 方法: getOperationAuditReport, 执行时间: 10ms
2025-07-03 20:57:32.636 [http-nio-8080-exec-5] INFO  com.csu.sms.aspect.PerformanceAspect [] [] - 接口性能监控 - 方法: getOperationAuditReport, 执行时间: 7ms
2025-07-03 20:57:47.489 [http-nio-8080-exec-6] INFO  com.csu.sms.aspect.PerformanceAspect [] [] - 接口性能监控 - 方法: getOperationAuditReport, 执行时间: 37ms
2025-07-03 20:57:59.578 [http-nio-8080-exec-10] INFO  com.csu.sms.aspect.PerformanceAspect [] [] - 接口性能监控 - 方法: getOperationAuditReport, 执行时间: 14ms
2025-07-03 21:10:27.426 [http-nio-8080-exec-3] INFO  com.csu.sms.aspect.PerformanceAspect [] [] - 接口性能监控 - 方法: getOperationAuditReport, 执行时间: 25ms
2025-07-03 21:10:33.064 [http-nio-8080-exec-2] INFO  com.csu.sms.aspect.PerformanceAspect [] [] - 接口性能监控 - 方法: getOperationAuditReport, 执行时间: 11ms
2025-07-03 21:10:39.940 [http-nio-8080-exec-5] INFO  com.csu.sms.aspect.PerformanceAspect [] [] - 接口性能监控 - 方法: getOperationAuditReport, 执行时间: 23ms
2025-07-03 21:10:47.355 [http-nio-8080-exec-9] INFO  com.csu.sms.aspect.PerformanceAspect [] [] - 接口性能监控 - 方法: getOperationAuditReport, 执行时间: 14ms
2025-07-03 21:10:56.108 [http-nio-8080-exec-10] INFO  com.csu.sms.aspect.PerformanceAspect [] [] - 接口性能监控 - 方法: getOperationAuditReport, 执行时间: 22ms
2025-07-03 21:11:14.340 [http-nio-8080-exec-3] INFO  com.csu.sms.aspect.PerformanceAspect [] [] - 接口性能监控 - 方法: getOperationAuditReport, 执行时间: 11ms
2025-07-03 21:11:17.404 [http-nio-8080-exec-2] INFO  com.csu.sms.aspect.PerformanceAspect [] [] - 接口性能监控 - 方法: getOperationAuditReport, 执行时间: 17ms
2025-07-03 21:11:29.456 [http-nio-8080-exec-5] INFO  com.csu.sms.aspect.PerformanceAspect [] [] - 接口性能监控 - 方法: getOperationAuditReport, 执行时间: 10ms
2025-07-03 21:11:33.408 [http-nio-8080-exec-9] INFO  com.csu.sms.aspect.PerformanceAspect [] [] - 接口性能监控 - 方法: getOperationAuditReport, 执行时间: 14ms
2025-07-03 21:14:30.029 [http-nio-8080-exec-3] INFO  com.csu.sms.aspect.PerformanceAspect [] [] - 接口性能监控 - 方法: getOperationLogDetails, 执行时间: 18ms
2025-07-03 21:14:33.207 [http-nio-8080-exec-2] INFO  com.csu.sms.aspect.PerformanceAspect [] [] - 接口性能监控 - 方法: getOperationLogDetails, 执行时间: 36ms
2025-07-03 21:16:32.344 [http-nio-8080-exec-9] INFO  com.csu.sms.aspect.PerformanceAspect [] [] - 接口性能监控 - 方法: getOperationAuditReport, 执行时间: 6ms
2025-07-03 21:17:04.330 [http-nio-8080-exec-4] INFO  com.csu.sms.aspect.PerformanceAspect [] [] - 接口性能监控 - 方法: getOperationAuditReport, 执行时间: 11ms
2025-07-03 21:17:08.041 [http-nio-8080-exec-3] INFO  com.csu.sms.aspect.PerformanceAspect [] [] - 接口性能监控 - 方法: getOperationAuditReport, 执行时间: 15ms
2025-07-03 21:18:06.172 [http-nio-8080-exec-6] INFO  com.csu.sms.aspect.PerformanceAspect [] [] - 接口性能监控 - 方法: getAllCategories, 执行时间: 38ms
2025-07-03 21:18:06.181 [http-nio-8080-exec-5] INFO  com.csu.sms.aspect.PerformanceAspect [] [] - 接口性能监控 - 方法: getKnowledgeList, 执行时间: 43ms
