2025-07-03 00:05:49.977 [SpringApplicationShutdownHook] INFO  com.csu.sms.service.impl.FileStorageServiceImpl [] [] - OSSClient shut down.
2025-07-03 00:05:49.992 [SpringApplicationShutdownHook] INFO  com.zaxxer.hikari.HikariDataSource [] [] - HikariPool-1 - Shutdown initiated...
2025-07-03 00:05:50.004 [SpringApplicationShutdownHook] INFO  com.zaxxer.hikari.HikariDataSource [] [] - HikariPool-1 - Shutdown completed.
2025-07-03 00:05:52.978 [background-preinit] INFO  org.hibernate.validator.internal.util.Version [] [] - HV000001: Hibernate Validator 8.0.1.Final
2025-07-03 00:05:53.014 [main] INFO  com.csu.sms.StudentSystemApplication [] [] - Starting StudentSystemApplication using Java 21.0.4 with PID 18184 (D:\student_system\target\classes started by 14281 in D:\student_system)
2025-07-03 00:05:53.014 [main] DEBUG com.csu.sms.StudentSystemApplication [] [] - Running with Spring Boot v3.5.3, Spring v6.2.8
2025-07-03 00:05:53.015 [main] INFO  com.csu.sms.StudentSystemApplication [] [] - The following 1 profile is active: "dev"
2025-07-03 00:05:54.155 [main] DEBUG org.mybatis.spring.mapper.ClassPathMapperScanner [] [] - Identified candidate component class: file [D:\student_system\target\classes\com\csu\sms\persistence\CommentLikeDao.class]
2025-07-03 00:05:54.156 [main] DEBUG org.mybatis.spring.mapper.ClassPathMapperScanner [] [] - Identified candidate component class: file [D:\student_system\target\classes\com\csu\sms\persistence\CourseDao.class]
2025-07-03 00:05:54.156 [main] DEBUG org.mybatis.spring.mapper.ClassPathMapperScanner [] [] - Identified candidate component class: file [D:\student_system\target\classes\com\csu\sms\persistence\CourseVideoDao.class]
2025-07-03 00:05:54.156 [main] DEBUG org.mybatis.spring.mapper.ClassPathMapperScanner [] [] - Identified candidate component class: file [D:\student_system\target\classes\com\csu\sms\persistence\ExamBookingMapper.class]
2025-07-03 00:05:54.156 [main] DEBUG org.mybatis.spring.mapper.ClassPathMapperScanner [] [] - Identified candidate component class: file [D:\student_system\target\classes\com\csu\sms\persistence\ExamMapper.class]
2025-07-03 00:05:54.156 [main] DEBUG org.mybatis.spring.mapper.ClassPathMapperScanner [] [] - Identified candidate component class: file [D:\student_system\target\classes\com\csu\sms\persistence\ExperimentBookingMapper.class]
2025-07-03 00:05:54.156 [main] DEBUG org.mybatis.spring.mapper.ClassPathMapperScanner [] [] - Identified candidate component class: file [D:\student_system\target\classes\com\csu\sms\persistence\ExperimentMapper.class]
2025-07-03 00:05:54.156 [main] DEBUG org.mybatis.spring.mapper.ClassPathMapperScanner [] [] - Identified candidate component class: file [D:\student_system\target\classes\com\csu\sms\persistence\ExperimentRecordMapper.class]
2025-07-03 00:05:54.156 [main] DEBUG org.mybatis.spring.mapper.ClassPathMapperScanner [] [] - Identified candidate component class: file [D:\student_system\target\classes\com\csu\sms\persistence\ExperimentReportMapper.class]
2025-07-03 00:05:54.156 [main] DEBUG org.mybatis.spring.mapper.ClassPathMapperScanner [] [] - Identified candidate component class: file [D:\student_system\target\classes\com\csu\sms\persistence\ForumCommentDao.class]
2025-07-03 00:05:54.156 [main] DEBUG org.mybatis.spring.mapper.ClassPathMapperScanner [] [] - Identified candidate component class: file [D:\student_system\target\classes\com\csu\sms\persistence\ForumPostDao.class]
2025-07-03 00:05:54.156 [main] DEBUG org.mybatis.spring.mapper.ClassPathMapperScanner [] [] - Identified candidate component class: file [D:\student_system\target\classes\com\csu\sms\persistence\GradeAnalysisMapper.class]
2025-07-03 00:05:54.156 [main] DEBUG org.mybatis.spring.mapper.ClassPathMapperScanner [] [] - Identified candidate component class: file [D:\student_system\target\classes\com\csu\sms\persistence\HomeworkMapper.class]
2025-07-03 00:05:54.156 [main] DEBUG org.mybatis.spring.mapper.ClassPathMapperScanner [] [] - Identified candidate component class: file [D:\student_system\target\classes\com\csu\sms\persistence\KnowledgeBaseMapper.class]
2025-07-03 00:05:54.156 [main] DEBUG org.mybatis.spring.mapper.ClassPathMapperScanner [] [] - Identified candidate component class: file [D:\student_system\target\classes\com\csu\sms\persistence\NoteMapper.class]
2025-07-03 00:05:54.156 [main] DEBUG org.mybatis.spring.mapper.ClassPathMapperScanner [] [] - Identified candidate component class: file [D:\student_system\target\classes\com\csu\sms\persistence\NotificationDao.class]
2025-07-03 00:05:54.156 [main] DEBUG org.mybatis.spring.mapper.ClassPathMapperScanner [] [] - Identified candidate component class: file [D:\student_system\target\classes\com\csu\sms\persistence\OperationLogMapper.class]
2025-07-03 00:05:54.156 [main] DEBUG org.mybatis.spring.mapper.ClassPathMapperScanner [] [] - Identified candidate component class: file [D:\student_system\target\classes\com\csu\sms\persistence\PostLikeDao.class]
2025-07-03 00:05:54.156 [main] DEBUG org.mybatis.spring.mapper.ClassPathMapperScanner [] [] - Identified candidate component class: file [D:\student_system\target\classes\com\csu\sms\persistence\PostReportDao.class]
2025-07-03 00:05:54.156 [main] DEBUG org.mybatis.spring.mapper.ClassPathMapperScanner [] [] - Identified candidate component class: file [D:\student_system\target\classes\com\csu\sms\persistence\QuestionMapper.class]
2025-07-03 00:05:54.157 [main] DEBUG org.mybatis.spring.mapper.ClassPathMapperScanner [] [] - Identified candidate component class: file [D:\student_system\target\classes\com\csu\sms\persistence\StudyRecordDao.class]
2025-07-03 00:05:54.157 [main] DEBUG org.mybatis.spring.mapper.ClassPathMapperScanner [] [] - Identified candidate component class: file [D:\student_system\target\classes\com\csu\sms\persistence\SystemLogMapper.class]
2025-07-03 00:05:54.157 [main] DEBUG org.mybatis.spring.mapper.ClassPathMapperScanner [] [] - Identified candidate component class: file [D:\student_system\target\classes\com\csu\sms\persistence\UserDao.class]
2025-07-03 00:05:54.159 [main] DEBUG org.mybatis.spring.mapper.ClassPathMapperScanner [] [] - Creating MapperFactoryBean with name 'commentLikeDao' and 'com.csu.sms.persistence.CommentLikeDao' mapperInterface
2025-07-03 00:05:54.162 [main] DEBUG org.mybatis.spring.mapper.ClassPathMapperScanner [] [] - Enabling autowire by type for MapperFactoryBean with name 'commentLikeDao'.
2025-07-03 00:05:54.163 [main] DEBUG org.mybatis.spring.mapper.ClassPathMapperScanner [] [] - Creating MapperFactoryBean with name 'courseDao' and 'com.csu.sms.persistence.CourseDao' mapperInterface
2025-07-03 00:05:54.163 [main] DEBUG org.mybatis.spring.mapper.ClassPathMapperScanner [] [] - Enabling autowire by type for MapperFactoryBean with name 'courseDao'.
2025-07-03 00:05:54.163 [main] DEBUG org.mybatis.spring.mapper.ClassPathMapperScanner [] [] - Creating MapperFactoryBean with name 'courseVideoDao' and 'com.csu.sms.persistence.CourseVideoDao' mapperInterface
2025-07-03 00:05:54.164 [main] DEBUG org.mybatis.spring.mapper.ClassPathMapperScanner [] [] - Enabling autowire by type for MapperFactoryBean with name 'courseVideoDao'.
2025-07-03 00:05:54.164 [main] DEBUG org.mybatis.spring.mapper.ClassPathMapperScanner [] [] - Creating MapperFactoryBean with name 'examBookingMapper' and 'com.csu.sms.persistence.ExamBookingMapper' mapperInterface
2025-07-03 00:05:54.164 [main] DEBUG org.mybatis.spring.mapper.ClassPathMapperScanner [] [] - Enabling autowire by type for MapperFactoryBean with name 'examBookingMapper'.
2025-07-03 00:05:54.165 [main] DEBUG org.mybatis.spring.mapper.ClassPathMapperScanner [] [] - Creating MapperFactoryBean with name 'examMapper' and 'com.csu.sms.persistence.ExamMapper' mapperInterface
2025-07-03 00:05:54.165 [main] DEBUG org.mybatis.spring.mapper.ClassPathMapperScanner [] [] - Enabling autowire by type for MapperFactoryBean with name 'examMapper'.
2025-07-03 00:05:54.165 [main] DEBUG org.mybatis.spring.mapper.ClassPathMapperScanner [] [] - Creating MapperFactoryBean with name 'experimentBookingMapper' and 'com.csu.sms.persistence.ExperimentBookingMapper' mapperInterface
2025-07-03 00:05:54.165 [main] DEBUG org.mybatis.spring.mapper.ClassPathMapperScanner [] [] - Enabling autowire by type for MapperFactoryBean with name 'experimentBookingMapper'.
2025-07-03 00:05:54.165 [main] DEBUG org.mybatis.spring.mapper.ClassPathMapperScanner [] [] - Creating MapperFactoryBean with name 'experimentMapper' and 'com.csu.sms.persistence.ExperimentMapper' mapperInterface
2025-07-03 00:05:54.166 [main] DEBUG org.mybatis.spring.mapper.ClassPathMapperScanner [] [] - Enabling autowire by type for MapperFactoryBean with name 'experimentMapper'.
2025-07-03 00:05:54.166 [main] DEBUG org.mybatis.spring.mapper.ClassPathMapperScanner [] [] - Creating MapperFactoryBean with name 'experimentRecordMapper' and 'com.csu.sms.persistence.ExperimentRecordMapper' mapperInterface
2025-07-03 00:05:54.167 [main] DEBUG org.mybatis.spring.mapper.ClassPathMapperScanner [] [] - Enabling autowire by type for MapperFactoryBean with name 'experimentRecordMapper'.
2025-07-03 00:05:54.167 [main] DEBUG org.mybatis.spring.mapper.ClassPathMapperScanner [] [] - Creating MapperFactoryBean with name 'experimentReportMapper' and 'com.csu.sms.persistence.ExperimentReportMapper' mapperInterface
2025-07-03 00:05:54.167 [main] DEBUG org.mybatis.spring.mapper.ClassPathMapperScanner [] [] - Enabling autowire by type for MapperFactoryBean with name 'experimentReportMapper'.
2025-07-03 00:05:54.167 [main] DEBUG org.mybatis.spring.mapper.ClassPathMapperScanner [] [] - Creating MapperFactoryBean with name 'forumCommentDao' and 'com.csu.sms.persistence.ForumCommentDao' mapperInterface
2025-07-03 00:05:54.168 [main] DEBUG org.mybatis.spring.mapper.ClassPathMapperScanner [] [] - Enabling autowire by type for MapperFactoryBean with name 'forumCommentDao'.
2025-07-03 00:05:54.168 [main] DEBUG org.mybatis.spring.mapper.ClassPathMapperScanner [] [] - Creating MapperFactoryBean with name 'forumPostDao' and 'com.csu.sms.persistence.ForumPostDao' mapperInterface
2025-07-03 00:05:54.168 [main] DEBUG org.mybatis.spring.mapper.ClassPathMapperScanner [] [] - Enabling autowire by type for MapperFactoryBean with name 'forumPostDao'.
2025-07-03 00:05:54.168 [main] DEBUG org.mybatis.spring.mapper.ClassPathMapperScanner [] [] - Creating MapperFactoryBean with name 'gradeAnalysisMapper' and 'com.csu.sms.persistence.GradeAnalysisMapper' mapperInterface
2025-07-03 00:05:54.169 [main] DEBUG org.mybatis.spring.mapper.ClassPathMapperScanner [] [] - Enabling autowire by type for MapperFactoryBean with name 'gradeAnalysisMapper'.
2025-07-03 00:05:54.169 [main] DEBUG org.mybatis.spring.mapper.ClassPathMapperScanner [] [] - Creating MapperFactoryBean with name 'homeworkMapper' and 'com.csu.sms.persistence.HomeworkMapper' mapperInterface
2025-07-03 00:05:54.169 [main] DEBUG org.mybatis.spring.mapper.ClassPathMapperScanner [] [] - Enabling autowire by type for MapperFactoryBean with name 'homeworkMapper'.
2025-07-03 00:05:54.169 [main] DEBUG org.mybatis.spring.mapper.ClassPathMapperScanner [] [] - Creating MapperFactoryBean with name 'knowledgeBaseMapper' and 'com.csu.sms.persistence.KnowledgeBaseMapper' mapperInterface
2025-07-03 00:05:54.170 [main] DEBUG org.mybatis.spring.mapper.ClassPathMapperScanner [] [] - Enabling autowire by type for MapperFactoryBean with name 'knowledgeBaseMapper'.
2025-07-03 00:05:54.170 [main] DEBUG org.mybatis.spring.mapper.ClassPathMapperScanner [] [] - Creating MapperFactoryBean with name 'noteMapper' and 'com.csu.sms.persistence.NoteMapper' mapperInterface
2025-07-03 00:05:54.170 [main] DEBUG org.mybatis.spring.mapper.ClassPathMapperScanner [] [] - Enabling autowire by type for MapperFactoryBean with name 'noteMapper'.
2025-07-03 00:05:54.170 [main] DEBUG org.mybatis.spring.mapper.ClassPathMapperScanner [] [] - Creating MapperFactoryBean with name 'notificationDao' and 'com.csu.sms.persistence.NotificationDao' mapperInterface
2025-07-03 00:05:54.171 [main] DEBUG org.mybatis.spring.mapper.ClassPathMapperScanner [] [] - Enabling autowire by type for MapperFactoryBean with name 'notificationDao'.
2025-07-03 00:05:54.171 [main] DEBUG org.mybatis.spring.mapper.ClassPathMapperScanner [] [] - Creating MapperFactoryBean with name 'operationLogMapper' and 'com.csu.sms.persistence.OperationLogMapper' mapperInterface
2025-07-03 00:05:54.171 [main] DEBUG org.mybatis.spring.mapper.ClassPathMapperScanner [] [] - Enabling autowire by type for MapperFactoryBean with name 'operationLogMapper'.
2025-07-03 00:05:54.171 [main] DEBUG org.mybatis.spring.mapper.ClassPathMapperScanner [] [] - Creating MapperFactoryBean with name 'postLikeDao' and 'com.csu.sms.persistence.PostLikeDao' mapperInterface
2025-07-03 00:05:54.171 [main] DEBUG org.mybatis.spring.mapper.ClassPathMapperScanner [] [] - Enabling autowire by type for MapperFactoryBean with name 'postLikeDao'.
2025-07-03 00:05:54.172 [main] DEBUG org.mybatis.spring.mapper.ClassPathMapperScanner [] [] - Creating MapperFactoryBean with name 'postReportDao' and 'com.csu.sms.persistence.PostReportDao' mapperInterface
2025-07-03 00:05:54.172 [main] DEBUG org.mybatis.spring.mapper.ClassPathMapperScanner [] [] - Enabling autowire by type for MapperFactoryBean with name 'postReportDao'.
2025-07-03 00:05:54.172 [main] DEBUG org.mybatis.spring.mapper.ClassPathMapperScanner [] [] - Creating MapperFactoryBean with name 'questionMapper' and 'com.csu.sms.persistence.QuestionMapper' mapperInterface
2025-07-03 00:05:54.173 [main] DEBUG org.mybatis.spring.mapper.ClassPathMapperScanner [] [] - Enabling autowire by type for MapperFactoryBean with name 'questionMapper'.
2025-07-03 00:05:54.173 [main] DEBUG org.mybatis.spring.mapper.ClassPathMapperScanner [] [] - Creating MapperFactoryBean with name 'studyRecordDao' and 'com.csu.sms.persistence.StudyRecordDao' mapperInterface
2025-07-03 00:05:54.173 [main] DEBUG org.mybatis.spring.mapper.ClassPathMapperScanner [] [] - Enabling autowire by type for MapperFactoryBean with name 'studyRecordDao'.
2025-07-03 00:05:54.173 [main] DEBUG org.mybatis.spring.mapper.ClassPathMapperScanner [] [] - Creating MapperFactoryBean with name 'systemLogMapper' and 'com.csu.sms.persistence.SystemLogMapper' mapperInterface
2025-07-03 00:05:54.174 [main] DEBUG org.mybatis.spring.mapper.ClassPathMapperScanner [] [] - Enabling autowire by type for MapperFactoryBean with name 'systemLogMapper'.
2025-07-03 00:05:54.174 [main] DEBUG org.mybatis.spring.mapper.ClassPathMapperScanner [] [] - Creating MapperFactoryBean with name 'userDao' and 'com.csu.sms.persistence.UserDao' mapperInterface
2025-07-03 00:05:54.174 [main] DEBUG org.mybatis.spring.mapper.ClassPathMapperScanner [] [] - Enabling autowire by type for MapperFactoryBean with name 'userDao'.
2025-07-03 00:05:54.958 [main] INFO  org.apache.coyote.http11.Http11NioProtocol [] [] - Initializing ProtocolHandler ["http-nio-8080"]
2025-07-03 00:05:54.960 [main] INFO  org.apache.catalina.core.StandardService [] [] - Starting service [Tomcat]
2025-07-03 00:05:54.960 [main] INFO  org.apache.catalina.core.StandardEngine [] [] - Starting Servlet engine: [Apache Tomcat/10.1.42]
2025-07-03 00:05:55.062 [main] INFO  o.a.c.core.ContainerBase.[Tomcat].[localhost].[/] [] [] - Initializing Spring embedded WebApplicationContext
2025-07-03 00:05:55.362 [main] DEBUG org.mybatis.spring.SqlSessionFactoryBean [] [] - Parsed mapper file: 'file [D:\student_system\target\classes\mappers\CommentLikeMapper.xml]'
2025-07-03 00:05:55.383 [main] DEBUG org.mybatis.spring.SqlSessionFactoryBean [] [] - Parsed mapper file: 'file [D:\student_system\target\classes\mappers\CourseMapper.xml]'
2025-07-03 00:05:55.394 [main] DEBUG org.mybatis.spring.SqlSessionFactoryBean [] [] - Parsed mapper file: 'file [D:\student_system\target\classes\mappers\CourseVideoMapper.xml]'
2025-07-03 00:05:55.441 [main] DEBUG org.mybatis.spring.SqlSessionFactoryBean [] [] - Parsed mapper file: 'file [D:\student_system\target\classes\mappers\ExamBookingMapper.xml]'
2025-07-03 00:05:55.472 [main] DEBUG org.mybatis.spring.SqlSessionFactoryBean [] [] - Parsed mapper file: 'file [D:\student_system\target\classes\mappers\ExamMapper.xml]'
2025-07-03 00:05:55.481 [main] DEBUG org.mybatis.spring.SqlSessionFactoryBean [] [] - Parsed mapper file: 'file [D:\student_system\target\classes\mappers\ForumCommentMapper.xml]'
2025-07-03 00:05:55.489 [main] DEBUG org.mybatis.spring.SqlSessionFactoryBean [] [] - Parsed mapper file: 'file [D:\student_system\target\classes\mappers\ForumPostMapper.xml]'
2025-07-03 00:05:55.506 [main] DEBUG org.mybatis.spring.SqlSessionFactoryBean [] [] - Parsed mapper file: 'file [D:\student_system\target\classes\mappers\GradeAnalysisMapper.xml]'
2025-07-03 00:05:55.528 [main] DEBUG org.mybatis.spring.SqlSessionFactoryBean [] [] - Parsed mapper file: 'file [D:\student_system\target\classes\mappers\HomeworkMapper.xml]'
2025-07-03 00:05:55.535 [main] DEBUG org.mybatis.spring.SqlSessionFactoryBean [] [] - Parsed mapper file: 'file [D:\student_system\target\classes\mappers\KnowledgeBaseMapper.xml]'
2025-07-03 00:05:55.540 [main] DEBUG org.mybatis.spring.SqlSessionFactoryBean [] [] - Parsed mapper file: 'file [D:\student_system\target\classes\mappers\NotificationMapper.xml]'
2025-07-03 00:05:55.546 [main] DEBUG org.mybatis.spring.SqlSessionFactoryBean [] [] - Parsed mapper file: 'file [D:\student_system\target\classes\mappers\OperationLogMapper.xml]'
2025-07-03 00:05:55.549 [main] DEBUG org.mybatis.spring.SqlSessionFactoryBean [] [] - Parsed mapper file: 'file [D:\student_system\target\classes\mappers\PostLikeMapper.xml]'
2025-07-03 00:05:55.553 [main] DEBUG org.mybatis.spring.SqlSessionFactoryBean [] [] - Parsed mapper file: 'file [D:\student_system\target\classes\mappers\PostReportMapper.xml]'
2025-07-03 00:05:55.566 [main] DEBUG org.mybatis.spring.SqlSessionFactoryBean [] [] - Parsed mapper file: 'file [D:\student_system\target\classes\mappers\QuestionMapper.xml]'
2025-07-03 00:05:55.571 [main] DEBUG org.mybatis.spring.SqlSessionFactoryBean [] [] - Parsed mapper file: 'file [D:\student_system\target\classes\mappers\StudyRecordMapper.xml]'
2025-07-03 00:05:55.576 [main] DEBUG org.mybatis.spring.SqlSessionFactoryBean [] [] - Parsed mapper file: 'file [D:\student_system\target\classes\mappers\SystemLogMapper.xml]'
2025-07-03 00:05:55.584 [main] DEBUG org.mybatis.spring.SqlSessionFactoryBean [] [] - Parsed mapper file: 'file [D:\student_system\target\classes\mappers\UserMapper.xml]'
2025-07-03 00:05:56.376 [main] INFO  com.csu.sms.service.impl.FileStorageServiceImpl [] [] - Initializing OSSClient...
2025-07-03 00:05:56.486 [main] INFO  com.csu.sms.service.impl.FileStorageServiceImpl [] [] - OSSClient initialized for bucket: students-sms
2025-07-03 00:05:56.523 [log-1] INFO  com.zaxxer.hikari.HikariDataSource [] [] - HikariPool-1 - Starting...
2025-07-03 00:05:56.804 [log-1] INFO  com.zaxxer.hikari.pool.HikariPool [] [] - HikariPool-1 - Added connection com.mysql.cj.jdbc.ConnectionImpl@5fbf193e
2025-07-03 00:05:56.807 [log-1] INFO  com.zaxxer.hikari.HikariDataSource [] [] - HikariPool-1 - Start completed.
2025-07-03 00:05:57.820 [main] INFO  org.apache.coyote.http11.Http11NioProtocol [] [] - Starting ProtocolHandler ["http-nio-8080"]
2025-07-03 00:05:57.847 [main] INFO  com.csu.sms.StudentSystemApplication [] [] - Started StudentSystemApplication in 5.456 seconds (process running for 6.365)
2025-07-03 00:05:57.850 [main] INFO  com.csu.sms.StudentSystemApplication [] [] - 系统启动日志已记录
2025-07-03 00:06:06.342 [http-nio-8080-exec-1] INFO  o.a.c.core.ContainerBase.[Tomcat].[localhost].[/] [] [] - Initializing Spring DispatcherServlet 'dispatcherServlet'
2025-07-03 00:06:49.400 [http-nio-8080-exec-9] INFO  com.csu.sms.controller.CodeExecutionController [] [] - 收到代码执行请求: className=Solution
2025-07-03 00:16:36.674 [SpringApplicationShutdownHook] INFO  com.csu.sms.service.impl.FileStorageServiceImpl [] [] - OSSClient shut down.
2025-07-03 00:16:36.681 [SpringApplicationShutdownHook] INFO  com.zaxxer.hikari.HikariDataSource [] [] - HikariPool-1 - Shutdown initiated...
2025-07-03 00:16:36.685 [SpringApplicationShutdownHook] INFO  com.zaxxer.hikari.HikariDataSource [] [] - HikariPool-1 - Shutdown completed.
2025-07-03 00:16:42.736 [background-preinit] INFO  org.hibernate.validator.internal.util.Version [] [] - HV000001: Hibernate Validator 8.0.1.Final
2025-07-03 00:16:42.780 [main] INFO  com.csu.sms.StudentSystemApplication [] [] - Starting StudentSystemApplication using Java 21.0.4 with PID 20044 (D:\student_system\target\classes started by 14281 in D:\student_system)
2025-07-03 00:16:42.780 [main] DEBUG com.csu.sms.StudentSystemApplication [] [] - Running with Spring Boot v3.5.3, Spring v6.2.8
2025-07-03 00:16:42.780 [main] INFO  com.csu.sms.StudentSystemApplication [] [] - The following 1 profile is active: "dev"
2025-07-03 00:16:44.023 [main] DEBUG org.mybatis.spring.mapper.ClassPathMapperScanner [] [] - Identified candidate component class: file [D:\student_system\target\classes\com\csu\sms\persistence\CommentLikeDao.class]
2025-07-03 00:16:44.023 [main] DEBUG org.mybatis.spring.mapper.ClassPathMapperScanner [] [] - Identified candidate component class: file [D:\student_system\target\classes\com\csu\sms\persistence\CourseDao.class]
2025-07-03 00:16:44.024 [main] DEBUG org.mybatis.spring.mapper.ClassPathMapperScanner [] [] - Identified candidate component class: file [D:\student_system\target\classes\com\csu\sms\persistence\CourseVideoDao.class]
2025-07-03 00:16:44.024 [main] DEBUG org.mybatis.spring.mapper.ClassPathMapperScanner [] [] - Identified candidate component class: file [D:\student_system\target\classes\com\csu\sms\persistence\ExamBookingMapper.class]
2025-07-03 00:16:44.024 [main] DEBUG org.mybatis.spring.mapper.ClassPathMapperScanner [] [] - Identified candidate component class: file [D:\student_system\target\classes\com\csu\sms\persistence\ExamMapper.class]
2025-07-03 00:16:44.024 [main] DEBUG org.mybatis.spring.mapper.ClassPathMapperScanner [] [] - Identified candidate component class: file [D:\student_system\target\classes\com\csu\sms\persistence\ExperimentBookingMapper.class]
2025-07-03 00:16:44.024 [main] DEBUG org.mybatis.spring.mapper.ClassPathMapperScanner [] [] - Identified candidate component class: file [D:\student_system\target\classes\com\csu\sms\persistence\ExperimentMapper.class]
2025-07-03 00:16:44.024 [main] DEBUG org.mybatis.spring.mapper.ClassPathMapperScanner [] [] - Identified candidate component class: file [D:\student_system\target\classes\com\csu\sms\persistence\ExperimentRecordMapper.class]
2025-07-03 00:16:44.024 [main] DEBUG org.mybatis.spring.mapper.ClassPathMapperScanner [] [] - Identified candidate component class: file [D:\student_system\target\classes\com\csu\sms\persistence\ExperimentReportMapper.class]
2025-07-03 00:16:44.024 [main] DEBUG org.mybatis.spring.mapper.ClassPathMapperScanner [] [] - Identified candidate component class: file [D:\student_system\target\classes\com\csu\sms\persistence\ForumCommentDao.class]
2025-07-03 00:16:44.024 [main] DEBUG org.mybatis.spring.mapper.ClassPathMapperScanner [] [] - Identified candidate component class: file [D:\student_system\target\classes\com\csu\sms\persistence\ForumPostDao.class]
2025-07-03 00:16:44.024 [main] DEBUG org.mybatis.spring.mapper.ClassPathMapperScanner [] [] - Identified candidate component class: file [D:\student_system\target\classes\com\csu\sms\persistence\GradeAnalysisMapper.class]
2025-07-03 00:16:44.024 [main] DEBUG org.mybatis.spring.mapper.ClassPathMapperScanner [] [] - Identified candidate component class: file [D:\student_system\target\classes\com\csu\sms\persistence\HomeworkMapper.class]
2025-07-03 00:16:44.024 [main] DEBUG org.mybatis.spring.mapper.ClassPathMapperScanner [] [] - Identified candidate component class: file [D:\student_system\target\classes\com\csu\sms\persistence\KnowledgeBaseMapper.class]
2025-07-03 00:16:44.024 [main] DEBUG org.mybatis.spring.mapper.ClassPathMapperScanner [] [] - Identified candidate component class: file [D:\student_system\target\classes\com\csu\sms\persistence\NoteMapper.class]
2025-07-03 00:16:44.024 [main] DEBUG org.mybatis.spring.mapper.ClassPathMapperScanner [] [] - Identified candidate component class: file [D:\student_system\target\classes\com\csu\sms\persistence\NotificationDao.class]
2025-07-03 00:16:44.025 [main] DEBUG org.mybatis.spring.mapper.ClassPathMapperScanner [] [] - Identified candidate component class: file [D:\student_system\target\classes\com\csu\sms\persistence\OperationLogMapper.class]
2025-07-03 00:16:44.025 [main] DEBUG org.mybatis.spring.mapper.ClassPathMapperScanner [] [] - Identified candidate component class: file [D:\student_system\target\classes\com\csu\sms\persistence\PostLikeDao.class]
2025-07-03 00:16:44.025 [main] DEBUG org.mybatis.spring.mapper.ClassPathMapperScanner [] [] - Identified candidate component class: file [D:\student_system\target\classes\com\csu\sms\persistence\PostReportDao.class]
2025-07-03 00:16:44.025 [main] DEBUG org.mybatis.spring.mapper.ClassPathMapperScanner [] [] - Identified candidate component class: file [D:\student_system\target\classes\com\csu\sms\persistence\QuestionMapper.class]
2025-07-03 00:16:44.025 [main] DEBUG org.mybatis.spring.mapper.ClassPathMapperScanner [] [] - Identified candidate component class: file [D:\student_system\target\classes\com\csu\sms\persistence\StudyRecordDao.class]
2025-07-03 00:16:44.025 [main] DEBUG org.mybatis.spring.mapper.ClassPathMapperScanner [] [] - Identified candidate component class: file [D:\student_system\target\classes\com\csu\sms\persistence\SystemLogMapper.class]
2025-07-03 00:16:44.025 [main] DEBUG org.mybatis.spring.mapper.ClassPathMapperScanner [] [] - Identified candidate component class: file [D:\student_system\target\classes\com\csu\sms\persistence\UserDao.class]
2025-07-03 00:16:44.027 [main] DEBUG org.mybatis.spring.mapper.ClassPathMapperScanner [] [] - Creating MapperFactoryBean with name 'commentLikeDao' and 'com.csu.sms.persistence.CommentLikeDao' mapperInterface
2025-07-03 00:16:44.029 [main] DEBUG org.mybatis.spring.mapper.ClassPathMapperScanner [] [] - Enabling autowire by type for MapperFactoryBean with name 'commentLikeDao'.
2025-07-03 00:16:44.029 [main] DEBUG org.mybatis.spring.mapper.ClassPathMapperScanner [] [] - Creating MapperFactoryBean with name 'courseDao' and 'com.csu.sms.persistence.CourseDao' mapperInterface
2025-07-03 00:16:44.029 [main] DEBUG org.mybatis.spring.mapper.ClassPathMapperScanner [] [] - Enabling autowire by type for MapperFactoryBean with name 'courseDao'.
2025-07-03 00:16:44.030 [main] DEBUG org.mybatis.spring.mapper.ClassPathMapperScanner [] [] - Creating MapperFactoryBean with name 'courseVideoDao' and 'com.csu.sms.persistence.CourseVideoDao' mapperInterface
2025-07-03 00:16:44.031 [main] DEBUG org.mybatis.spring.mapper.ClassPathMapperScanner [] [] - Enabling autowire by type for MapperFactoryBean with name 'courseVideoDao'.
2025-07-03 00:16:44.031 [main] DEBUG org.mybatis.spring.mapper.ClassPathMapperScanner [] [] - Creating MapperFactoryBean with name 'examBookingMapper' and 'com.csu.sms.persistence.ExamBookingMapper' mapperInterface
2025-07-03 00:16:44.032 [main] DEBUG org.mybatis.spring.mapper.ClassPathMapperScanner [] [] - Enabling autowire by type for MapperFactoryBean with name 'examBookingMapper'.
2025-07-03 00:16:44.032 [main] DEBUG org.mybatis.spring.mapper.ClassPathMapperScanner [] [] - Creating MapperFactoryBean with name 'examMapper' and 'com.csu.sms.persistence.ExamMapper' mapperInterface
2025-07-03 00:16:44.032 [main] DEBUG org.mybatis.spring.mapper.ClassPathMapperScanner [] [] - Enabling autowire by type for MapperFactoryBean with name 'examMapper'.
2025-07-03 00:16:44.032 [main] DEBUG org.mybatis.spring.mapper.ClassPathMapperScanner [] [] - Creating MapperFactoryBean with name 'experimentBookingMapper' and 'com.csu.sms.persistence.ExperimentBookingMapper' mapperInterface
2025-07-03 00:16:44.033 [main] DEBUG org.mybatis.spring.mapper.ClassPathMapperScanner [] [] - Enabling autowire by type for MapperFactoryBean with name 'experimentBookingMapper'.
2025-07-03 00:16:44.033 [main] DEBUG org.mybatis.spring.mapper.ClassPathMapperScanner [] [] - Creating MapperFactoryBean with name 'experimentMapper' and 'com.csu.sms.persistence.ExperimentMapper' mapperInterface
2025-07-03 00:16:44.033 [main] DEBUG org.mybatis.spring.mapper.ClassPathMapperScanner [] [] - Enabling autowire by type for MapperFactoryBean with name 'experimentMapper'.
2025-07-03 00:16:44.033 [main] DEBUG org.mybatis.spring.mapper.ClassPathMapperScanner [] [] - Creating MapperFactoryBean with name 'experimentRecordMapper' and 'com.csu.sms.persistence.ExperimentRecordMapper' mapperInterface
2025-07-03 00:16:44.034 [main] DEBUG org.mybatis.spring.mapper.ClassPathMapperScanner [] [] - Enabling autowire by type for MapperFactoryBean with name 'experimentRecordMapper'.
2025-07-03 00:16:44.034 [main] DEBUG org.mybatis.spring.mapper.ClassPathMapperScanner [] [] - Creating MapperFactoryBean with name 'experimentReportMapper' and 'com.csu.sms.persistence.ExperimentReportMapper' mapperInterface
2025-07-03 00:16:44.035 [main] DEBUG org.mybatis.spring.mapper.ClassPathMapperScanner [] [] - Enabling autowire by type for MapperFactoryBean with name 'experimentReportMapper'.
2025-07-03 00:16:44.035 [main] DEBUG org.mybatis.spring.mapper.ClassPathMapperScanner [] [] - Creating MapperFactoryBean with name 'forumCommentDao' and 'com.csu.sms.persistence.ForumCommentDao' mapperInterface
2025-07-03 00:16:44.035 [main] DEBUG org.mybatis.spring.mapper.ClassPathMapperScanner [] [] - Enabling autowire by type for MapperFactoryBean with name 'forumCommentDao'.
2025-07-03 00:16:44.035 [main] DEBUG org.mybatis.spring.mapper.ClassPathMapperScanner [] [] - Creating MapperFactoryBean with name 'forumPostDao' and 'com.csu.sms.persistence.ForumPostDao' mapperInterface
2025-07-03 00:16:44.036 [main] DEBUG org.mybatis.spring.mapper.ClassPathMapperScanner [] [] - Enabling autowire by type for MapperFactoryBean with name 'forumPostDao'.
2025-07-03 00:16:44.036 [main] DEBUG org.mybatis.spring.mapper.ClassPathMapperScanner [] [] - Creating MapperFactoryBean with name 'gradeAnalysisMapper' and 'com.csu.sms.persistence.GradeAnalysisMapper' mapperInterface
2025-07-03 00:16:44.036 [main] DEBUG org.mybatis.spring.mapper.ClassPathMapperScanner [] [] - Enabling autowire by type for MapperFactoryBean with name 'gradeAnalysisMapper'.
2025-07-03 00:16:44.036 [main] DEBUG org.mybatis.spring.mapper.ClassPathMapperScanner [] [] - Creating MapperFactoryBean with name 'homeworkMapper' and 'com.csu.sms.persistence.HomeworkMapper' mapperInterface
2025-07-03 00:16:44.037 [main] DEBUG org.mybatis.spring.mapper.ClassPathMapperScanner [] [] - Enabling autowire by type for MapperFactoryBean with name 'homeworkMapper'.
2025-07-03 00:16:44.037 [main] DEBUG org.mybatis.spring.mapper.ClassPathMapperScanner [] [] - Creating MapperFactoryBean with name 'knowledgeBaseMapper' and 'com.csu.sms.persistence.KnowledgeBaseMapper' mapperInterface
2025-07-03 00:16:44.037 [main] DEBUG org.mybatis.spring.mapper.ClassPathMapperScanner [] [] - Enabling autowire by type for MapperFactoryBean with name 'knowledgeBaseMapper'.
2025-07-03 00:16:44.038 [main] DEBUG org.mybatis.spring.mapper.ClassPathMapperScanner [] [] - Creating MapperFactoryBean with name 'noteMapper' and 'com.csu.sms.persistence.NoteMapper' mapperInterface
2025-07-03 00:16:44.038 [main] DEBUG org.mybatis.spring.mapper.ClassPathMapperScanner [] [] - Enabling autowire by type for MapperFactoryBean with name 'noteMapper'.
2025-07-03 00:16:44.038 [main] DEBUG org.mybatis.spring.mapper.ClassPathMapperScanner [] [] - Creating MapperFactoryBean with name 'notificationDao' and 'com.csu.sms.persistence.NotificationDao' mapperInterface
2025-07-03 00:16:44.038 [main] DEBUG org.mybatis.spring.mapper.ClassPathMapperScanner [] [] - Enabling autowire by type for MapperFactoryBean with name 'notificationDao'.
2025-07-03 00:16:44.038 [main] DEBUG org.mybatis.spring.mapper.ClassPathMapperScanner [] [] - Creating MapperFactoryBean with name 'operationLogMapper' and 'com.csu.sms.persistence.OperationLogMapper' mapperInterface
2025-07-03 00:16:44.039 [main] DEBUG org.mybatis.spring.mapper.ClassPathMapperScanner [] [] - Enabling autowire by type for MapperFactoryBean with name 'operationLogMapper'.
2025-07-03 00:16:44.039 [main] DEBUG org.mybatis.spring.mapper.ClassPathMapperScanner [] [] - Creating MapperFactoryBean with name 'postLikeDao' and 'com.csu.sms.persistence.PostLikeDao' mapperInterface
2025-07-03 00:16:44.039 [main] DEBUG org.mybatis.spring.mapper.ClassPathMapperScanner [] [] - Enabling autowire by type for MapperFactoryBean with name 'postLikeDao'.
2025-07-03 00:16:44.039 [main] DEBUG org.mybatis.spring.mapper.ClassPathMapperScanner [] [] - Creating MapperFactoryBean with name 'postReportDao' and 'com.csu.sms.persistence.PostReportDao' mapperInterface
2025-07-03 00:16:44.041 [main] DEBUG org.mybatis.spring.mapper.ClassPathMapperScanner [] [] - Enabling autowire by type for MapperFactoryBean with name 'postReportDao'.
2025-07-03 00:16:44.041 [main] DEBUG org.mybatis.spring.mapper.ClassPathMapperScanner [] [] - Creating MapperFactoryBean with name 'questionMapper' and 'com.csu.sms.persistence.QuestionMapper' mapperInterface
2025-07-03 00:16:44.041 [main] DEBUG org.mybatis.spring.mapper.ClassPathMapperScanner [] [] - Enabling autowire by type for MapperFactoryBean with name 'questionMapper'.
2025-07-03 00:16:44.042 [main] DEBUG org.mybatis.spring.mapper.ClassPathMapperScanner [] [] - Creating MapperFactoryBean with name 'studyRecordDao' and 'com.csu.sms.persistence.StudyRecordDao' mapperInterface
2025-07-03 00:16:44.042 [main] DEBUG org.mybatis.spring.mapper.ClassPathMapperScanner [] [] - Enabling autowire by type for MapperFactoryBean with name 'studyRecordDao'.
2025-07-03 00:16:44.042 [main] DEBUG org.mybatis.spring.mapper.ClassPathMapperScanner [] [] - Creating MapperFactoryBean with name 'systemLogMapper' and 'com.csu.sms.persistence.SystemLogMapper' mapperInterface
2025-07-03 00:16:44.043 [main] DEBUG org.mybatis.spring.mapper.ClassPathMapperScanner [] [] - Enabling autowire by type for MapperFactoryBean with name 'systemLogMapper'.
2025-07-03 00:16:44.043 [main] DEBUG org.mybatis.spring.mapper.ClassPathMapperScanner [] [] - Creating MapperFactoryBean with name 'userDao' and 'com.csu.sms.persistence.UserDao' mapperInterface
2025-07-03 00:16:44.043 [main] DEBUG org.mybatis.spring.mapper.ClassPathMapperScanner [] [] - Enabling autowire by type for MapperFactoryBean with name 'userDao'.
2025-07-03 00:16:44.833 [main] INFO  org.apache.coyote.http11.Http11NioProtocol [] [] - Initializing ProtocolHandler ["http-nio-8080"]
2025-07-03 00:16:44.833 [main] INFO  org.apache.catalina.core.StandardService [] [] - Starting service [Tomcat]
2025-07-03 00:16:44.833 [main] INFO  org.apache.catalina.core.StandardEngine [] [] - Starting Servlet engine: [Apache Tomcat/10.1.42]
2025-07-03 00:16:44.933 [main] INFO  o.a.c.core.ContainerBase.[Tomcat].[localhost].[/] [] [] - Initializing Spring embedded WebApplicationContext
2025-07-03 00:16:45.221 [main] DEBUG org.mybatis.spring.SqlSessionFactoryBean [] [] - Parsed mapper file: 'file [D:\student_system\target\classes\mappers\CommentLikeMapper.xml]'
2025-07-03 00:16:45.239 [main] DEBUG org.mybatis.spring.SqlSessionFactoryBean [] [] - Parsed mapper file: 'file [D:\student_system\target\classes\mappers\CourseMapper.xml]'
2025-07-03 00:16:45.254 [main] DEBUG org.mybatis.spring.SqlSessionFactoryBean [] [] - Parsed mapper file: 'file [D:\student_system\target\classes\mappers\CourseVideoMapper.xml]'
2025-07-03 00:16:45.305 [main] DEBUG org.mybatis.spring.SqlSessionFactoryBean [] [] - Parsed mapper file: 'file [D:\student_system\target\classes\mappers\ExamBookingMapper.xml]'
2025-07-03 00:16:45.337 [main] DEBUG org.mybatis.spring.SqlSessionFactoryBean [] [] - Parsed mapper file: 'file [D:\student_system\target\classes\mappers\ExamMapper.xml]'
2025-07-03 00:16:45.345 [main] DEBUG org.mybatis.spring.SqlSessionFactoryBean [] [] - Parsed mapper file: 'file [D:\student_system\target\classes\mappers\ForumCommentMapper.xml]'
2025-07-03 00:16:45.352 [main] DEBUG org.mybatis.spring.SqlSessionFactoryBean [] [] - Parsed mapper file: 'file [D:\student_system\target\classes\mappers\ForumPostMapper.xml]'
2025-07-03 00:16:45.371 [main] DEBUG org.mybatis.spring.SqlSessionFactoryBean [] [] - Parsed mapper file: 'file [D:\student_system\target\classes\mappers\GradeAnalysisMapper.xml]'
2025-07-03 00:16:45.391 [main] DEBUG org.mybatis.spring.SqlSessionFactoryBean [] [] - Parsed mapper file: 'file [D:\student_system\target\classes\mappers\HomeworkMapper.xml]'
2025-07-03 00:16:45.398 [main] DEBUG org.mybatis.spring.SqlSessionFactoryBean [] [] - Parsed mapper file: 'file [D:\student_system\target\classes\mappers\KnowledgeBaseMapper.xml]'
2025-07-03 00:16:45.403 [main] DEBUG org.mybatis.spring.SqlSessionFactoryBean [] [] - Parsed mapper file: 'file [D:\student_system\target\classes\mappers\NotificationMapper.xml]'
2025-07-03 00:16:45.410 [main] DEBUG org.mybatis.spring.SqlSessionFactoryBean [] [] - Parsed mapper file: 'file [D:\student_system\target\classes\mappers\OperationLogMapper.xml]'
2025-07-03 00:16:45.413 [main] DEBUG org.mybatis.spring.SqlSessionFactoryBean [] [] - Parsed mapper file: 'file [D:\student_system\target\classes\mappers\PostLikeMapper.xml]'
2025-07-03 00:16:45.416 [main] DEBUG org.mybatis.spring.SqlSessionFactoryBean [] [] - Parsed mapper file: 'file [D:\student_system\target\classes\mappers\PostReportMapper.xml]'
2025-07-03 00:16:45.430 [main] DEBUG org.mybatis.spring.SqlSessionFactoryBean [] [] - Parsed mapper file: 'file [D:\student_system\target\classes\mappers\QuestionMapper.xml]'
2025-07-03 00:16:45.434 [main] DEBUG org.mybatis.spring.SqlSessionFactoryBean [] [] - Parsed mapper file: 'file [D:\student_system\target\classes\mappers\StudyRecordMapper.xml]'
2025-07-03 00:16:45.438 [main] DEBUG org.mybatis.spring.SqlSessionFactoryBean [] [] - Parsed mapper file: 'file [D:\student_system\target\classes\mappers\SystemLogMapper.xml]'
2025-07-03 00:16:45.446 [main] DEBUG org.mybatis.spring.SqlSessionFactoryBean [] [] - Parsed mapper file: 'file [D:\student_system\target\classes\mappers\UserMapper.xml]'
2025-07-03 00:16:46.215 [main] INFO  com.csu.sms.service.impl.FileStorageServiceImpl [] [] - Initializing OSSClient...
2025-07-03 00:16:46.334 [main] INFO  com.csu.sms.service.impl.FileStorageServiceImpl [] [] - OSSClient initialized for bucket: students-sms
2025-07-03 00:16:46.384 [log-1] INFO  com.zaxxer.hikari.HikariDataSource [] [] - HikariPool-1 - Starting...
2025-07-03 00:16:46.710 [log-1] INFO  com.zaxxer.hikari.pool.HikariPool [] [] - HikariPool-1 - Added connection com.mysql.cj.jdbc.ConnectionImpl@129ac6a9
2025-07-03 00:16:46.712 [log-1] INFO  com.zaxxer.hikari.HikariDataSource [] [] - HikariPool-1 - Start completed.
2025-07-03 00:16:47.679 [main] INFO  org.apache.coyote.http11.Http11NioProtocol [] [] - Starting ProtocolHandler ["http-nio-8080"]
2025-07-03 00:16:47.710 [main] INFO  com.csu.sms.StudentSystemApplication [] [] - Started StudentSystemApplication in 5.551 seconds (process running for 6.642)
2025-07-03 00:16:47.713 [main] INFO  com.csu.sms.StudentSystemApplication [] [] - 系统启动日志已记录
2025-07-03 00:20:20.324 [http-nio-8080-exec-1] INFO  o.a.c.core.ContainerBase.[Tomcat].[localhost].[/] [] [] - Initializing Spring DispatcherServlet 'dispatcherServlet'
2025-07-03 00:20:50.959 [http-nio-8080-exec-9] INFO  com.csu.sms.controller.CodeExecutionController [] [] - 收到代码执行请求: className=Solution, language=java
2025-07-03 00:23:15.951 [http-nio-8080-exec-4] INFO  com.csu.sms.controller.CodeExecutionController [] [] - 收到代码执行请求: className=Solution, language=null
2025-07-03 00:24:37.237 [http-nio-8080-exec-4] INFO  com.csu.sms.controller.CodeExecutionController [] [] - 收到代码执行请求: className=Solution, language=java
2025-07-03 00:25:07.531 [http-nio-8080-exec-6] INFO  com.csu.sms.controller.CodeExecutionController [] [] - 收到代码执行请求: className=Solution, language=java
2025-07-03 00:56:00.234 [http-nio-8080-exec-4] INFO  com.csu.sms.controller.CodeExecutionController [] [] - 收到代码执行请求: className=Solution, language=java
2025-07-03 01:08:09.756 [http-nio-8080-exec-3] INFO  com.csu.sms.controller.CodeExecutionController [] [] - 收到代码执行请求: className=Solution, language=java
2025-07-03 01:16:33.756 [SpringApplicationShutdownHook] INFO  com.csu.sms.service.impl.FileStorageServiceImpl [] [] - OSSClient shut down.
2025-07-03 01:16:33.764 [SpringApplicationShutdownHook] INFO  com.zaxxer.hikari.HikariDataSource [] [] - HikariPool-1 - Shutdown initiated...
2025-07-03 01:16:33.766 [SpringApplicationShutdownHook] INFO  com.zaxxer.hikari.HikariDataSource [] [] - HikariPool-1 - Shutdown completed.
